

HostID:(18)Start Hunting Date:201907/17/!
--------------------------------------------------


Dec+0041_arcdrift+23.4_1-M01_0001.fil
Dec+0041_arcdrift+23.4_2-M08_0001.fil
Dec+0041_arcdrift+23.4_2-M17_0001.fil
Dec+0041_arcdrift+23.4_1-M05_0001.fil
Dec+0041_arcdrift+23.4_1-M14_0001.fil
Dec+0041_arcdrift+23.4_1-M03_0001.fil
Dec+0041_arcdrift+23.4_1-M12_0001.fil
Dec+0041_arcdrift+23.4_2-M19_0001.fil
Dec+0041_arcdrift+23.4_1-M07_0001.fil
Dec+0041_arcdrift+23.4_1-M16_0001.fil
Dec+0041_arcdrift+23.4_2-M10_0001.fil
Dec+0041_arcdrift+23.4_1-M02_0001.fil
Dec+0041_arcdrift+23.4_2-M18_0001.fil
Dec+0041_arcdrift+23.4_2-M14_0001.fil
Dec+0041_arcdrift+23.4_1-M06_0001.fil
Dec+0041_arcdrift+23.4_1-M13_0001.fil
Dec+0041_arcdrift+23.4_1-M04_0001.fil
Dec+0041_arcdrift+23.4_2-M16_0001.fil
Dec+0041_arcdrift+23.4_2-M07_0001.fil
Dec+0041_arcdrift+23.4_1-M17_0002.fil
Dec+0041_arcdrift+23.4_1-M08_0002.fil
Dec+0041_arcdrift+23.4_2-M12_0002.fil
Dec+0041_arcdrift+23.4_2-M03_0002.fil
Dec+0041_arcdrift+23.4_2-M10_0002.fil
Dec+0041_arcdrift+23.4_1-M02_0002.fil
Dec+0041_arcdrift+23.4_2-M18_0002.fil
Dec+0041_arcdrift+23.4_2-M09_0002.fil
Dec+0041_arcdrift+23.4_2-M14_0002.fil
Dec+0041_arcdrift+23.4_1-M06_0002.fil
Dec+0041_arcdrift+23.4_1-M10_0002.fil
Dec+0041_arcdrift+23.4_2-M08_0002.fil
Dec+0041_arcdrift+23.4_2-M17_0002.fil
Dec+0041_arcdrift+23.4_1-M05_0002.fil
Dec+0041_arcdrift+23.4_1-M14_0002.fil
Dec+0041_arcdrift+23.4_1-M03_0002.fil
Dec+0041_arcdrift+23.4_1-M12_0002.fil
Dec+0041_arcdrift+23.4_1-M07_0002.fil
Dec+0041_arcdrift+23.4_1-M16_0002.fil
Dec+0041_arcdrift+23.4_2-M06_0003.fil
Dec+0041_arcdrift+23.4_2-M15_0003.fil
Dec+0041_arcdrift+23.4_1-M03_0003.fil
Dec+0041_arcdrift+23.4_1-M12_0003.fil
Dec+0041_arcdrift+23.4_2-M19_0003.fil
Dec+0041_arcdrift+23.4_1-M10_0003.fil
Dec+0041_arcdrift+23.4_1-M09_0003.fil
Dec+0041_arcdrift+23.4_1-M18_0003.fil
Dec+0041_arcdrift+23.4_2-M04_0003.fil
Dec+0041_arcdrift+23.4_2-M13_0003.fil
Dec+0041_arcdrift+23.4_1-M17_0003.fil
Dec+0041_arcdrift+23.4_1-M08_0003.fil
Dec+0041_arcdrift+23.4_2-M12_0003.fil
Dec+0041_arcdrift+23.4_2-M03_0003.fil
Dec+0041_arcdrift+23.4_2-M10_0003.fil
Dec+0041_arcdrift+23.4_1-M02_0003.fil
Dec+0041_arcdrift+23.4_2-M18_0003.fil
Dec+0041_arcdrift+23.4_2-M14_0003.fil
Dec+0041_arcdrift+23.4_1-M06_0003.fil
Dec+0041_arcdrift+23.4_1-M15_0004.fil
Dec+0041_arcdrift+23.4_2-M05_0004.fil
Dec+0041_arcdrift+23.4_2-M10_0004.fil
Dec+0041_arcdrift+23.4_1-M02_0004.fil
Dec+0041_arcdrift+23.4_2-M18_0004.fil
Dec+0041_arcdrift+23.4_2-M09_0004.fil
Dec+0041_arcdrift+23.4_2-M16_0004.fil
Dec+0041_arcdrift+23.4_2-M07_0004.fil
Dec+0041_arcdrift+23.4_1-M13_0004.fil
Dec+0041_arcdrift+23.4_1-M04_0004.fil
Dec+0041_arcdrift+23.4_2-M06_0004.fil
Dec+0041_arcdrift+23.4_2-M15_0004.fil
Dec+0041_arcdrift+23.4_1-M03_0004.fil
Dec+0041_arcdrift+23.4_1-M12_0004.fil
Dec+0041_arcdrift+23.4_1-M01_0004.fil
Dec+0041_arcdrift+23.4_1-M09_0004.fil
Dec+0041_arcdrift+23.4_1-M18_0004.fil
Dec+0041_arcdrift+23.4_2-M04_0004.fil
Dec+0041_arcdrift+23.4_2-M13_0004.fil
Dec+0041_arcdrift+23.4_1-M05_0005.fil
Dec+0041_arcdrift+23.4_1-M14_0005.fil
Dec+0041_arcdrift+23.4_1-M01_0005.fil
Dec+0041_arcdrift+23.4_2-M08_0005.fil
Dec+0041_arcdrift+23.4_2-M17_0005.fil
Dec+0041_arcdrift+23.4_2-M06_0005.fil
Dec+0041_arcdrift+23.4_2-M15_0005.fil
Dec+0041_arcdrift+23.4_1-M03_0005.fil
Dec+0041_arcdrift+23.4_1-M12_0005.fil
Dec+0041_arcdrift+23.4_2-M19_0005.fil
Dec+0041_arcdrift+23.4_1-M15_0005.fil
Dec+0041_arcdrift+23.4_2-M05_0005.fil
Dec+0041_arcdrift+23.4_2-M10_0005.fil
Dec+0041_arcdrift+23.4_1-M02_0005.fil
Dec+0041_arcdrift+23.4_2-M18_0005.fil
Dec+0041_arcdrift+23.4_2-M16_0005.fil
Dec+0041_arcdrift+23.4_2-M07_0005.fil
Dec+0041_arcdrift+23.4_1-M13_0005.fil
Dec+0041_arcdrift+23.4_1-M04_0005.fil
Dec+0041_arcdrift+23.4_2-M12_0006.fil
Dec+0041_arcdrift+23.4_2-M03_0006.fil
Dec+0041_arcdrift+23.4_1-M17_0006.fil
Dec+0041_arcdrift+23.4_1-M08_0006.fil
Dec+0041_arcdrift+23.4_1-M15_0006.fil
Dec+0041_arcdrift+23.4_2-M05_0006.fil
Dec+0041_arcdrift+23.4_2-M10_0006.fil
Dec+0041_arcdrift+23.4_1-M02_0006.fil
Dec+0041_arcdrift+23.4_2-M18_0006.fil
Dec+0041_arcdrift+23.4_2-M09_0006.fil
Dec+0041_arcdrift+23.4_1-M05_0006.fil
Dec+0041_arcdrift+23.4_1-M14_0006.fil
Dec+0041_arcdrift+23.4_1-M10_0006.fil
Dec+0041_arcdrift+23.4_2-M08_0006.fil
Dec+0041_arcdrift+23.4_2-M17_0006.fil
Dec+0041_arcdrift+23.4_2-M06_0006.fil
Dec+0041_arcdrift+23.4_2-M15_0006.fil
Dec+0041_arcdrift+23.4_1-M03_0006.fil
Dec+0041_arcdrift+23.4_1-M12_0006.fil
Dec+0041_arcdrift+23.4_2-M19_0007.fil
Dec+0041_arcdrift+23.4_2-M02_0007.fil
Dec+0041_arcdrift+23.4_2-M11_0007.fil
Dec+0041_arcdrift+23.4_1-M07_0007.fil
Dec+0041_arcdrift+23.4_1-M16_0007.fil
Dec+0041_arcdrift+23.4_2-M04_0007.fil
Dec+0041_arcdrift+23.4_2-M13_0007.fil
Dec+0041_arcdrift+23.4_1-M10_0007.fil
Dec+0041_arcdrift+23.4_1-M09_0007.fil
Dec+0041_arcdrift+23.4_1-M18_0007.fil
Dec+0041_arcdrift+23.4_2-M12_0007.fil
Dec+0041_arcdrift+23.4_2-M03_0007.fil
Dec+0041_arcdrift+23.4_1-M17_0007.fil
Dec+0041_arcdrift+23.4_1-M08_0007.fil
Dec+0041_arcdrift+23.4_1-M15_0007.fil
Dec+0041_arcdrift+23.4_2-M05_0007.fil
Dec+0041_arcdrift+23.4_2-M10_0007.fil
Dec+0041_arcdrift+23.4_1-M02_0007.fil
Dec+0041_arcdrift+23.4_2-M18_0007.fil
Dec+0041_arcdrift+23.4_2-M09_0008.fil
Dec+0041_arcdrift+23.4_1-M19_0008.fil
Dec+0041_arcdrift+23.4_1-M11_0008.fil
Dec+0041_arcdrift+23.4_2-M01_0008.fil
Dec+0041_arcdrift+23.4_2-M14_0008.fil
Dec+0041_arcdrift+23.4_1-M06_0008.fil
Dec+0041_arcdrift+23.4_1-M13_0008.fil
Dec+0041_arcdrift+23.4_1-M04_0008.fil
Dec+0041_arcdrift+23.4_2-M16_0008.fil
Dec+0041_arcdrift+23.4_2-M07_0008.fil
Dec+0041_arcdrift+23.4_2-M02_0008.fil
Dec+0041_arcdrift+23.4_2-M11_0008.fil
Dec+0041_arcdrift+23.4_1-M07_0008.fil
Dec+0041_arcdrift+23.4_1-M16_0008.fil
Dec+0041_arcdrift+23.4_2-M04_0008.fil
Dec+0041_arcdrift+23.4_2-M13_0008.fil
Dec+0041_arcdrift+23.4_1-M01_0008.fil
Dec+0041_arcdrift+23.4_1-M09_0008.fil
Dec+0041_arcdrift+23.4_1-M18_0008.fil
Dec+0041_arcdrift+23.4_1-M18_0009.fil
Dec+0041_arcdrift+23.4_2-M08_0009.fil
Dec+0041_arcdrift+23.4_1-M01_0009.fil
Dec+0041_arcdrift+23.4_1-M05_0009.fil
Dec+0041_arcdrift+23.4_1-M14_0009.fil
Dec+0041_arcdrift+23.4_2-M19_0009.fil
Dec+0041_arcdrift+23.4_2-M02_0009.fil
Dec+0041_arcdrift+23.4_2-M11_0009.fil
Dec+0041_arcdrift+23.4_1-M07_0009.fil
Dec+0041_arcdrift+23.4_1-M16_0009.fil
Dec+0041_arcdrift+23.4_1-M19_0009.fil
Dec+0041_arcdrift+23.4_1-M11_0009.fil
Dec+0041_arcdrift+23.4_2-M01_0009.fil
Dec+0041_arcdrift+23.4_2-M14_0009.fil
Dec+0041_arcdrift+23.4_1-M06_0009.fil
Dec+0041_arcdrift+23.4_1-M13_0009.fil
Dec+0041_arcdrift+23.4_1-M04_0009.fil
Dec+0041_arcdrift+23.4_2-M16_0009.fil
Dec+0041_arcdrift+23.4_2-M07_0009.fil
Dec+0041_arcdrift+23.4_1-M10_0010.fil
Dec+0041_arcdrift+23.4_1-M18_0010.fil
Dec+0041_arcdrift+23.4_2-M08_0010.fil
Dec+0041_arcdrift+23.4_2-M13_0010.fil
Dec+0041_arcdrift+23.4_1-M05_0010.fil
Dec+0041_arcdrift+23.4_1-M12_0010.fil
Dec+0041_arcdrift+23.4_1-M03_0010.fil
Dec+0041_arcdrift+23.4_2-M19_0010.fil
Dec+0041_arcdrift+23.4_1-M16_0010.fil
Dec+0041_arcdrift+23.4_1-M07_0010.fil
Dec+0041_arcdrift+23.4_2-M01_0010.fil
Dec+0041_arcdrift+23.4_2-M10_0010.fil
Dec+0041_arcdrift+23.4_1-M19_0010.fil
Dec+0041_arcdrift+23.4_2-M05_0010.fil
Dec+0041_arcdrift+23.4_2-M14_0010.fil
Dec+0041_arcdrift+23.4_1-M04_0010.fil
Dec+0041_arcdrift+23.4_1-M13_0010.fil
Dec+0041_arcdrift+23.4_2-M07_0010.fil
Dec+0041_arcdrift+23.4_2-M16_0010.fil
Dec+0041_arcdrift+23.4_1-M08_0011.fil
Dec+0041_arcdrift+23.4_1-M17_0011.fil
Dec+0041_arcdrift+23.4_2-M03_0011.fil
Dec+0041_arcdrift+23.4_2-M12_0011.fil
Dec+0041_arcdrift+23.4_2-M01_0011.fil
Dec+0041_arcdrift+23.4_2-M10_0011.fil
Dec+0041_arcdrift+23.4_2-M09_0011.fil
Dec+0041_arcdrift+23.4_1-M19_0011.fil
Dec+0041_arcdrift+23.4_2-M05_0011.fil
Dec+0041_arcdrift+23.4_2-M14_0011.fil
Dec+0041_arcdrift+23.4_1-M01_0011.fil
Dec+0041_arcdrift+23.4_1-M18_0011.fil
Dec+0041_arcdrift+23.4_2-M08_0011.fil
Dec+0041_arcdrift+23.4_2-M13_0011.fil
Dec+0041_arcdrift+23.4_1-M05_0011.fil
Dec+0041_arcdrift+23.4_1-M12_0011.fil
Dec+0041_arcdrift+23.4_1-M03_0011.fil
Dec+0041_arcdrift+23.4_1-M16_0011.fil
Dec+0041_arcdrift+23.4_1-M07_0011.fil
Dec+0041_arcdrift+23.4_2-M15_0012.fil
Dec+0041_arcdrift+23.4_2-M06_0012.fil
Dec+0041_arcdrift+23.4_1-M12_0012.fil
Dec+0041_arcdrift+23.4_1-M03_0012.fil
Dec+0041_arcdrift+23.4_2-M19_0012.fil
Dec+0041_arcdrift+23.4_1-M01_0012.fil
Dec+0041_arcdrift+23.4_2-M17_0012.fil
Dec+0041_arcdrift+23.4_1-M09_0012.fil
Dec+0041_arcdrift+23.4_1-M14_0012.fil
Dec+0041_arcdrift+23.4_2-M04_0012.fil
Dec+0041_arcdrift+23.4_1-M08_0012.fil
Dec+0041_arcdrift+23.4_1-M17_0012.fil
Dec+0041_arcdrift+23.4_2-M03_0012.fil
Dec+0041_arcdrift+23.4_2-M12_0012.fil
Dec+0041_arcdrift+23.4_2-M01_0012.fil
Dec+0041_arcdrift+23.4_2-M10_0012.fil
Dec+0041_arcdrift+23.4_1-M19_0012.fil
Dec+0041_arcdrift+23.4_2-M05_0012.fil
Dec+0041_arcdrift+23.4_2-M14_0012.fil
Dec+0041_arcdrift+23.4_1-M06_0013.fil
Dec+0041_arcdrift+23.4_1-M15_0013.fil
Dec+0041_arcdrift+23.4_2-M01_0013.fil
Dec+0041_arcdrift+23.4_2-M10_0013.fil
Dec+0041_arcdrift+23.4_2-M09_0013.fil
Dec+0041_arcdrift+23.4_1-M19_0013.fil
Dec+0041_arcdrift+23.4_2-M07_0013.fil
Dec+0041_arcdrift+23.4_2-M16_0013.fil
Dec+0041_arcdrift+23.4_1-M04_0013.fil
Dec+0041_arcdrift+23.4_1-M13_0013.fil
Dec+0041_arcdrift+23.4_2-M15_0013.fil
Dec+0041_arcdrift+23.4_2-M06_0013.fil
Dec+0041_arcdrift+23.4_1-M12_0013.fil
Dec+0041_arcdrift+23.4_1-M03_0013.fil
Dec+0041_arcdrift+23.4_1-M10_0013.fil
Dec+0041_arcdrift+23.4_2-M17_0013.fil
Dec+0041_arcdrift+23.4_1-M09_0013.fil
Dec+0041_arcdrift+23.4_1-M14_0013.fil
Dec+0041_arcdrift+23.4_2-M04_0013.fil
Dec+0041_arcdrift+23.4_2-M13_0014.fil
Dec+0041_arcdrift+23.4_1-M05_0014.fil
Dec+0041_arcdrift+23.4_1-M10_0014.fil
Dec+0041_arcdrift+23.4_1-M18_0014.fil
Dec+0041_arcdrift+23.4_2-M08_0014.fil
Dec+0041_arcdrift+23.4_2-M15_0014.fil
Dec+0041_arcdrift+23.4_2-M06_0014.fil
Dec+0041_arcdrift+23.4_1-M12_0014.fil
Dec+0041_arcdrift+23.4_1-M03_0014.fil
Dec+0041_arcdrift+23.4_2-M19_0014.fil
Dec+0041_arcdrift+23.4_1-M06_0014.fil
Dec+0041_arcdrift+23.4_1-M15_0014.fil
Dec+0041_arcdrift+23.4_2-M01_0014.fil
Dec+0041_arcdrift+23.4_2-M10_0014.fil
Dec+0041_arcdrift+23.4_1-M19_0014.fil
Dec+0041_arcdrift+23.4_2-M07_0014.fil
Dec+0041_arcdrift+23.4_2-M16_0014.fil
Dec+0041_arcdrift+23.4_1-M04_0014.fil
Dec+0041_arcdrift+23.4_1-M13_0014.fil
Dec+0041_arcdrift+23.4_2-M03_0015.fil
Dec+0041_arcdrift+23.4_2-M12_0015.fil
Dec+0041_arcdrift+23.4_1-M08_0015.fil
Dec+0041_arcdrift+23.4_1-M17_0015.fil
Dec+0041_arcdrift+23.4_1-M06_0015.fil
Dec+0041_arcdrift+23.4_1-M15_0015.fil
Dec+0041_arcdrift+23.4_2-M01_0015.fil
Dec+0041_arcdrift+23.4_2-M10_0015.fil
Dec+0041_arcdrift+23.4_2-M09_0015.fil
Dec+0041_arcdrift+23.4_1-M19_0015.fil
Dec+0041_arcdrift+23.4_2-M13_0015.fil
Dec+0041_arcdrift+23.4_1-M05_0015.fil
Dec+0041_arcdrift+23.4_1-M01_0015.fil
Dec+0041_arcdrift+23.4_1-M18_0015.fil
Dec+0041_arcdrift+23.4_2-M08_0015.fil
Dec+0041_arcdrift+23.4_2-M15_0015.fil
Dec+0041_arcdrift+23.4_2-M06_0015.fil
Dec+0041_arcdrift+23.4_1-M12_0015.fil
Dec+0041_arcdrift+23.4_1-M03_0015.fil
Dec+0041_arcdrift+23.4_2-M19_0016.fil
Dec+0041_arcdrift+23.4_2-M11_0016.fil
Dec+0041_arcdrift+23.4_2-M02_0016.fil
Dec+0041_arcdrift+23.4_1-M16_0016.fil
Dec+0041_arcdrift+23.4_1-M07_0016.fil
Dec+0041_arcdrift+23.4_1-M14_0016.fil
Dec+0041_arcdrift+23.4_2-M04_0016.fil
Dec+0041_arcdrift+23.4_1-M01_0016.fil
Dec+0041_arcdrift+23.4_2-M17_0016.fil
Dec+0041_arcdrift+23.4_1-M09_0016.fil
Dec+0041_arcdrift+23.4_2-M03_0016.fil
Dec+0041_arcdrift+23.4_2-M12_0016.fil
Dec+0041_arcdrift+23.4_1-M08_0016.fil
Dec+0041_arcdrift+23.4_1-M17_0016.fil
Dec+0041_arcdrift+23.4_1-M06_0016.fil
Dec+0041_arcdrift+23.4_1-M15_0016.fil
Dec+0041_arcdrift+23.4_2-M01_0016.fil
Dec+0041_arcdrift+23.4_2-M10_0016.fil
Dec+0041_arcdrift+23.4_1-M19_0016.fil
Dec+0041_arcdrift+23.4_2-M18_0017.fil


HostID:(18)Start Hunting Date:201907/17/!
--------------------------------------------------


Dec+0041_arcdrift+23.4_1-M01_0001.fil
Dec+0041_arcdrift+23.4_1-M10_0001.fil
Dec+0041_arcdrift+23.4_1-M09_0001.fil
Dec+0041_arcdrift+23.4_2-M08_0001.fil


HostID:(18)Start Hunting Date:201907/17/!
--------------------------------------------------


Dec+0041_arcdrift+23.4_1-M01_0001.fil
Dec+0041_arcdrift+23.4_2-M08_0001.fil


HostID:(18)Start Hunting Date:201907/17/!
--------------------------------------------------


Dec+0041_arcdrift+23.4_1-M01_0001.fil
Dec+0041_arcdrift+23.4_1-M10_0001.fil
Dec+0041_arcdrift+23.4_2-M08_0001.fil
Dec+0041_arcdrift+23.4_1-M09_0001.fil
Dec+0041_arcdrift+23.4_2-M17_0001.fil
Dec+0041_arcdrift+23.4_1-M18_0001.fil
Dec+0041_arcdrift+23.4_1-M05_0001.fil
Dec+0041_arcdrift+23.4_2-M04_0001.fil
Dec+0041_arcdrift+23.4_1-M14_0001.fil
Dec+0041_arcdrift+23.4_2-M13_0001.fil
Dec+0041_arcdrift+23.4_1-M03_0001.fil
Dec+0041_arcdrift+23.4_2-M02_0001.fil
Dec+0041_arcdrift+23.4_1-M12_0001.fil
Dec+0041_arcdrift+23.4_2-M11_0001.fil
Dec+0041_arcdrift+23.4_2-M19_0001.fil
Dec+0041_arcdrift+23.4_2-M06_0001.fil
Dec+0041_arcdrift+23.4_1-M07_0001.fil
Dec+0041_arcdrift+23.4_2-M15_0001.fil
Dec+0041_arcdrift+23.4_1-M16_0001.fil
Dec+0041_arcdrift+23.4_1-M11_0001.fil
Dec+0041_arcdrift+23.4_2-M10_0001.fil
Dec+0041_arcdrift+23.4_2-M01_0001.fil
Dec+0041_arcdrift+23.4_1-M02_0001.fil
Dec+0041_arcdrift+23.4_1-M19_0001.fil
Dec+0041_arcdrift+23.4_2-M18_0001.fil
Dec+0041_arcdrift+23.4_2-M09_0001.fil
Dec+0041_arcdrift+23.4_2-M14_0001.fil
Dec+0041_arcdrift+23.4_1-M15_0001.fil
Dec+0041_arcdrift+23.4_1-M06_0001.fil
Dec+0041_arcdrift+23.4_2-M05_0001.fil
Dec+0041_arcdrift+23.4_1-M13_0001.fil
Dec+0041_arcdrift+23.4_2-M12_0001.fil
Dec+0041_arcdrift+23.4_1-M04_0001.fil
Dec+0041_arcdrift+23.4_2-M03_0001.fil
Dec+0041_arcdrift+23.4_2-M16_0001.fil
Dec+0041_arcdrift+23.4_1-M17_0001.fil
Dec+0041_arcdrift+23.4_2-M07_0001.fil
Dec+0041_arcdrift+23.4_1-M08_0001.fil
Dec+0041_arcdrift+23.4_1-M17_0002.fil
Dec+0041_arcdrift+23.4_2-M16_0002.fil
Dec+0041_arcdrift+23.4_1-M08_0002.fil
Dec+0041_arcdrift+23.4_2-M07_0002.fil
Dec+0041_arcdrift+23.4_2-M12_0002.fil
Dec+0041_arcdrift+23.4_1-M13_0002.fil
Dec+0041_arcdrift+23.4_2-M03_0002.fil
Dec+0041_arcdrift+23.4_1-M04_0002.fil
Dec+0041_arcdrift+23.4_2-M10_0002.fil
Dec+0041_arcdrift+23.4_1-M11_0002.fil
Dec+0041_arcdrift+23.4_1-M02_0002.fil
Dec+0041_arcdrift+23.4_2-M01_0002.fil
Dec+0041_arcdrift+23.4_2-M18_0002.fil
Dec+0041_arcdrift+23.4_1-M19_0002.fil
Dec+0041_arcdrift+23.4_2-M09_0002.fil
Dec+0041_arcdrift+23.4_1-M15_0002.fil
Dec+0041_arcdrift+23.4_2-M14_0002.fil
Dec+0041_arcdrift+23.4_2-M05_0002.fil
Dec+0041_arcdrift+23.4_1-M06_0002.fil
Dec+0041_arcdrift+23.4_1-M01_0002.fil
Dec+0041_arcdrift+23.4_1-M10_0002.fil
Dec+0041_arcdrift+23.4_1-M09_0002.fil
Dec+0041_arcdrift+23.4_2-M08_0002.fil
Dec+0041_arcdrift+23.4_1-M18_0002.fil
Dec+0041_arcdrift+23.4_2-M04_0002.fil
Dec+0041_arcdrift+23.4_2-M17_0002.fil


HostID:(18)Start Hunting Date:201907/16/!
--------------------------------------------------


Dec+0019_arcdrift-M15_0001.fil
Dec-0002_arcdrift+23.4-M02_0001.fil
Dec-0002_arcdrift+23.4_1-M02_0001.fil
Dec-0002_arcdrift+23.4_1-M11_0001.fil
Dec+0019_arcdrift-M11_0001.fil


HostID:(18)Start Hunting Date:201907/16/!
--------------------------------------------------


Dec+0019_arcdrift-M15_0001.fil
Dec-0002_arcdrift+23.4-M02_0001.fil
Dec-0002_arcdrift+23.4_1-M02_0001.fil
Dec+0019_arcdrift-M11_0001.fil
Dec-0002_arcdrift+23.4_1-M11_0001.fil
Dec+0019_arcdrift-M19_0001.fil
Dec-0002_arcdrift+23.4_2-M09_0001.fil
Dec+0019_arcdrift-M08_0001.fil
Dec-0002_arcdrift+23.4_1-M19_0001.fil
Dec+0019_arcdrift-M04_0001.fil
Dec-0002_arcdrift+23.4-M06_0001.fil
Dec+0019_arcdrift-M16_0001.fil
Dec-0002_arcdrift+23.4_2-M05_0001.fil
Dec+0019_arcdrift-M12_0001.fil
Dec+0019_arcdrift-M10_0001.fil
Dec-0002_arcdrift+23.4_2-M14_0001.fil


HostID:(18)Start Hunting Date:201907/15/!
--------------------------------------------------


Dec-0002_arcdrift+23.4-M11_0001.fil
Dec-0002_arcdrift+23.4-M02_0001.fil
Dec-0002_arcdrift+23.4_2-M01_0001.fil
Dec-0002_arcdrift+23.4_1-M02_0001.fil
Dec-0002_arcdrift+23.4_2-M10_0001.fil
Dec-0002_arcdrift+23.4_1-M11_0001.fil
Dec-0002_arcdrift+23.4-M19_0001.fil
Dec-0002_arcdrift+23.4_2-M09_0001.fil
Dec-0002_arcdrift+23.4_2-M18_0001.fil
Dec-0002_arcdrift+23.4_1-M19_0001.fil
Dec-0002_arcdrift+23.4-M15_0001.fil
Dec-0002_arcdrift+23.4_1-M06_0001.fil
Dec-0002_arcdrift+23.4-M06_0001.fil
Dec-0002_arcdrift+23.4_1-M15_0001.fil
