

HostID:(18)Start Hunting Date:201906/18/!
--------------------------------------------------


Dec-0818_arcdrift+0_0001.fil
Dec-0818_arcdrift_0001.fil
Dec-0818_arcdrift_0002.fil
Dec-0818_arcdrift+0_0002.fil
Dec-0818_arcdrift+0_0003.fil
Dec-0818_arcdrift_0003.fil
Dec-0818_arcdrift_0004.fil
Dec-0818_arcdrift+0_0004.fil
Dec-0818_arcdrift+0_0005.fil
Dec-0818_arcdrift_0005.fil
Dec-0818_arcdrift_0006.fil
Dec-0818_arcdrift+0_0006.fil
Dec-0818_arcdrift+0_0007.fil
Dec-0818_arcdrift_0007.fil
Dec-0818_arcdrift_0008.fil
Dec-0818_arcdrift+0_0008.fil
Dec-0818_arcdrift+0_0009.fil
Dec-0818_arcdrift_0009.fil
Dec-0818_arcdrift+0_0010.fil
Dec-0818_arcdrift_0011.fil
Dec-0818_arcdrift_0010.fil
Dec-0818_arcdrift+0_0011.fil
Dec-0818_arcdrift+0_0012.fil
Dec-0818_arcdrift_0012.fil
Dec-0818_arcdrift_0013.fil
Dec-0818_arcdrift+0_0013.fil
Dec-0818_arcdrift+0_0014.fil
Dec-0818_arcdrift_0014.fil
Dec-0818_arcdrift_0015.fil
Dec-0818_arcdrift+0_0016.fil
Dec-0818_arcdrift+0_0015.fil
Dec-0818_arcdrift_0017.fil
Dec-0818_arcdrift_0016.fil
Dec-0818_arcdrift+0_0018.fil
Dec-0818_arcdrift+0_0017.fil
Dec-0818_arcdrift_0019.fil
Dec-0818_arcdrift_0018.fil
Dec-0818_arcdrift+0_0019.fil
Dec-0818_arcdrift_0020.fil
Dec-0818_arcdrift+0_0021.fil
Dec-0818_arcdrift+0_0020.fil
Dec-0818_arcdrift_0021.fil
Dec-0818_arcdrift_0022.fil
Dec-0818_arcdrift+0_0022.fil
Dec-0818_arcdrift+0_0023.fil
Dec-0818_arcdrift_0023.fil
Dec-0818_arcdrift_0024.fil
Dec-0818_arcdrift+0_0024.fil
Dec-0818_arcdrift+0_0025.fil
Dec-0818_arcdrift_0026.fil
Dec-0818_arcdrift_0025.fil
Dec-0818_arcdrift+0_0026.fil
Dec-0818_arcdrift+0_0027.fil
Dec-0818_arcdrift_0027.fil
Dec-0818_arcdrift_0028.fil
Dec-0818_arcdrift+0_0028.fil
Dec-0818_arcdrift+0_0029.fil
Dec-0818_arcdrift_0029.fil
Dec-0818_arcdrift+0_0030.fil
Dec-0818_arcdrift_0030.fil
Dec-0818_arcdrift_0031.fil
Dec-0818_arcdrift+0_0031.fil
Dec-0818_arcdrift+0_0032.fil
Dec-0818_arcdrift_0032.fil
Dec-0818_arcdrift_0033.fil
Dec-0818_arcdrift+0_0033.fil
Dec-0818_arcdrift+0_0034.fil
Dec-0818_arcdrift_0035.fil
Dec-0818_arcdrift_0034.fil
Dec-0818_arcdrift+0_0036.fil
Dec-0818_arcdrift+0_0035.fil
Dec-0818_arcdrift_0037.fil
Dec-0818_arcdrift_0036.fil
Dec-0818_arcdrift+0_0038.fil
Dec-0818_arcdrift+0_0037.fil
Dec-0818_arcdrift_0039.fil
Dec-0818_arcdrift_0038.fil
Dec-0818_arcdrift_0040.fil
Dec-0818_arcdrift+0_0039.fil
Dec-0818_arcdrift+0_0041.fil
Dec-0818_arcdrift+0_0040.fil
Dec-0818_arcdrift_0042.fil
Dec-0818_arcdrift_0041.fil
Dec-0818_arcdrift+0_0043.fil
Dec-0818_arcdrift+0_0042.fil
Dec-0818_arcdrift_0044.fil
Dec-0818_arcdrift_0043.fil
Dec-0818_arcdrift+0_0045.fil
Dec-0818_arcdrift+0_0044.fil
Dec-0818_arcdrift_0046.fil
Dec-0818_arcdrift_0045.fil
Dec-0818_arcdrift+0_0047.fil
Dec-0818_arcdrift+0_0046.fil
Dec-0818_arcdrift_0048.fil
Dec-0818_arcdrift_0047.fil
Dec-0818_arcdrift+0_0049.fil
Dec-0818_arcdrift+0_0048.fil
Dec-0818_arcdrift+0_0050.fil
Dec-0818_arcdrift_0049.fil
Dec-0818_arcdrift_0051.fil
Dec-0818_arcdrift_0050.fil
Dec-0818_arcdrift+0_0052.fil
Dec-0818_arcdrift+0_0051.fil
Dec-0818_arcdrift_0053.fil
Dec-0818_arcdrift_0052.fil
Dec-0818_arcdrift+0_0054.fil
Dec-0818_arcdrift+0_0053.fil
Dec-0818_arcdrift_0055.fil
Dec-0818_arcdrift_0054.fil
Dec-0818_arcdrift+0_0056.fil
Dec-0818_arcdrift+0_0055.fil
Dec-0818_arcdrift_0057.fil
Dec-0818_arcdrift_0056.fil
Dec-0818_arcdrift+0_0058.fil
Dec-0818_arcdrift+0_0057.fil
Dec-0818_arcdrift_0059.fil
Dec-0818_arcdrift_0058.fil
Dec-0818_arcdrift_0060.fil
Dec-0818_arcdrift+0_0059.fil
Dec-0818_arcdrift+0_0061.fil
Dec-0818_arcdrift+0_0060.fil
Dec-0818_arcdrift_0062.fil
Dec-0818_arcdrift_0061.fil
Dec-0818_arcdrift+0_0063.fil
Dec-0818_arcdrift+0_0062.fil
Dec-0818_arcdrift_0064.fil
Dec-0818_arcdrift_0063.fil
Dec-0818_arcdrift+0_0065.fil
Dec-0818_arcdrift+0_0064.fil
Dec-0818_arcdrift_0066.fil
Dec-0818_arcdrift_0065.fil
Dec-0818_arcdrift+0_0067.fil
Dec-0818_arcdrift+0_0066.fil
Dec-0818_arcdrift_0068.fil
Dec-0818_arcdrift_0067.fil
Dec-0818_arcdrift+0_0069.fil
Dec-0818_arcdrift+0_0068.fil
Dec-0818_arcdrift+0_0070.fil
Dec-0818_arcdrift_0069.fil
Dec-0818_arcdrift_0071.fil
Dec-0818_arcdrift_0070.fil
Dec-0818_arcdrift+0_0072.fil
Dec-0818_arcdrift+0_0071.fil
Dec-0818_arcdrift_0073.fil
Dec-0818_arcdrift+0_0074.fil
Dec-0818_arcdrift_0072.fil
Dec-0818_arcdrift_0075.fil
Dec-0818_arcdrift+0_0073.fil
Dec-0818_arcdrift+0_0076.fil
Dec-0818_arcdrift_0074.fil
Dec-0818_arcdrift_0077.fil
Dec-0818_arcdrift+0_0075.fil
Dec-0818_arcdrift+0_0078.fil
Dec-0818_arcdrift_0076.fil
Dec-0818_arcdrift_0079.fil
Dec-0818_arcdrift+0_0077.fil
Dec-0818_arcdrift_0080.fil
Dec-0818_arcdrift_0078.fil
Dec-0818_arcdrift+0_0081.fil
Dec-0818_arcdrift+0_0079.fil
Dec-0818_arcdrift_0082.fil
Dec-0818_arcdrift+0_0080.fil
Dec-0818_arcdrift+0_0083.fil
Dec-0818_arcdrift_0081.fil
Dec-0818_arcdrift_0084.fil
Dec-0818_arcdrift+0_0082.fil
Dec-0818_arcdrift+0_0085.fil
Dec-0818_arcdrift_0083.fil
Dec-0818_arcdrift_0086.fil
Dec-0818_arcdrift+0_0084.fil
Dec-0818_arcdrift+0_0087.fil
Dec-0818_arcdrift_0085.fil
Dec-0818_arcdrift_0088.fil
Dec-0818_arcdrift+0_0086.fil
Dec-0818_arcdrift+0_0089.fil
Dec-0818_arcdrift_0087.fil
Dec-0818_arcdrift+0_0090.fil
Dec-0818_arcdrift+0_0088.fil
Dec-0818_arcdrift_0091.fil
Dec-0818_arcdrift_0089.fil
Dec-0818_arcdrift+0_0092.fil
Dec-0818_arcdrift_0090.fil
Dec-0818_arcdrift_0093.fil
Dec-0818_arcdrift+0_0091.fil
Dec-0818_arcdrift+0_0094.fil
Dec-0818_arcdrift_0092.fil
Dec-0818_arcdrift_0095.fil
Dec-0818_arcdrift+0_0093.fil
Dec-0818_arcdrift+0_0096.fil
Dec-0818_arcdrift_0094.fil
Dec-0818_arcdrift_0097.fil
Dec-0818_arcdrift+0_0095.fil
Dec-0818_arcdrift+0_0098.fil
Dec-0818_arcdrift_0096.fil
Dec-0818_arcdrift+0_0097.fil
Dec-0818_arcdrift_0099.fil
Dec-0818_arcdrift_0098.fil
Dec-0818_arcdrift+0_0100.fil
Dec-0818_arcdrift+0_0099.fil
Dec-0818_arcdrift_0101.fil
Dec-0818_arcdrift_0100.fil
Dec-0818_arcdrift+0_0102.fil
Dec-0818_arcdrift+0_0101.fil
Dec-0818_arcdrift_0103.fil
Dec-0818_arcdrift_0102.fil
Dec-0818_arcdrift+0_0104.fil
Dec-0818_arcdrift+0_0103.fil
Dec-0818_arcdrift_0105.fil
Dec-0818_arcdrift_0104.fil
Dec-0818_arcdrift+0_0106.fil
Dec-0818_arcdrift+0_0105.fil
Dec-0818_arcdrift_0107.fil
Dec-0818_arcdrift_0106.fil
Dec-0818_arcdrift+0_0108.fil
Dec-0818_arcdrift+0_0107.fil
Dec-0818_arcdrift_0109.fil
Dec-0818_arcdrift_0108.fil
Dec-0818_arcdrift_0110.fil
Dec-0818_arcdrift+0_0109.fil
Dec-0818_arcdrift+0_0111.fil
Dec-0818_arcdrift+0_0110.fil
Dec-0818_arcdrift_0112.fil
Dec-0818_arcdrift_0111.fil
Dec-0818_arcdrift+0_0113.fil
Dec-0818_arcdrift+0_0112.fil
Dec-0818_arcdrift_0114.fil
Dec-0818_arcdrift_0113.fil
Dec-0818_arcdrift+0_0115.fil
Dec-0818_arcdrift+0_0114.fil
Dec-0818_arcdrift_0116.fil
Dec-0818_arcdrift_0115.fil
Dec-0818_arcdrift+0_0117.fil
Dec-0818_arcdrift+0_0116.fil
Dec-0818_arcdrift_0118.fil
Dec-0818_arcdrift_0117.fil
Dec-0818_arcdrift+0_0118.fil
Dec-0818_arcdrift+0_0119.fil
Dec-0818_arcdrift_0119.fil
Dec-0818_arcdrift+0_0120.fil
Dec-0818_arcdrift_0120.fil
Dec-0818_arcdrift_0121.fil
Dec-0818_arcdrift+0_0121.fil
Dec-0818_arcdrift+0_0122.fil
Dec-0818_arcdrift_0122.fil
Dec-0818_arcdrift_0123.fil
Dec-0818_arcdrift+0_0123.fil
Dec-0818_arcdrift+0_0124.fil
Dec-0818_arcdrift_0124.fil
Dec-0818_arcdrift_0125.fil
Dec-0818_arcdrift+0_0125.fil
Dec-0818_arcdrift+0_0126.fil
Dec-0818_arcdrift_0126.fil
Dec-0818_arcdrift_0127.fil
Dec-0818_arcdrift+0_0127.fil
Dec-0818_arcdrift+0_0128.fil
Dec-0818_arcdrift_0128.fil
Dec-0818_arcdrift_0129.fil
Dec-0818_arcdrift+0_0129.fil
Dec-0818_arcdrift_0130.fil
Dec-0818_arcdrift+0_0130.fil
Dec-0818_arcdrift+0_0131.fil
Dec-0818_arcdrift_0131.fil
Dec-0818_arcdrift_0132.fil
Dec-0818_arcdrift+0_0132.fil
Dec-0818_arcdrift+0_0133.fil
Dec-0818_arcdrift_0133.fil
Dec-0818_arcdrift+0_0134.fil
Dec-0818_arcdrift_0134.fil
Dec-0818_arcdrift_0135.fil
Dec-0818_arcdrift+0_0135.fil
Dec-0818_arcdrift+0_0136.fil
Dec-0818_arcdrift_0136.fil
Dec-0818_arcdrift_0137.fil
Dec-0818_arcdrift+0_0137.fil
Dec-0818_arcdrift+0_0138.fil
Dec-0818_arcdrift_0138.fil
Dec-0818_arcdrift_0139.fil
Dec-0818_arcdrift+0_0139.fil
Dec-0818_arcdrift_0140.fil
Dec-0818_arcdrift+0_0140.fil
Dec-0818_arcdrift+0_0141.fil
Dec-0818_arcdrift_0141.fil
Dec-0818_arcdrift_0142.fil
Dec-0818_arcdrift+0_0142.fil
Dec-0818_arcdrift+0_0143.fil
Dec-0818_arcdrift_0143.fil
Dec-0818_arcdrift_0144.fil
Dec-0818_arcdrift+0_0144.fil
Dec-0818_arcdrift+0_0145.fil
Dec-0818_arcdrift_0145.fil
Dec-0818_arcdrift_0146.fil
Dec-0818_arcdrift+0_0146.fil
Dec-0818_arcdrift+0_0147.fil
Dec-0818_arcdrift_0148.fil
Dec-0818_arcdrift_0147.fil
Dec-0818_arcdrift+0_0149.fil
Dec-0818_arcdrift+0_0148.fil
Dec-0818_arcdrift+0_0150.fil
Dec-0818_arcdrift_0149.fil
Dec-0818_arcdrift_0151.fil
Dec-0818_arcdrift_0150.fil
Dec-0818_arcdrift+0_0152.fil
Dec-0818_arcdrift+0_0151.fil
Dec-0818_arcdrift_0153.fil
Dec-0818_arcdrift_0152.fil
Dec-0818_arcdrift+0_0154.fil
Dec-0818_arcdrift+0_0153.fil
Dec-0818_arcdrift_0155.fil
Dec-0818_arcdrift_0154.fil
Dec-0818_arcdrift+0_0156.fil
Dec-0818_arcdrift+0_0155.fil
Dec-0818_arcdrift_0157.fil
Dec-0818_arcdrift_0156.fil
Dec-0818_arcdrift+0_0158.fil
Dec-0818_arcdrift+0_0157.fil
Dec-0818_arcdrift_0159.fil
Dec-0818_arcdrift_0158.fil
Dec-0818_arcdrift_0160.fil
Dec-0818_arcdrift+0_0159.fil
Dec-0818_arcdrift+0_0161.fil
Dec-0818_arcdrift+0_0160.fil
Dec-0818_arcdrift_0162.fil
Dec-0818_arcdrift_0161.fil
Dec-0818_arcdrift+0_0163.fil
Dec-0818_arcdrift+0_0162.fil
Dec-0818_arcdrift_0164.fil
Dec-0818_arcdrift_0163.fil
Dec-0818_arcdrift+0_0165.fil
Dec-0818_arcdrift+0_0164.fil
Dec-0818_arcdrift_0166.fil
Dec-0818_arcdrift_0165.fil
Dec-0818_arcdrift+0_0167.fil
Dec-0818_arcdrift+0_0166.fil
Dec-0818_arcdrift_0168.fil
Dec-0818_arcdrift_0167.fil
Dec-0818_arcdrift+0_0169.fil
Dec-0818_arcdrift+0_0168.fil
Dec-0818_arcdrift+0_0170.fil
Dec-0818_arcdrift_0169.fil
Dec-0818_arcdrift_0171.fil
Dec-0818_arcdrift_0170.fil
Dec-0818_arcdrift+0_0172.fil
Dec-0818_arcdrift+0_0171.fil
Dec-0818_arcdrift_0173.fil
Dec-0818_arcdrift_0172.fil
Dec-0818_arcdrift+0_0174.fil
Dec-0818_arcdrift+0_0173.fil
Dec-0818_arcdrift_0175.fil
Dec-0818_arcdrift_0174.fil
Dec-0818_arcdrift+0_0176.fil
Dec-0818_arcdrift+0_0175.fil
Dec-0818_arcdrift_0177.fil
Dec-0818_arcdrift_0176.fil
Dec-0818_arcdrift+0_0178.fil
Dec-0818_arcdrift+0_0177.fil
Dec-0818_arcdrift_0179.fil
Dec-0818_arcdrift_0178.fil
Dec-0818_arcdrift_0180.fil
Dec-0818_arcdrift+0_0179.fil
Dec-0818_arcdrift+0_0181.fil
Dec-0818_arcdrift+0_0180.fil
Dec-0818_arcdrift_0182.fil
Dec-0818_arcdrift_0181.fil
Dec-0818_arcdrift+0_0183.fil
Dec-0818_arcdrift+0_0182.fil
Dec-0818_arcdrift_0184.fil
Dec-0818_arcdrift_0183.fil
Dec-0818_arcdrift+0_0185.fil
Dec-0818_arcdrift+0_0184.fil
Dec-0818_arcdrift_0186.fil
Dec-0818_arcdrift_0185.fil
Dec-0818_arcdrift+0_0187.fil
Dec-0818_arcdrift+0_0186.fil
Dec-0818_arcdrift_0188.fil
Dec-0818_arcdrift_0187.fil
Dec-0818_arcdrift+0_0189.fil
Dec-0818_arcdrift+0_0188.fil
Dec-0818_arcdrift+0_0190.fil
Dec-0818_arcdrift_0189.fil
Dec-0818_arcdrift_0191.fil
Dec-0818_arcdrift_0190.fil
Dec-0818_arcdrift+0_0192.fil
Dec-0818_arcdrift+0_0191.fil
Dec-0818_arcdrift_0193.fil
Dec-0818_arcdrift_0192.fil
Dec-0818_arcdrift+0_0194.fil
Dec-0818_arcdrift_0195.fil
Dec-0818_arcdrift+0_0193.fil
Dec-0818_arcdrift+0_0196.fil
Dec-0818_arcdrift_0194.fil
Dec-0818_arcdrift_0197.fil
Dec-0818_arcdrift+0_0195.fil
Dec-0818_arcdrift+0_0198.fil
Dec-0818_arcdrift_0196.fil
Dec-0818_arcdrift_0199.fil
Dec-0818_arcdrift+0_0197.fil
Dec-0818_arcdrift+0_0200.fil
Dec-0818_arcdrift_0198.fil
Dec-0818_arcdrift_0201.fil
Dec-0818_arcdrift+0_0199.fil
Dec-0818_arcdrift+0_0202.fil
Dec-0818_arcdrift_0200.fil
Dec-0818_arcdrift_0203.fil
Dec-0818_arcdrift+0_0201.fil
Dec-0818_arcdrift+0_0204.fil
Dec-0818_arcdrift_0202.fil
Dec-0818_arcdrift_0205.fil
Dec-0818_arcdrift+0_0203.fil
Dec-0818_arcdrift+0_0206.fil
Dec-0818_arcdrift_0204.fil
Dec-0818_arcdrift_0207.fil
Dec-0818_arcdrift+0_0208.fil
Dec-0818_arcdrift+0_0205.fil
Dec-0818_arcdrift_0206.fil
Dec-0818_arcdrift_0209.fil
Dec-0818_arcdrift+0_0207.fil
Dec-0818_arcdrift_0210.fil
Dec-0818_arcdrift+0_0211.fil
Dec-0818_arcdrift_0208.fil
Dec-0818_arcdrift_0212.fil
Dec-0818_arcdrift+0_0209.fil
Dec-0818_arcdrift+0_0213.fil
Dec-0818_arcdrift+0_0210.fil
Dec-0818_arcdrift_0214.fil
Dec-0818_arcdrift_0211.fil
Dec-0818_arcdrift+0_0215.fil
Dec-0818_arcdrift+0_0212.fil
Dec-0818_arcdrift_0216.fil
Dec-0818_arcdrift_0213.fil
Dec-0818_arcdrift+0_0217.fil
Dec-0818_arcdrift+0_0214.fil
Dec-0818_arcdrift_0218.fil
Dec-0818_arcdrift_0215.fil
Dec-0818_arcdrift+0_0219.fil
Dec-0818_arcdrift+0_0216.fil
Dec-0818_arcdrift+0_0220.fil
Dec-0818_arcdrift_0217.fil
Dec-0818_arcdrift_0221.fil
Dec-0818_arcdrift+0_0218.fil
Dec-0818_arcdrift+0_0222.fil
Dec-0818_arcdrift_0219.fil
Dec-0818_arcdrift_0223.fil
Dec-0818_arcdrift_0220.fil
Dec-0818_arcdrift+0_0224.fil
Dec-0818_arcdrift+0_0221.fil
Dec-0818_arcdrift_0225.fil
Dec-0818_arcdrift_0222.fil
Dec-0818_arcdrift+0_0226.fil
Dec-0818_arcdrift_0227.fil
Dec-0818_arcdrift+0_0223.fil
Dec-0818_arcdrift_0224.fil
Dec-0818_arcdrift+0_0228.fil
Dec-0818_arcdrift+0_0225.fil
Dec-0818_arcdrift_0229.fil
Dec-0818_arcdrift_0226.fil
Dec-0818_arcdrift_0230.fil
Dec-0818_arcdrift+0_0227.fil
Dec-0818_arcdrift+0_0231.fil
Dec-0818_arcdrift_0228.fil
Dec-0818_arcdrift_0232.fil
Dec-0818_arcdrift+0_0229.fil
Dec-0818_arcdrift+0_0233.fil
Dec-0818_arcdrift+0_0230.fil
Dec-0818_arcdrift_0234.fil
Dec-0818_arcdrift_0231.fil
Dec-0818_arcdrift+0_0235.fil
Dec-0818_arcdrift+0_0232.fil
Dec-0818_arcdrift_0236.fil
Dec-0818_arcdrift_0233.fil
Dec-0818_arcdrift+0_0237.fil
Dec-0818_arcdrift+0_0234.fil
Dec-0818_arcdrift_0238.fil
Dec-0818_arcdrift_0235.fil
Dec-0818_arcdrift+0_0239.fil
Dec-0818_arcdrift+0_0236.fil
Dec-0818_arcdrift+0_0240.fil
Dec-0818_arcdrift_0237.fil
Dec-0818_arcdrift_0241.fil
Dec-0818_arcdrift+0_0238.fil
Dec-0818_arcdrift_0239.fil
Dec-0818_arcdrift+0_0242.fil
Dec-0818_arcdrift_0240.fil
Dec-0818_arcdrift_0243.fil
Dec-0818_arcdrift+0_0241.fil
Dec-0818_arcdrift+0_0244.fil
Dec-0818_arcdrift_0242.fil
Dec-0818_arcdrift_0245.fil
Dec-0818_arcdrift+0_0243.fil
Dec-0818_arcdrift+0_0246.fil
Dec-0818_arcdrift_0244.fil
Dec-0818_arcdrift_0247.fil
Dec-0818_arcdrift+0_0245.fil
Dec-0818_arcdrift+0_0248.fil
Dec-0818_arcdrift_0246.fil
Dec-0818_arcdrift_0249.fil
Dec-0818_arcdrift+0_0247.fil
Dec-0818_arcdrift_0250.fil
Dec-0818_arcdrift_0248.fil
Dec-0818_arcdrift+0_0251.fil
Dec-0818_arcdrift+0_0249.fil
Dec-0818_arcdrift_0252.fil
Dec-0818_arcdrift+0_0250.fil
Dec-0818_arcdrift+0_0253.fil
Dec-0818_arcdrift_0251.fil
Dec-0818_arcdrift_0254.fil
Dec-0818_arcdrift+0_0252.fil
Dec-0818_arcdrift+0_0255.fil
Dec-0818_arcdrift_0253.fil
Dec-0818_arcdrift_0256.fil
Dec-0818_arcdrift+0_0254.fil
Dec-0818_arcdrift+0_0257.fil
Dec-0818_arcdrift_0255.fil
Dec-0818_arcdrift_0258.fil
Dec-0818_arcdrift+0_0256.fil
Dec-0818_arcdrift+0_0259.fil
Dec-0818_arcdrift_0257.fil
Dec-0818_arcdrift+0_0260.fil
Dec-0818_arcdrift+0_0258.fil
Dec-0818_arcdrift_0261.fil
Dec-0818_arcdrift_0259.fil
Dec-0818_arcdrift+0_0262.fil
Dec-0818_arcdrift_0260.fil
Dec-0818_arcdrift+0_0261.fil
Dec-0818_arcdrift_0263.fil
Dec-0818_arcdrift_0262.fil
Dec-0818_arcdrift+0_0264.fil
Dec-0818_arcdrift+0_0263.fil
Dec-0818_arcdrift_0265.fil
Dec-0818_arcdrift_0264.fil
Dec-0818_arcdrift+0_0266.fil
Dec-0818_arcdrift+0_0265.fil
Dec-0818_arcdrift_0267.fil
Dec-0818_arcdrift_0266.fil
Dec-0818_arcdrift+0_0268.fil
Dec-0818_arcdrift+0_0267.fil
Dec-0818_arcdrift_0269.fil
Dec-0818_arcdrift_0268.fil
Dec-0818_arcdrift_0270.fil
Dec-0818_arcdrift+0_0269.fil
Dec-0818_arcdrift+0_0271.fil
Dec-0818_arcdrift+0_0270.fil
Dec-0818_arcdrift_0272.fil
Dec-0818_arcdrift_0271.fil
Dec-0818_arcdrift+0_0273.fil
Dec-0818_arcdrift+0_0272.fil
Dec-0818_arcdrift_0274.fil
Dec-0818_arcdrift_0273.fil
Dec-0818_arcdrift+0_0275.fil
Dec-0818_arcdrift+0_0274.fil
Dec-0818_arcdrift_0275.fil
Dec-0818_arcdrift_0276.fil
Dec-0818_arcdrift+0_0276.fil
Dec-0818_arcdrift+0_0277.fil
Dec-0818_arcdrift_0277.fil
Dec-0818_arcdrift_0278.fil
Dec-0818_arcdrift+0_0278.fil
Dec-0818_arcdrift+0_0279.fil
Dec-0818_arcdrift_0279.fil
Dec-0818_arcdrift+0_0280.fil
Dec-0818_arcdrift_0280.fil
Dec-0818_arcdrift_0281.fil
Dec-0818_arcdrift+0_0281.fil
Dec-0818_arcdrift+0_0282.fil
Dec-0818_arcdrift_0282.fil
Dec-0818_arcdrift_0283.fil
Dec-0818_arcdrift+0_0283.fil
Dec-0818_arcdrift+0_0284.fil
Dec-0818_arcdrift_0284.fil
Dec-0818_arcdrift_0285.fil
Dec-0818_arcdrift+0_0285.fil
Dec-0818_arcdrift+0_0286.fil
Dec-0818_arcdrift_0286.fil
Dec-0818_arcdrift_0287.fil
Dec-0818_arcdrift+0_0287.fil
Dec-0818_arcdrift+0_0288.fil
Dec-0818_arcdrift_0288.fil
Dec-0818_arcdrift_0289.fil
Dec-0818_arcdrift+0_0289.fil
Dec-0818_arcdrift_0290.fil
Dec-0818_arcdrift+0_0290.fil
Dec-0818_arcdrift+0_0291.fil
Dec-0818_arcdrift_0291.fil
Dec-0818_arcdrift_0292.fil
Dec-0818_arcdrift+0_0292.fil
Dec-0818_arcdrift+0_0293.fil
Dec-0818_arcdrift_0293.fil
Dec-0818_arcdrift_0294.fil
Dec-0818_arcdrift+0_0294.fil
Dec-0818_arcdrift+0_0295.fil
Dec-0818_arcdrift_0295.fil
Dec-0818_arcdrift_0296.fil
Dec-0818_arcdrift+0_0297.fil
Dec-0818_arcdrift+0_0296.fil
Dec-0818_arcdrift_0298.fil
Dec-0818_arcdrift_0297.fil
Dec-0818_arcdrift+0_0299.fil
Dec-0818_arcdrift+0_0298.fil
Dec-0818_arcdrift_0300.fil
Dec-0818_arcdrift_0299.fil
Dec-0818_arcdrift+0_0301.fil
Dec-0818_arcdrift+0_0300.fil
Dec-0818_arcdrift_0302.fil
Dec-0818_arcdrift_0301.fil
Dec-0818_arcdrift+0_0303.fil
Dec-0818_arcdrift+0_0302.fil
Dec-0818_arcdrift_0304.fil
Dec-0818_arcdrift_0303.fil
Dec-0818_arcdrift+0_0305.fil
Dec-0818_arcdrift+0_0304.fil
Dec-0818_arcdrift_0306.fil
Dec-0818_arcdrift_0305.fil
Dec-0818_arcdrift+0_0307.fil
Dec-0818_arcdrift+0_0306.fil
Dec-0818_arcdrift_0308.fil
Dec-0818_arcdrift_0307.fil
Dec-0818_arcdrift+0_0309.fil
Dec-0818_arcdrift+0_0310.fil
Dec-0818_arcdrift+0_0308.fil
Dec-0818_arcdrift_0311.fil
Dec-0818_arcdrift_0309.fil
Dec-0818_arcdrift_0310.fil
Dec-0818_arcdrift+0_0312.fil
Dec-0818_arcdrift_0313.fil
Dec-0818_arcdrift+0_0311.fil
Dec-0818_arcdrift+0_0314.fil
Dec-0818_arcdrift_0312.fil
Dec-0818_arcdrift_0315.fil
Dec-0818_arcdrift+0_0313.fil
Dec-0818_arcdrift+0_0316.fil
Dec-0818_arcdrift_0314.fil
Dec-0818_arcdrift+0_0315.fil
Dec-0818_arcdrift_0317.fil
Dec-0818_arcdrift_0316.fil
Dec-0818_arcdrift+0_0318.fil
Dec-0818_arcdrift+0_0317.fil
Dec-0818_arcdrift_0319.fil
Dec-0818_arcdrift_0318.fil
Dec-0818_arcdrift_0320.fil
Dec-0818_arcdrift+0_0319.fil
Dec-0818_arcdrift+0_0321.fil
Dec-0818_arcdrift+0_0320.fil
Dec-0818_arcdrift_0322.fil
Dec-0818_arcdrift_0321.fil
Dec-0818_arcdrift+0_0323.fil
Dec-0818_arcdrift+0_0322.fil
Dec-0818_arcdrift_0324.fil
Dec-0818_arcdrift_0323.fil
Dec-0818_arcdrift+0_0325.fil
Dec-0818_arcdrift+0_0324.fil
Dec-0818_arcdrift_0326.fil
Dec-0818_arcdrift_0325.fil
Dec-0818_arcdrift+0_0327.fil
Dec-0818_arcdrift+0_0326.fil
Dec-0818_arcdrift_0328.fil
Dec-0818_arcdrift_0327.fil
Dec-0818_arcdrift+0_0329.fil
Dec-0818_arcdrift+0_0328.fil
Dec-0818_arcdrift+0_0330.fil
Dec-0818_arcdrift_0329.fil
Dec-0818_arcdrift_0331.fil
Dec-0818_arcdrift_0330.fil
Dec-0818_arcdrift+0_0332.fil
Dec-0818_arcdrift+0_0331.fil
Dec-0818_arcdrift_0333.fil
Dec-0818_arcdrift_0332.fil
Dec-0818_arcdrift+0_0334.fil
Dec-0818_arcdrift+0_0333.fil
Dec-0818_arcdrift_0335.fil
Dec-0818_arcdrift_0334.fil
Dec-0818_arcdrift+0_0336.fil
Dec-0818_arcdrift+0_0335.fil
Dec-0818_arcdrift_0337.fil
Dec-0818_arcdrift_0336.fil
Dec-0818_arcdrift+0_0338.fil
Dec-0818_arcdrift+0_0337.fil
Dec-0818_arcdrift_0339.fil
Dec-0818_arcdrift_0338.fil
Dec-0818_arcdrift_0340.fil
Dec-0818_arcdrift+0_0339.fil
Dec-0818_arcdrift+0_0341.fil
Dec-0818_arcdrift+0_0340.fil
Dec-0818_arcdrift_0342.fil
Dec-0818_arcdrift_0341.fil
Dec-0818_arcdrift+0_0343.fil
Dec-0818_arcdrift+0_0342.fil
Dec-0818_arcdrift_0344.fil
Dec-0818_arcdrift_0343.fil
Dec-0818_arcdrift+0_0345.fil
Dec-0818_arcdrift+0_0344.fil
Dec-0818_arcdrift_0346.fil
Dec-0818_arcdrift_0345.fil
Dec-0818_arcdrift+0_0347.fil
Dec-0818_arcdrift+0_0346.fil
Dec-0818_arcdrift_0348.fil
Dec-0818_arcdrift_0347.fil
Dec-0818_arcdrift+0_0349.fil
Dec-0818_arcdrift+0_0348.fil
Dec-0818_arcdrift+0_0350.fil
Dec-0818_arcdrift_0349.fil
Dec-0818_arcdrift_0351.fil
Dec-0818_arcdrift_0350.fil
Dec-0818_arcdrift+0_0352.fil
Dec-0818_arcdrift+0_0351.fil
Dec-0818_arcdrift_0353.fil
Dec-0818_arcdrift_0352.fil
Dec-0818_arcdrift+0_0354.fil
Dec-0818_arcdrift+0_0353.fil
Dec-0818_arcdrift_0355.fil
Dec-0818_arcdrift_0354.fil
Dec-0818_arcdrift+0_0356.fil
Dec-0818_arcdrift+0_0355.fil
Dec-0818_arcdrift_0357.fil
Dec-0818_arcdrift_0356.fil
Dec-0818_arcdrift+0_0358.fil
Dec-0818_arcdrift+0_0357.fil
Dec-0818_arcdrift_0359.fil
Dec-0818_arcdrift_0358.fil
Dec-0818_arcdrift_0360.fil
Dec-0818_arcdrift+0_0359.fil
Dec-0818_arcdrift+0_0361.fil
Dec-0818_arcdrift+0_0360.fil
Dec-0818_arcdrift_0362.fil
Dec-0818_arcdrift_0361.fil
Dec-0818_arcdrift+0_0363.fil
Dec-0818_arcdrift+0_0362.fil
Dec-0818_arcdrift_0364.fil
Dec-0818_arcdrift_0363.fil
Dec-0818_arcdrift+0_0365.fil
Dec-0818_arcdrift+0_0364.fil
Dec-0818_arcdrift_0365.fil
Dec-0818_arcdrift_0366.fil
Dec-0818_arcdrift+0_0367.fil
Dec-0818_arcdrift+0_0366.fil
Dec-0818_arcdrift_0368.fil
Dec-0818_arcdrift_0367.fil
Dec-0818_arcdrift+0_0369.fil
Dec-0818_arcdrift+0_0368.fil
Dec-0818_arcdrift+0_0370.fil
Dec-0818_arcdrift_0369.fil
Dec-0818_arcdrift_0371.fil
Dec-0818_arcdrift_0370.fil
Dec-0818_arcdrift+0_0372.fil
Dec-0818_arcdrift+0_0371.fil
Dec-0818_arcdrift_0373.fil
Dec-0818_arcdrift_0372.fil
Dec-0818_arcdrift+0_0374.fil
Dec-0818_arcdrift+0_0373.fil
Dec-0818_arcdrift_0375.fil
Dec-0818_arcdrift_0374.fil
Dec-0818_arcdrift+0_0376.fil
Dec-0818_arcdrift+0_0375.fil
Dec-0818_arcdrift_0377.fil
Dec-0818_arcdrift_0376.fil
Dec-0818_arcdrift+0_0378.fil
Dec-0818_arcdrift+0_0377.fil
Dec-0818_arcdrift_0379.fil
Dec-0818_arcdrift_0378.fil
Dec-0818_arcdrift_0380.fil
Dec-0818_arcdrift+0_0379.fil
Dec-0818_arcdrift+0_0381.fil
Dec-0818_arcdrift+0_0380.fil
Dec-0818_arcdrift_0382.fil
Dec-0818_arcdrift_0381.fil
Dec-0818_arcdrift+0_0383.fil
Dec-0818_arcdrift+0_0382.fil
Dec-0818_arcdrift_0384.fil
Dec-0818_arcdrift_0383.fil
Dec-0818_arcdrift+0_0385.fil
Dec-0818_arcdrift+0_0384.fil
Dec-0818_arcdrift_0386.fil
Dec-0818_arcdrift_0385.fil
Dec-0818_arcdrift+0_0387.fil
Dec-0818_arcdrift+0_0386.fil
Dec-0818_arcdrift_0388.fil
Dec-0818_arcdrift_0387.fil
Dec-0818_arcdrift+0_0389.fil
Dec-0818_arcdrift+0_0388.fil
Dec-0818_arcdrift+0_0390.fil
Dec-0818_arcdrift_0389.fil
Dec-0818_arcdrift_0391.fil
Dec-0818_arcdrift_0390.fil
Dec-0818_arcdrift+0_0392.fil
Dec-0818_arcdrift+0_0391.fil
Dec-0818_arcdrift_0393.fil
Dec-0818_arcdrift_0392.fil
Dec-0818_arcdrift+0_0394.fil
Dec-0818_arcdrift+0_0393.fil
Dec-0818_arcdrift_0395.fil
Dec-0818_arcdrift_0394.fil
Dec-0818_arcdrift+0_0396.fil
Dec-0818_arcdrift+0_0395.fil
Dec-0818_arcdrift_0397.fil
Dec-0818_arcdrift_0396.fil
Dec-0818_arcdrift+0_0398.fil
Dec-0818_arcdrift+0_0397.fil
Dec-0818_arcdrift_0399.fil
Dec-0818_arcdrift_0398.fil
Dec-0818_arcdrift+0_0400.fil
Dec-0818_arcdrift+0_0399.fil
Dec-0818_arcdrift_0401.fil
Dec-0818_arcdrift_0400.fil
Dec-0818_arcdrift+0_0402.fil
Dec-0818_arcdrift+0_0401.fil
Dec-0818_arcdrift_0403.fil
Dec-0818_arcdrift_0402.fil
Dec-0818_arcdrift+0_0404.fil
Dec-0818_arcdrift+0_0403.fil
Dec-0818_arcdrift_0405.fil
Dec-0818_arcdrift_0404.fil
Dec-0818_arcdrift+0_0406.fil
Dec-0818_arcdrift_0407.fil
Dec-0818_arcdrift+0_0405.fil
Dec-0818_arcdrift_0406.fil
Dec-0818_arcdrift+0_0408.fil
Dec-0818_arcdrift+0_0407.fil
Dec-0818_arcdrift_0409.fil
Dec-0818_arcdrift_0408.fil
Dec-0818_arcdrift_0410.fil
Dec-0818_arcdrift+0_0409.fil
Dec-0818_arcdrift+0_0411.fil
Dec-0818_arcdrift+0_0410.fil
Dec-0818_arcdrift_0412.fil
Dec-0818_arcdrift_0411.fil
Dec-0818_arcdrift+0_0413.fil
Dec-0818_arcdrift+0_0412.fil
Dec-0818_arcdrift_0414.fil
Dec-0818_arcdrift_0413.fil
Dec-0818_arcdrift+0_0415.fil
Dec-0818_arcdrift+0_0414.fil
Dec-0818_arcdrift_0416.fil
Dec-0818_arcdrift_0415.fil
Dec-0818_arcdrift+0_0417.fil
Dec-0818_arcdrift+0_0416.fil
Dec-0818_arcdrift_0418.fil
Dec-0818_arcdrift_0417.fil
Dec-0818_arcdrift+0_0419.fil
Dec-0818_arcdrift+0_0418.fil
Dec-0818_arcdrift+0_0420.fil
Dec-0818_arcdrift_0419.fil
Dec-0818_arcdrift_0421.fil
Dec-0818_arcdrift_0420.fil
Dec-0818_arcdrift+0_0422.fil
Dec-0818_arcdrift+0_0421.fil
Dec-0818_arcdrift_0423.fil
Dec-0818_arcdrift_0422.fil
Dec-0818_arcdrift+0_0424.fil
Dec-0818_arcdrift+0_0423.fil
Dec-0818_arcdrift_0425.fil
Dec-0818_arcdrift_0424.fil
Dec-0818_arcdrift+0_0426.fil
Dec-0818_arcdrift+0_0425.fil
Dec-0818_arcdrift_0427.fil
Dec-0818_arcdrift_0426.fil
Dec-0818_arcdrift+0_0428.fil
Dec-0818_arcdrift+0_0427.fil
Dec-0818_arcdrift_0429.fil
Dec-0818_arcdrift_0428.fil
Dec-0818_arcdrift_0430.fil
Dec-0818_arcdrift+0_0429.fil
Dec-0818_arcdrift+0_0431.fil
Dec-0818_arcdrift+0_0430.fil
Dec-0818_arcdrift_0431.fil
Dec-0818_arcdrift_0432.fil
Dec-0818_arcdrift+0_0432.fil
Dec-0818_arcdrift+0_0433.fil
Dec-0818_arcdrift_0433.fil
Dec-0818_arcdrift_0434.fil
Dec-0818_arcdrift+0_0434.fil
Dec-0818_arcdrift+0_0435.fil
Dec-0818_arcdrift_0435.fil
Dec-0818_arcdrift_0436.fil
Dec-0818_arcdrift+0_0436.fil
Dec-0818_arcdrift+0_0437.fil
Dec-0818_arcdrift_0437.fil
Dec-0818_arcdrift_0438.fil
Dec-0818_arcdrift+0_0438.fil
Dec-0818_arcdrift+0_0439.fil
Dec-0818_arcdrift_0439.fil
Dec-0818_arcdrift+0_0440.fil
Dec-0818_arcdrift_0440.fil
Dec-0818_arcdrift_0441.fil
Dec-0818_arcdrift+0_0441.fil
Dec-0818_arcdrift+0_0442.fil
Dec-0818_arcdrift_0442.fil
Dec-0818_arcdrift_0443.fil
Dec-0818_arcdrift+0_0443.fil
Dec-0818_arcdrift+0_0444.fil
Dec-0818_arcdrift_0444.fil
Dec-0818_arcdrift_0445.fil
Dec-0818_arcdrift+0_0445.fil
Dec-0818_arcdrift+0_0446.fil
Dec-0818_arcdrift_0446.fil
Dec-0818_arcdrift_0447.fil
Dec-0818_arcdrift+0_0447.fil
Dec-0818_arcdrift+0_0448.fil
Dec-0818_arcdrift_0448.fil
Dec-0818_arcdrift+0_0449.fil
Dec-0818_arcdrift_0449.fil
Dec-0818_arcdrift+0_0450.fil
Dec-0818_arcdrift_0450.fil
Dec-0818_arcdrift_0451.fil
Dec-0818_arcdrift+0_0451.fil
Dec-0818_arcdrift+0_0452.fil
Dec-0818_arcdrift_0452.fil
Dec-0818_arcdrift_0453.fil
Dec-0818_arcdrift+0_0453.fil
Dec-0818_arcdrift+0_0454.fil
Dec-0818_arcdrift_0454.fil
Dec-0818_arcdrift+0_0455.fil
Dec-0818_arcdrift_0455.fil
Dec-0818_arcdrift_0456.fil
Dec-0818_arcdrift+0_0456.fil
Dec-0818_arcdrift_0457.fil
Dec-0818_arcdrift+0_0457.fil
Dec-0818_arcdrift_0458.fil
Dec-0818_arcdrift+0_0458.fil
Dec-0818_arcdrift+0_0459.fil
Dec-0818_arcdrift_0459.fil
Dec-0818_arcdrift+0_0460.fil
Dec-0818_arcdrift_0460.fil
Dec-0818_arcdrift_0461.fil
Dec-0818_arcdrift+0_0461.fil
Dec-0818_arcdrift+0_0462.fil
Dec-0818_arcdrift_0462.fil
Dec-0818_arcdrift_0463.fil
Dec-0818_arcdrift+0_0463.fil
Dec-0818_arcdrift+0_0464.fil
Dec-0818_arcdrift_0464.fil
Dec-0818_arcdrift_0465.fil
Dec-0818_arcdrift+0_0465.fil
Dec-0818_arcdrift+0_0466.fil
Dec-0818_arcdrift_0466.fil
Dec-0818_arcdrift_0467.fil
Dec-0818_arcdrift+0_0467.fil
Dec-0818_arcdrift+0_0468.fil
Dec-0818_arcdrift_0468.fil
Dec-0818_arcdrift_0469.fil
Dec-0818_arcdrift+0_0469.fil
Dec-0818_arcdrift_0470.fil
Dec-0818_arcdrift+0_0470.fil
Dec-0818_arcdrift+0_0471.fil
Dec-0818_arcdrift_0471.fil
Dec-0818_arcdrift_0472.fil
Dec-0818_arcdrift+0_0472.fil
Dec-0818_arcdrift+0_0473.fil
Dec-0818_arcdrift_0473.fil
Dec-0818_arcdrift_0474.fil
Dec-0818_arcdrift+0_0475.fil
Dec-0818_arcdrift+0_0474.fil
Dec-0818_arcdrift_0476.fil
Dec-0818_arcdrift_0475.fil
Dec-0818_arcdrift+0_0477.fil
Dec-0818_arcdrift+0_0476.fil
Dec-0818_arcdrift_0478.fil
Dec-0818_arcdrift_0477.fil
Dec-0818_arcdrift+0_0479.fil
Dec-0818_arcdrift+0_0478.fil
Dec-0818_arcdrift+0_0480.fil
Dec-0818_arcdrift_0479.fil
Dec-0818_arcdrift_0481.fil
Dec-0818_arcdrift_0480.fil
Dec-0818_arcdrift+0_0482.fil
Dec-0818_arcdrift+0_0481.fil
Dec-0818_arcdrift_0483.fil
Dec-0818_arcdrift_0482.fil
Dec-0818_arcdrift+0_0484.fil
Dec-0818_arcdrift+0_0483.fil
Dec-0818_arcdrift_0485.fil
Dec-0818_arcdrift_0484.fil
Dec-0818_arcdrift+0_0486.fil
Dec-0818_arcdrift+0_0485.fil
Dec-0818_arcdrift_0487.fil
Dec-0818_arcdrift_0486.fil
Dec-0818_arcdrift+0_0488.fil
Dec-0818_arcdrift+0_0487.fil
Dec-0818_arcdrift_0489.fil
Dec-0818_arcdrift_0488.fil
Dec-0818_arcdrift_0490.fil
Dec-0818_arcdrift+0_0489.fil
Dec-0818_arcdrift+0_0491.fil
Dec-0818_arcdrift+0_0490.fil
Dec-0818_arcdrift_0492.fil
Dec-0818_arcdrift_0491.fil
Dec-0818_arcdrift+0_0493.fil
Dec-0818_arcdrift+0_0492.fil
Dec-0818_arcdrift_0494.fil
Dec-0818_arcdrift_0493.fil
Dec-0818_arcdrift+0_0495.fil
Dec-0818_arcdrift+0_0494.fil
Dec-0818_arcdrift_0496.fil
Dec-0818_arcdrift_0495.fil
Dec-0818_arcdrift+0_0497.fil
Dec-0818_arcdrift+0_0496.fil
Dec-0818_arcdrift_0498.fil
Dec-0818_arcdrift_0497.fil
Dec-0818_arcdrift+0_0499.fil
Dec-0818_arcdrift+0_0498.fil
Dec-0818_arcdrift_0500.fil
Dec-0818_arcdrift_0499.fil
Dec-0818_arcdrift+0_0501.fil
Dec-0818_arcdrift+0_0500.fil
Dec-0818_arcdrift_0501.fil
Dec-0818_arcdrift_0502.fil
Dec-0818_arcdrift+0_0503.fil
Dec-0818_arcdrift+0_0502.fil
Dec-0818_arcdrift_0504.fil
Dec-0818_arcdrift_0503.fil
Dec-0818_arcdrift+0_0505.fil
Dec-0818_arcdrift+0_0504.fil
Dec-0818_arcdrift_0506.fil
Dec-0818_arcdrift_0505.fil
Dec-0818_arcdrift+0_0507.fil
Dec-0818_arcdrift+0_0506.fil
Dec-0818_arcdrift_0508.fil
Dec-0818_arcdrift_0507.fil
Dec-0818_arcdrift+0_0509.fil
Dec-0818_arcdrift+0_0508.fil
Dec-0818_arcdrift+0_0510.fil
Dec-0818_arcdrift_0509.fil
Dec-0818_arcdrift_0511.fil
Dec-0818_arcdrift_0510.fil
Dec-0818_arcdrift+0_0512.fil
Dec-0818_arcdrift+0_0511.fil
Dec-0818_arcdrift_0513.fil
Dec-0818_arcdrift_0512.fil
Dec-0818_arcdrift+0_0514.fil
Dec-0818_arcdrift+0_0513.fil
Dec-0818_arcdrift_0515.fil
Dec-0818_arcdrift_0514.fil
Dec-0818_arcdrift+0_0516.fil
Dec-0818_arcdrift+0_0515.fil
Dec-0818_arcdrift_0517.fil
Dec-0818_arcdrift_0516.fil
Dec-0818_arcdrift+0_0518.fil
Dec-0818_arcdrift+0_0517.fil
Dec-0818_arcdrift_0519.fil
Dec-0818_arcdrift_0518.fil
Dec-0818_arcdrift_0520.fil
Dec-0818_arcdrift+0_0519.fil
Dec-0818_arcdrift+0_0521.fil
Dec-0818_arcdrift+0_0520.fil
Dec-0818_arcdrift_0522.fil
Dec-0818_arcdrift_0521.fil
Dec-0818_arcdrift+0_0523.fil
Dec-0818_arcdrift+0_0522.fil
Dec-0818_arcdrift_0524.fil
Dec-0818_arcdrift_0523.fil
Dec-0818_arcdrift+0_0525.fil
Dec-0818_arcdrift+0_0524.fil
Dec-0818_arcdrift_0526.fil
Dec-0818_arcdrift_0525.fil
Dec-0818_arcdrift+0_0527.fil
Dec-0818_arcdrift+0_0526.fil
Dec-0818_arcdrift_0528.fil
Dec-0818_arcdrift_0527.fil
Dec-0818_arcdrift+0_0529.fil
Dec-0818_arcdrift+0_0528.fil
Dec-0818_arcdrift+0_0530.fil
Dec-0818_arcdrift_0529.fil
Dec-0818_arcdrift_0530.fil
Dec-0818_arcdrift_0531.fil
Dec-0818_arcdrift+0_0531.fil
Dec-0818_arcdrift+0_0532.fil
Dec-0818_arcdrift_0532.fil
Dec-0818_arcdrift_0533.fil
Dec-0818_arcdrift+0_0533.fil
Dec-0818_arcdrift+0_0534.fil
Dec-0818_arcdrift_0534.fil
Dec-0818_arcdrift_0535.fil
Dec-0818_arcdrift+0_0535.fil
Dec-0818_arcdrift+0_0536.fil
Dec-0818_arcdrift_0536.fil
Dec-0818_arcdrift_0537.fil
Dec-0818_arcdrift+0_0537.fil
Dec-0818_arcdrift+0_0538.fil
Dec-0818_arcdrift_0538.fil
Dec-0818_arcdrift_0539.fil
Dec-0818_arcdrift+0_0539.fil
Dec-0818_arcdrift_0540.fil
Dec-0818_arcdrift+0_0540.fil
Dec-0818_arcdrift+0_0541.fil
Dec-0818_arcdrift_0541.fil
Dec-0818_arcdrift_0542.fil
Dec-0818_arcdrift+0_0542.fil
Dec-0818_arcdrift+0_0543.fil
Dec-0818_arcdrift_0543.fil
Dec-0818_arcdrift_0544.fil
Dec-0818_arcdrift+0_0544.fil
Dec-0818_arcdrift+0_0545.fil
Dec-0818_arcdrift_0545.fil
Dec-0818_arcdrift_0546.fil
Dec-0818_arcdrift+0_0546.fil
Dec-0818_arcdrift+0_0547.fil
Dec-0818_arcdrift_0547.fil
Dec-0818_arcdrift_0548.fil
Dec-0818_arcdrift+0_0548.fil
Dec-0818_arcdrift+0_0549.fil
Dec-0818_arcdrift_0549.fil
Dec-0818_arcdrift+0_0550.fil
Dec-0818_arcdrift_0550.fil
Dec-0818_arcdrift_0551.fil
Dec-0818_arcdrift+0_0551.fil
Dec-0818_arcdrift+0_0552.fil
Dec-0818_arcdrift_0552.fil
Dec-0818_arcdrift_0553.fil
Dec-0818_arcdrift+0_0553.fil
Dec-0818_arcdrift+0_0554.fil
Dec-0818_arcdrift_0554.fil
Dec-0818_arcdrift_0555.fil
Dec-0818_arcdrift+0_0555.fil
Dec-0818_arcdrift+0_0556.fil
Dec-0818_arcdrift_0556.fil
Dec-0818_arcdrift_0557.fil
Dec-0818_arcdrift+0_0557.fil
Dec-0818_arcdrift+0_0558.fil
Dec-0818_arcdrift_0558.fil
Dec-0818_arcdrift_0559.fil
Dec-0818_arcdrift+0_0559.fil
Dec-0818_arcdrift_0560.fil
Dec-0818_arcdrift+0_0560.fil
Dec-0818_arcdrift+0_0561.fil
Dec-0818_arcdrift_0561.fil
Dec-0818_arcdrift_0562.fil
Dec-0818_arcdrift+0_0562.fil
Dec-0818_arcdrift+0_0563.fil
Dec-0818_arcdrift_0563.fil
Dec-0818_arcdrift_0564.fil
Dec-0818_arcdrift+0_0564.fil
Dec-0818_arcdrift+0_0565.fil
Dec-0818_arcdrift_0565.fil
Dec-0818_arcdrift_0566.fil
Dec-0818_arcdrift+0_0566.fil
Dec-0818_arcdrift+0_0567.fil
Dec-0818_arcdrift_0567.fil
Dec-0818_arcdrift_0568.fil
Dec-0818_arcdrift+0_0568.fil
Dec-0818_arcdrift+0_0569.fil
Dec-0818_arcdrift_0569.fil
Dec-0818_arcdrift+0_0570.fil
Dec-0818_arcdrift_0570.fil
Dec-0818_arcdrift+0_0571.fil
Dec-0818_arcdrift_0571.fil
Dec-0818_arcdrift_0572.fil
Dec-0818_arcdrift+0_0572.fil
Dec-0818_arcdrift+0_0573.fil
Dec-0818_arcdrift_0573.fil
Dec-0818_arcdrift_0574.fil
Dec-0818_arcdrift+0_0574.fil
Dec-0818_arcdrift+0_0575.fil
Dec-0818_arcdrift_0575.fil
Dec-0818_arcdrift_0576.fil
Dec-0818_arcdrift+0_0576.fil
Dec-0818_arcdrift+0_0577.fil
Dec-0818_arcdrift_0577.fil
Dec-0818_arcdrift_0578.fil
Dec-0818_arcdrift+0_0578.fil
Dec-0818_arcdrift+0_0579.fil
Dec-0818_arcdrift_0579.fil
Dec-0818_arcdrift+0_0580.fil
Dec-0818_arcdrift_0580.fil
Dec-0818_arcdrift_0581.fil
Dec-0818_arcdrift+0_0581.fil
Dec-0818_arcdrift+0_0582.fil
Dec-0818_arcdrift_0582.fil
Dec-0818_arcdrift_0583.fil
Dec-0818_arcdrift+0_0583.fil
Dec-0818_arcdrift+0_0584.fil
Dec-0818_arcdrift_0584.fil
Dec-0818_arcdrift_0585.fil
Dec-0818_arcdrift+0_0585.fil
Dec-0818_arcdrift+0_0586.fil
Dec-0818_arcdrift_0586.fil
Dec-0818_arcdrift_0587.fil
Dec-0818_arcdrift+0_0587.fil
Dec-0818_arcdrift+0_0588.fil
Dec-0818_arcdrift_0588.fil
Dec-0818_arcdrift_0589.fil
Dec-0818_arcdrift+0_0589.fil
Dec-0818_arcdrift_0590.fil
Dec-0818_arcdrift+0_0591.fil
Dec-0818_arcdrift+0_0590.fil
Dec-0818_arcdrift_0592.fil
Dec-0818_arcdrift_0591.fil
Dec-0818_arcdrift+0_0593.fil
Dec-0818_arcdrift+0_0592.fil
Dec-0818_arcdrift_0594.fil
Dec-0818_arcdrift_0593.fil
Dec-0818_arcdrift+0_0595.fil
Dec-0818_arcdrift+0_0594.fil
Dec-0818_arcdrift_0596.fil
Dec-0818_arcdrift_0595.fil
Dec-0818_arcdrift+0_0597.fil
Dec-0818_arcdrift+0_0596.fil
Dec-0818_arcdrift_0598.fil
Dec-0818_arcdrift_0597.fil
Dec-0818_arcdrift+0_0599.fil
Dec-0818_arcdrift+0_0598.fil
Dec-0818_arcdrift_0600.fil
Dec-0818_arcdrift_0599.fil
Dec-0818_arcdrift+0_0601.fil
Dec-0818_arcdrift+0_0600.fil
Dec-0818_arcdrift_0602.fil
Dec-0818_arcdrift_0601.fil
Dec-0818_arcdrift+0_0603.fil
Dec-0818_arcdrift+0_0602.fil
Dec-0818_arcdrift_0604.fil
Dec-0818_arcdrift_0603.fil
Dec-0818_arcdrift+0_0605.fil
Dec-0818_arcdrift+0_0604.fil
Dec-0818_arcdrift_0606.fil
Dec-0818_arcdrift_0605.fil
Dec-0818_arcdrift+0_0607.fil
Dec-0818_arcdrift+0_0606.fil
Dec-0818_arcdrift_0608.fil
Dec-0818_arcdrift_0607.fil
Dec-0818_arcdrift+0_0609.fil
Dec-0818_arcdrift+0_0608.fil
Dec-0818_arcdrift+0_0610.fil
Dec-0818_arcdrift_0609.fil
Dec-0818_arcdrift_0611.fil
Dec-0818_arcdrift_0610.fil
Dec-0818_arcdrift+0_0612.fil
Dec-0818_arcdrift+0_0611.fil
Dec-0818_arcdrift_0613.fil
Dec-0818_arcdrift_0612.fil
Dec-0818_arcdrift+0_0614.fil
Dec-0818_arcdrift+0_0613.fil
Dec-0818_arcdrift_0615.fil
Dec-0818_arcdrift_0614.fil
Dec-0818_arcdrift+0_0616.fil
Dec-0818_arcdrift+0_0615.fil
Dec-0818_arcdrift_0617.fil
Dec-0818_arcdrift_0616.fil
Dec-0818_arcdrift+0_0618.fil
Dec-0818_arcdrift+0_0617.fil
Dec-0818_arcdrift_0619.fil
Dec-0818_arcdrift_0618.fil
Dec-0818_arcdrift_0620.fil
Dec-0818_arcdrift+0_0619.fil
Dec-0818_arcdrift+0_0621.fil
Dec-0818_arcdrift+0_0620.fil
Dec-0818_arcdrift_0622.fil
Dec-0818_arcdrift_0621.fil
Dec-0818_arcdrift+0_0623.fil
Dec-0818_arcdrift+0_0622.fil
Dec-0818_arcdrift_0624.fil
Dec-0818_arcdrift_0623.fil
Dec-0818_arcdrift+0_0625.fil
Dec-0818_arcdrift+0_0624.fil
Dec-0818_arcdrift_0626.fil
Dec-0818_arcdrift_0625.fil
Dec-0818_arcdrift+0_0627.fil
Dec-0818_arcdrift+0_0626.fil
Dec-0818_arcdrift_0628.fil
Dec-0818_arcdrift+0_0629.fil
Dec-0818_arcdrift_0627.fil
Dec-0818_arcdrift+0_0628.fil
Dec-0818_arcdrift+0_0630.fil
Dec-0818_arcdrift_0629.fil
Dec-0818_arcdrift_0631.fil
Dec-0818_arcdrift_0630.fil
Dec-0818_arcdrift+0_0632.fil
Dec-0818_arcdrift+0_0631.fil
Dec-0818_arcdrift_0633.fil
Dec-0818_arcdrift_0632.fil
Dec-0818_arcdrift+0_0634.fil
Dec-0818_arcdrift+0_0633.fil
Dec-0818_arcdrift_0635.fil
Dec-0818_arcdrift_0634.fil
Dec-0818_arcdrift+0_0636.fil
Dec-0818_arcdrift+0_0635.fil
Dec-0818_arcdrift_0637.fil
Dec-0818_arcdrift_0636.fil
Dec-0818_arcdrift+0_0638.fil
Dec-0818_arcdrift+0_0637.fil
Dec-0818_arcdrift_0639.fil
Dec-0818_arcdrift_0638.fil
Dec-0818_arcdrift_0640.fil
Dec-0818_arcdrift+0_0639.fil
Dec-0818_arcdrift+0_0641.fil
Dec-0818_arcdrift+0_0640.fil
Dec-0818_arcdrift_0642.fil
Dec-0818_arcdrift_0641.fil
Dec-0818_arcdrift+0_0643.fil
Dec-0818_arcdrift+0_0642.fil
Dec-0818_arcdrift_0644.fil
Dec-0818_arcdrift_0643.fil
Dec-0818_arcdrift+0_0645.fil
Dec-0818_arcdrift+0_0644.fil
Dec-0818_arcdrift_0646.fil
Dec-0818_arcdrift_0645.fil
Dec-0818_arcdrift+0_0647.fil
Dec-0818_arcdrift+0_0646.fil
Dec-0818_arcdrift_0648.fil
Dec-0818_arcdrift_0647.fil
Dec-0818_arcdrift+0_0649.fil
Dec-0818_arcdrift+0_0648.fil
Dec-0818_arcdrift+0_0650.fil
Dec-0818_arcdrift_0649.fil
Dec-0818_arcdrift_0651.fil
Dec-0818_arcdrift_0650.fil
Dec-0818_arcdrift+0_0652.fil
Dec-0818_arcdrift+0_0651.fil
Dec-0818_arcdrift_0653.fil
Dec-0818_arcdrift_0652.fil
Dec-0818_arcdrift+0_0654.fil
Dec-0818_arcdrift+0_0653.fil
Dec-0818_arcdrift_0655.fil
Dec-0818_arcdrift_0654.fil
Dec-0818_arcdrift+0_0656.fil
Dec-0818_arcdrift+0_0655.fil
Dec-0818_arcdrift_0657.fil
Dec-0818_arcdrift_0656.fil
Dec-0818_arcdrift+0_0658.fil
Dec-0818_arcdrift+0_0657.fil
Dec-0818_arcdrift_0659.fil
Dec-0818_arcdrift_0658.fil
Dec-0818_arcdrift_0660.fil
Dec-0818_arcdrift+0_0659.fil
Dec-0818_arcdrift+0_0661.fil
Dec-0818_arcdrift+0_0660.fil
Dec-0818_arcdrift_0662.fil
Dec-0818_arcdrift_0661.fil
Dec-0818_arcdrift+0_0663.fil
Dec-0818_arcdrift+0_0662.fil
Dec-0818_arcdrift_0664.fil
Dec-0818_arcdrift_0663.fil
Dec-0818_arcdrift+0_0665.fil
Dec-0818_arcdrift+0_0664.fil
Dec-0818_arcdrift_0666.fil
Dec-0818_arcdrift_0665.fil
Dec-0818_arcdrift+0_0667.fil
Dec-0818_arcdrift+0_0666.fil
Dec-0818_arcdrift_0668.fil
Dec-0818_arcdrift_0667.fil
Dec-0818_arcdrift+0_0668.fil
Dec-0818_arcdrift+0_0669.fil
Dec-0818_arcdrift_0669.fil
Dec-0818_arcdrift+0_0670.fil
Dec-0818_arcdrift_0670.fil
Dec-0818_arcdrift_0671.fil
Dec-0818_arcdrift+0_0671.fil
Dec-0818_arcdrift+0_0672.fil
Dec-0818_arcdrift_0672.fil
Dec-0818_arcdrift_0673.fil
Dec-0818_arcdrift+0_0673.fil
Dec-0818_arcdrift+0_0674.fil
Dec-0818_arcdrift_0674.fil
Dec-0818_arcdrift_0675.fil
Dec-0818_arcdrift+0_0675.fil
Dec-0818_arcdrift+0_0676.fil
Dec-0818_arcdrift_0676.fil
Dec-0818_arcdrift_0677.fil
Dec-0818_arcdrift+0_0677.fil
Dec-0818_arcdrift+0_0678.fil
Dec-0818_arcdrift_0678.fil
Dec-0818_arcdrift_0679.fil
Dec-0818_arcdrift+0_0679.fil
Dec-0818_arcdrift_0680.fil
Dec-0818_arcdrift+0_0680.fil
Dec-0818_arcdrift+0_0681.fil
Dec-0818_arcdrift_0681.fil
Dec-0818_arcdrift+0_0682.fil
Dec-0818_arcdrift_0682.fil
Dec-0818_arcdrift_0683.fil
Dec-0818_arcdrift+0_0683.fil
Dec-0818_arcdrift+0_0684.fil
Dec-0818_arcdrift_0684.fil
Dec-0818_arcdrift_0685.fil
Dec-0818_arcdrift+0_0685.fil
Dec-0818_arcdrift+0_0686.fil
Dec-0818_arcdrift_0686.fil
Dec-0818_arcdrift_0687.fil
Dec-0818_arcdrift+0_0687.fil
Dec-0818_arcdrift+0_0688.fil
Dec-0818_arcdrift_0688.fil
Dec-0818_arcdrift_0689.fil
Dec-0818_arcdrift+0_0689.fil
Dec-0818_arcdrift_0690.fil
Dec-0818_arcdrift+0_0690.fil
Dec-0818_arcdrift+0_0691.fil
Dec-0818_arcdrift_0691.fil
Dec-0818_arcdrift_0692.fil
Dec-0818_arcdrift+0_0692.fil
Dec-0818_arcdrift+0_0693.fil
Dec-0818_arcdrift_0693.fil
Dec-0818_arcdrift_0694.fil
Dec-0818_arcdrift+0_0694.fil
Dec-0818_arcdrift+0_0695.fil
Dec-0818_arcdrift_0695.fil
Dec-0818_arcdrift_0696.fil
Dec-0818_arcdrift+0_0696.fil
Dec-0818_arcdrift+0_0697.fil
Dec-0818_arcdrift_0697.fil
Dec-0818_arcdrift_0698.fil
Dec-0818_arcdrift+0_0698.fil
Dec-0818_arcdrift+0_0699.fil
Dec-0818_arcdrift_0699.fil
Dec-0818_arcdrift_0700.fil
Dec-0818_arcdrift+0_0701.fil
Dec-0818_arcdrift+0_0700.fil
Dec-0818_arcdrift_0701.fil
Dec-0818_arcdrift_0702.fil
Dec-0818_arcdrift+0_0702.fil
Dec-0818_arcdrift+0_0703.fil
Dec-0818_arcdrift_0703.fil
Dec-0818_arcdrift_0704.fil
Dec-0818_arcdrift+0_0704.fil
Dec-0818_arcdrift+0_0705.fil
Dec-0818_arcdrift_0705.fil
Dec-0818_arcdrift_0706.fil
Dec-0818_arcdrift+0_0706.fil
Dec-0818_arcdrift+0_0707.fil
Dec-0818_arcdrift_0707.fil
Dec-0818_arcdrift_0708.fil
Dec-0818_arcdrift+0_0708.fil
Dec-0818_arcdrift+0_0709.fil
Dec-0818_arcdrift_0709.fil
Dec-0818_arcdrift+0_0710.fil
Dec-0818_arcdrift_0710.fil
Dec-0818_arcdrift_0711.fil
Dec-0818_arcdrift+0_0711.fil
Dec-0818_arcdrift+0_0712.fil
Dec-0818_arcdrift_0712.fil
Dec-0818_arcdrift_0713.fil
Dec-0818_arcdrift+0_0713.fil
Dec-0818_arcdrift+0_0714.fil
Dec-0818_arcdrift_0714.fil
Dec-0818_arcdrift_0715.fil
Dec-0818_arcdrift+0_0715.fil
Dec-0818_arcdrift+0_0716.fil
Dec-0818_arcdrift_0716.fil
Dec-0818_arcdrift_0717.fil
Dec-0818_arcdrift+0_0717.fil
Dec-0818_arcdrift+0_0718.fil
Dec-0818_arcdrift_0718.fil
Dec-0818_arcdrift_0719.fil
Dec-0818_arcdrift+0_0719.fil
Dec-0818_arcdrift_0720.fil
Dec-0818_arcdrift+0_0720.fil
Dec-0818_arcdrift+0_0721.fil
Dec-0818_arcdrift_0721.fil
Dec-0818_arcdrift_0722.fil
Dec-0818_arcdrift+0_0722.fil
Dec-0818_arcdrift+0_0723.fil
Dec-0818_arcdrift_0723.fil
Dec-0818_arcdrift_0724.fil
Dec-0818_arcdrift+0_0725.fil
Dec-0818_arcdrift+0_0724.fil
Dec-0818_arcdrift_0726.fil
Dec-0818_arcdrift_0725.fil
Dec-0818_arcdrift+0_0727.fil
Dec-0818_arcdrift+0_0726.fil
Dec-0818_arcdrift_0728.fil
Dec-0818_arcdrift_0727.fil
Dec-0818_arcdrift+0_0729.fil
Dec-0818_arcdrift+0_0728.fil
Dec-0818_arcdrift+0_0730.fil
Dec-0818_arcdrift_0729.fil
Dec-0818_arcdrift_0731.fil
Dec-0818_arcdrift_0730.fil
Dec-0818_arcdrift+0_0732.fil
Dec-0818_arcdrift+0_0731.fil
Dec-0818_arcdrift_0733.fil
Dec-0818_arcdrift_0732.fil
Dec-0818_arcdrift+0_0734.fil
Dec-0818_arcdrift+0_0733.fil
Dec-0818_arcdrift_0735.fil
Dec-0818_arcdrift_0734.fil
Dec-0818_arcdrift+0_0736.fil
Dec-0818_arcdrift+0_0735.fil
Dec-0818_arcdrift_0737.fil
Dec-0818_arcdrift_0736.fil
Dec-0818_arcdrift+0_0738.fil
Dec-0818_arcdrift+0_0737.fil
Dec-0818_arcdrift_0739.fil
Dec-0818_arcdrift_0738.fil
Dec-0818_arcdrift_0740.fil
Dec-0818_arcdrift+0_0739.fil
Dec-0818_arcdrift+0_0741.fil
Dec-0818_arcdrift+0_0740.fil
Dec-0818_arcdrift_0742.fil
Dec-0818_arcdrift_0741.fil
Dec-0818_arcdrift+0_0743.fil
Dec-0818_arcdrift+0_0742.fil
Dec-0818_arcdrift_0744.fil
Dec-0818_arcdrift_0743.fil
Dec-0818_arcdrift+0_0745.fil
Dec-0818_arcdrift+0_0744.fil
Dec-0818_arcdrift_0746.fil
Dec-0818_arcdrift_0745.fil
Dec-0818_arcdrift+0_0747.fil
Dec-0818_arcdrift+0_0746.fil
Dec-0818_arcdrift_0748.fil
Dec-0818_arcdrift_0747.fil
Dec-0818_arcdrift+0_0749.fil
Dec-0818_arcdrift+0_0748.fil
Dec-0818_arcdrift+0_0750.fil
Dec-0818_arcdrift_0749.fil
Dec-0818_arcdrift_0751.fil
Dec-0818_arcdrift_0750.fil
Dec-0818_arcdrift+0_0752.fil
Dec-0818_arcdrift+0_0751.fil
Dec-0818_arcdrift_0753.fil
Dec-0818_arcdrift_0752.fil
Dec-0818_arcdrift+0_0754.fil
Dec-0818_arcdrift+0_0753.fil
Dec-0818_arcdrift_0755.fil
Dec-0818_arcdrift_0754.fil
Dec-0818_arcdrift+0_0756.fil
Dec-0818_arcdrift+0_0755.fil
Dec-0818_arcdrift_0757.fil
Dec-0818_arcdrift_0756.fil
Dec-0818_arcdrift+0_0758.fil
Dec-0818_arcdrift+0_0757.fil
Dec-0818_arcdrift_0759.fil
Dec-0818_arcdrift_0758.fil
Dec-0818_arcdrift_0760.fil
Dec-0818_arcdrift+0_0759.fil
Dec-0818_arcdrift+0_0761.fil
Dec-0818_arcdrift+0_0760.fil
Dec-0818_arcdrift_0761.fil
Dec-0818_arcdrift_0762.fil
Dec-0818_arcdrift+0_0762.fil
Dec-0818_arcdrift+0_0763.fil
Dec-0818_arcdrift_0763.fil
Dec-0818_arcdrift_0764.fil
Dec-0818_arcdrift+0_0764.fil
Dec-0818_arcdrift+0_0765.fil
Dec-0818_arcdrift_0765.fil
Dec-0818_arcdrift_0766.fil
Dec-0818_arcdrift+0_0766.fil
Dec-0818_arcdrift+0_0767.fil
Dec-0818_arcdrift_0767.fil
Dec-0818_arcdrift_0768.fil
Dec-0818_arcdrift+0_0768.fil
Dec-0818_arcdrift+0_0769.fil
Dec-0818_arcdrift_0769.fil
Dec-0818_arcdrift+0_0770.fil
Dec-0818_arcdrift_0770.fil
Dec-0818_arcdrift_0771.fil
Dec-0818_arcdrift+0_0771.fil
Dec-0818_arcdrift+0_0772.fil
Dec-0818_arcdrift_0772.fil
Dec-0818_arcdrift_0773.fil
Dec-0818_arcdrift+0_0773.fil
Dec-0818_arcdrift+0_0774.fil
Dec-0818_arcdrift_0774.fil
Dec-0818_arcdrift+0_0775.fil
Dec-0818_arcdrift_0775.fil
Dec-0818_arcdrift_0776.fil
Dec-0818_arcdrift+0_0776.fil
Dec-0818_arcdrift+0_0777.fil
Dec-0818_arcdrift_0777.fil
Dec-0818_arcdrift_0778.fil
Dec-0818_arcdrift+0_0778.fil
Dec-0818_arcdrift+0_0779.fil
Dec-0818_arcdrift_0779.fil
Dec-0818_arcdrift+0_0780.fil
Dec-0818_arcdrift_0780.fil
Dec-0818_arcdrift_0781.fil
Dec-0818_arcdrift+0_0781.fil
Dec-0818_arcdrift+0_0782.fil
Dec-0818_arcdrift_0782.fil
Dec-0818_arcdrift_0783.fil
Dec-0818_arcdrift+0_0783.fil
Dec-0818_arcdrift+0_0784.fil
Dec-0818_arcdrift_0784.fil
Dec-0818_arcdrift_0785.fil
Dec-0818_arcdrift+0_0785.fil
Dec-0818_arcdrift+0_0786.fil
Dec-0818_arcdrift_0786.fil
Dec-0818_arcdrift_0787.fil
Dec-0818_arcdrift+0_0787.fil
Dec-0818_arcdrift+0_0788.fil
Dec-0818_arcdrift_0788.fil
Dec-0818_arcdrift_0789.fil
Dec-0818_arcdrift+0_0789.fil
Dec-0818_arcdrift_0790.fil
Dec-0818_arcdrift+0_0790.fil
Dec-0818_arcdrift+0_0791.fil
Dec-0818_arcdrift_0791.fil
Dec-0818_arcdrift_0792.fil
Dec-0818_arcdrift+0_0792.fil
Dec-0818_arcdrift+0_0793.fil
Dec-0818_arcdrift_0793.fil
Dec-0818_arcdrift_0794.fil
Dec-0818_arcdrift+0_0794.fil
Dec-0818_arcdrift_0795.fil
Dec-0818_arcdrift+0_0795.fil
Dec-0818_arcdrift+0_0796.fil
Dec-0818_arcdrift_0796.fil
Dec-0818_arcdrift_0797.fil
Dec-0818_arcdrift+0_0797.fil
Dec-0818_arcdrift+0_0798.fil
Dec-0818_arcdrift_0798.fil
Dec-0818_arcdrift_0799.fil
Dec-0818_arcdrift+0_0799.fil
Dec-0818_arcdrift+0_0800.fil
Dec-0818_arcdrift_0800.fil
Dec-0818_arcdrift_0801.fil
Dec-0818_arcdrift+0_0801.fil
Dec-0818_arcdrift+0_0802.fil
Dec-0818_arcdrift_0802.fil
Dec-0818_arcdrift_0803.fil
Dec-0818_arcdrift+0_0803.fil
Dec-0818_arcdrift+0_0804.fil
Dec-0818_arcdrift_0804.fil
Dec-0818_arcdrift_0805.fil
Dec-0818_arcdrift+0_0805.fil
Dec-0818_arcdrift+0_0806.fil
Dec-0818_arcdrift_0806.fil
Dec-0818_arcdrift_0807.fil
Dec-0818_arcdrift+0_0807.fil
Dec-0818_arcdrift+0_0808.fil
Dec-0818_arcdrift_0808.fil
Dec-0818_arcdrift_0809.fil
Dec-0818_arcdrift+0_0809.fil
Dec-0818_arcdrift_0810.fil
Dec-0818_arcdrift+0_0810.fil
Dec-0818_arcdrift+0_0811.fil
Dec-0818_arcdrift_0811.fil
Dec-0818_arcdrift_0812.fil
Dec-0818_arcdrift+0_0812.fil
Dec-0818_arcdrift+0_0813.fil
Dec-0818_arcdrift_0813.fil
Dec-0818_arcdrift_0814.fil
Dec-0818_arcdrift+0_0814.fil
Dec-0818_arcdrift+0_0815.fil
Dec-0818_arcdrift_0815.fil
Dec-0818_arcdrift_0816.fil
Dec-0818_arcdrift+0_0816.fil
Dec-0818_arcdrift+0_0817.fil
Dec-0818_arcdrift_0817.fil
Dec-0818_arcdrift_0818.fil
Dec-0818_arcdrift+0_0818.fil
Dec-0818_arcdrift+0_0819.fil
Dec-0818_arcdrift_0819.fil
Dec-0818_arcdrift+0_0820.fil
Dec-0818_arcdrift_0820.fil
Dec-0818_arcdrift_0821.fil
Dec-0818_arcdrift+0_0821.fil
Dec-0818_arcdrift+0_0822.fil
Dec-0818_arcdrift_0822.fil
Dec-0818_arcdrift_0823.fil
Dec-0818_arcdrift+0_0823.fil
Dec-0818_arcdrift+0_0824.fil
Dec-0818_arcdrift_0824.fil
Dec-0818_arcdrift_0825.fil
Dec-0818_arcdrift+0_0825.fil
Dec-0818_arcdrift+0_0826.fil
Dec-0818_arcdrift_0826.fil
Dec-0818_arcdrift_0827.fil
Dec-0818_arcdrift+0_0827.fil
Dec-0818_arcdrift+0_0828.fil
Dec-0818_arcdrift_0828.fil
Dec-0818_arcdrift_0829.fil
Dec-0818_arcdrift+0_0829.fil
Dec-0818_arcdrift_0830.fil
Dec-0818_arcdrift+0_0830.fil
Dec-0818_arcdrift+0_0831.fil
Dec-0818_arcdrift_0831.fil
Dec-0818_arcdrift_0832.fil
Dec-0818_arcdrift+0_0832.fil
Dec-0818_arcdrift+0_0833.fil
Dec-0818_arcdrift_0833.fil
Dec-0818_arcdrift+0_0834.fil
Dec-0818_arcdrift_0834.fil
Dec-0818_arcdrift_0835.fil
Dec-0818_arcdrift+0_0835.fil
Dec-0818_arcdrift+0_0836.fil
Dec-0818_arcdrift_0836.fil
Dec-0818_arcdrift+0_0837.fil
Dec-0818_arcdrift_0837.fil
Dec-0818_arcdrift_0838.fil
Dec-0818_arcdrift+0_0838.fil
Dec-0818_arcdrift+0_0839.fil
Dec-0818_arcdrift_0839.fil
Dec-0818_arcdrift+0_0840.fil
Dec-0818_arcdrift_0840.fil
Dec-0818_arcdrift_0841.fil
Dec-0818_arcdrift+0_0841.fil
Dec-0818_arcdrift+0_0842.fil
Dec-0818_arcdrift_0842.fil
Dec-0818_arcdrift_0843.fil
Dec-0818_arcdrift+0_0843.fil
Dec-0818_arcdrift+0_0844.fil
Dec-0818_arcdrift_0844.fil
Dec-0818_arcdrift_0845.fil
Dec-0818_arcdrift+0_0845.fil
Dec-0818_arcdrift+0_0846.fil
Dec-0818_arcdrift_0846.fil
Dec-0818_arcdrift_0847.fil
Dec-0818_arcdrift+0_0847.fil
Dec-0818_arcdrift+0_0848.fil
Dec-0818_arcdrift_0848.fil
Dec-0818_arcdrift_0849.fil
Dec-0818_arcdrift+0_0849.fil
Dec-0818_arcdrift_0850.fil
Dec-0818_arcdrift+0_0850.fil
Dec-0818_arcdrift+0_0851.fil
Dec-0818_arcdrift_0851.fil
Dec-0818_arcdrift_0852.fil
Dec-0818_arcdrift+0_0852.fil
Dec-0818_arcdrift+0_0853.fil
Dec-0818_arcdrift_0853.fil
Dec-0818_arcdrift_0854.fil
Dec-0818_arcdrift+0_0854.fil
Dec-0818_arcdrift+0_0855.fil
Dec-0818_arcdrift_0856.fil
Dec-0818_arcdrift_0855.fil
Dec-0818_arcdrift+0_0857.fil
Dec-0818_arcdrift+0_0856.fil
Dec-0818_arcdrift_0858.fil
Dec-0818_arcdrift_0857.fil
Dec-0818_arcdrift+0_0859.fil
Dec-0818_arcdrift+0_0858.fil
Dec-0818_arcdrift+0_0861.fil
Dec-0818_arcdrift_0859.fil
Dec-0818_arcdrift+0_0863.fil
Dec-0818_arcdrift+0_0860.fil
Dec-0818_arcdrift+0_0865.fil
Dec-0818_arcdrift+0_0862.fil
Dec-0818_arcdrift+0_0867.fil
Dec-0818_arcdrift+0_0864.fil
Dec-0818_arcdrift+0_0869.fil
Dec-0818_arcdrift+0_0866.fil
Dec-0818_arcdrift+0_0871.fil
Dec-0818_arcdrift+0_0868.fil
Dec-0818_arcdrift+0_0873.fil
Dec-0818_arcdrift+0_0870.fil
Dec-0818_arcdrift+0_0875.fil
Dec-0818_arcdrift+0_0872.fil
Dec-0818_arcdrift+0_0877.fil
Dec-0818_arcdrift+0_0874.fil
Dec-0818_arcdrift+0_0879.fil
Dec-0818_arcdrift+0_0876.fil
Dec-0818_arcdrift+0_0881.fil
Dec-0818_arcdrift+0_0878.fil
Dec-0818_arcdrift+0_0883.fil
Dec-0818_arcdrift+0_0885.fil
Dec-0818_arcdrift+0_0880.fil
Dec-0818_arcdrift+0_0887.fil
Dec-0818_arcdrift+0_0882.fil
Dec-0818_arcdrift+0_0889.fil
Dec-0818_arcdrift+0_0884.fil
Dec-0818_arcdrift+0_0891.fil
Dec-0818_arcdrift+0_0886.fil
Dec-0818_arcdrift+0_0893.fil
Dec-0818_arcdrift+0_0888.fil
Dec-0818_arcdrift+0_0895.fil
Dec-0818_arcdrift+0_0890.fil
Dec-0818_arcdrift+0_0897.fil
Dec-0818_arcdrift+0_0892.fil
Dec-0818_arcdrift+0_0899.fil
Dec-0818_arcdrift+0_0894.fil
Dec-0818_arcdrift+0_0901.fil
Dec-0818_arcdrift+0_0896.fil
Dec-0818_arcdrift+0_0903.fil
Dec-0818_arcdrift+0_0898.fil
Dec-0818_arcdrift+0_0905.fil
Dec-0818_arcdrift+0_0900.fil
Dec-0818_arcdrift+0_0907.fil
Dec-0818_arcdrift+0_0902.fil
Dec-0818_arcdrift+0_0909.fil
Dec-0818_arcdrift+0_0904.fil
Dec-0818_arcdrift+0_0911.fil
Dec-0818_arcdrift+0_0906.fil
Dec-0818_arcdrift+0_0913.fil
Dec-0818_arcdrift+0_0908.fil
Dec-0818_arcdrift+0_0915.fil
Dec-0818_arcdrift+0_0910.fil
Dec-0818_arcdrift+0_0917.fil
Dec-0818_arcdrift+0_0912.fil
Dec-0818_arcdrift+0_0919.fil
Dec-0818_arcdrift+0_0921.fil
Dec-0818_arcdrift+0_0914.fil
Dec-0818_arcdrift+0_0916.fil
Dec-0818_arcdrift+0_0923.fil
Dec-0818_arcdrift+0_0925.fil
Dec-0818_arcdrift+0_0918.fil
Dec-0818_arcdrift+0_0927.fil
Dec-0818_arcdrift+0_0920.fil
Dec-0818_arcdrift+0_0929.fil
Dec-0818_arcdrift+0_0922.fil
Dec-0818_arcdrift+0_0931.fil
Dec-0818_arcdrift+0_0924.fil
Dec-0818_arcdrift+0_0933.fil
Dec-0818_arcdrift+0_0926.fil
Dec-0818_arcdrift+0_0935.fil
Dec-0818_arcdrift+0_0928.fil
Dec-0818_arcdrift+0_0937.fil
Dec-0818_arcdrift+0_0930.fil
Dec-0818_arcdrift+0_0939.fil
Dec-0818_arcdrift+0_0932.fil
Dec-0818_arcdrift+0_0941.fil
Dec-0818_arcdrift+0_0934.fil
Dec-0818_arcdrift+0_0943.fil
Dec-0818_arcdrift+0_0936.fil
Dec-0818_arcdrift+0_0945.fil
Dec-0818_arcdrift+0_0938.fil
Dec-0818_arcdrift+0_0947.fil
Dec-0818_arcdrift+0_0940.fil
Dec-0818_arcdrift+0_0949.fil
Dec-0818_arcdrift+0_0942.fil
Dec-0818_arcdrift+0_0951.fil
Dec-0818_arcdrift+0_0944.fil
Dec-0818_arcdrift+0_0953.fil
Dec-0818_arcdrift+0_0946.fil
Dec-0818_arcdrift+0_0955.fil
Dec-0818_arcdrift+0_0948.fil
Dec-0818_arcdrift+0_0957.fil
Dec-0818_arcdrift+0_0950.fil
Dec-0818_arcdrift+0_0959.fil
Dec-0818_arcdrift+0_0952.fil
Dec-0818_arcdrift+0_0961.fil
Dec-0818_arcdrift+0_0954.fil
Dec-0818_arcdrift+0_0963.fil
Dec-0818_arcdrift+0_0956.fil
Dec-0818_arcdrift+0_0965.fil
Dec-0818_arcdrift+0_0967.fil
Dec-0818_arcdrift+0_0958.fil
Dec-0818_arcdrift+0_0969.fil
Dec-0818_arcdrift+0_0960.fil
Dec-0818_arcdrift+0_0971.fil
Dec-0818_arcdrift+0_0962.fil
Dec-0818_arcdrift+0_0973.fil
Dec-0818_arcdrift+0_0964.fil
Dec-0818_arcdrift+0_0975.fil
Dec-0818_arcdrift+0_0966.fil
Dec-0818_arcdrift+0_0977.fil
Dec-0818_arcdrift+0_0968.fil
Dec-0818_arcdrift+0_0979.fil
Dec-0818_arcdrift+0_0970.fil
Dec-0818_arcdrift+0_0981.fil
Dec-0818_arcdrift+0_0972.fil
Dec-0818_arcdrift+0_0983.fil
Dec-0818_arcdrift+0_0974.fil
Dec-0818_arcdrift+0_0985.fil
Dec-0818_arcdrift+0_0976.fil
Dec-0818_arcdrift+0_0987.fil
Dec-0818_arcdrift+0_0978.fil
Dec-0818_arcdrift+0_0989.fil
Dec-0818_arcdrift+0_0980.fil
Dec-0818_arcdrift+0_0991.fil
Dec-0818_arcdrift+0_0982.fil
Dec-0818_arcdrift+0_0993.fil
Dec-0818_arcdrift+0_0984.fil
Dec-0818_arcdrift+0_0995.fil
Dec-0818_arcdrift+0_0986.fil
Dec-0818_arcdrift+0_0997.fil
Dec-0818_arcdrift+0_0988.fil
Dec-0818_arcdrift+0_0999.fil
Dec-0818_arcdrift+0_0990.fil
Dec-0818_arcdrift+0_1001.fil
Dec-0818_arcdrift+0_0992.fil
Dec-0818_arcdrift+0_1003.fil
Dec-0818_arcdrift+0_0994.fil
Dec-0818_arcdrift+0_1005.fil
Dec-0818_arcdrift+0_0996.fil
Dec-0818_arcdrift+0_1007.fil
Dec-0818_arcdrift+0_0998.fil
Dec-0818_arcdrift+0_1009.fil
Dec-0818_arcdrift+0_1000.fil
Dec-0818_arcdrift+0_1011.fil
Dec-0818_arcdrift+0_1013.fil
Dec-0818_arcdrift+0_1002.fil
Dec-0818_arcdrift+0_1015.fil
Dec-0818_arcdrift+0_1004.fil
Dec-0818_arcdrift+0_1006.fil
Dec-0818_arcdrift+0_1017.fil
Dec-0818_arcdrift+0_1008.fil
Dec-0818_arcdrift+0_1019.fil
Dec-0818_arcdrift+0_1010.fil
Dec-0818_arcdrift+0_1021.fil
Dec-0818_arcdrift+0_1012.fil
Dec-0818_arcdrift+0_1023.fil
Dec-0818_arcdrift+0_1014.fil
Dec-0818_arcdrift+0_1025.fil
Dec-0818_arcdrift+0_1016.fil
Dec-0818_arcdrift+0_1027.fil
Dec-0818_arcdrift+0_1018.fil
Dec-0818_arcdrift+0_1029.fil
Dec-0818_arcdrift+0_1020.fil
Dec-0818_arcdrift+0_1031.fil
Dec-0818_arcdrift+0_1022.fil
Dec-0818_arcdrift+0_1033.fil
Dec-0818_arcdrift+0_1024.fil
Dec-0818_arcdrift+0_1035.fil
Dec-0818_arcdrift+0_1026.fil
Dec-0818_arcdrift+0_1037.fil
Dec-0818_arcdrift+0_1028.fil
Dec-0818_arcdrift+0_1039.fil
Dec-0818_arcdrift+0_1030.fil
Dec-0818_arcdrift+0_1041.fil
Dec-0818_arcdrift+0_1032.fil
Dec-0818_arcdrift+0_1043.fil
Dec-0818_arcdrift+0_1034.fil
Dec-0818_arcdrift+0_1045.fil
Dec-0818_arcdrift+0_1036.fil
Dec-0818_arcdrift+0_1047.fil
Dec-0818_arcdrift+0_1038.fil
Dec-0818_arcdrift+0_1049.fil
Dec-0818_arcdrift+0_1040.fil
Dec-0818_arcdrift+0_1051.fil
Dec-0818_arcdrift+0_1042.fil
Dec-0818_arcdrift+0_1053.fil
Dec-0818_arcdrift+0_1044.fil
Dec-0818_arcdrift+0_1055.fil
Dec-0818_arcdrift+0_1046.fil
Dec-0818_arcdrift+0_1057.fil
Dec-0818_arcdrift+0_1048.fil
Dec-0818_arcdrift+0_1059.fil
Dec-0818_arcdrift+0_1050.fil
Dec-0818_arcdrift+0_1061.fil
Dec-0818_arcdrift+0_1052.fil
Dec-0818_arcdrift+0_1063.fil
Dec-0818_arcdrift+0_1054.fil
Dec-0818_arcdrift+0_1065.fil
Dec-0818_arcdrift+0_1056.fil
Dec-0818_arcdrift+0_1067.fil
Dec-0818_arcdrift+0_1058.fil
Dec-0818_arcdrift+0_1069.fil
Dec-0818_arcdrift+0_1060.fil
Dec-0818_arcdrift+0_1062.fil
Dec-0818_arcdrift+0_1071.fil
Dec-0818_arcdrift+0_1064.fil
Dec-0818_arcdrift+0_1073.fil
Dec-0818_arcdrift+0_1066.fil
Dec-0818_arcdrift+0_1075.fil
Dec-0818_arcdrift+0_1068.fil
Dec-0818_arcdrift+0_1077.fil
Dec-0818_arcdrift+0_1070.fil
Dec-0818_arcdrift+0_1079.fil
Dec-0818_arcdrift+0_1072.fil
Dec-0818_arcdrift+0_1081.fil
Dec-0818_arcdrift+0_1074.fil
Dec-0818_arcdrift+0_1083.fil
Dec-0818_arcdrift+0_1076.fil
Dec-0818_arcdrift+0_1085.fil
Dec-0818_arcdrift+0_1078.fil
Dec-0818_arcdrift+0_1087.fil
Dec-0818_arcdrift+0_1080.fil
Dec-0818_arcdrift+0_1089.fil
Dec-0818_arcdrift+0_1082.fil
Dec-0818_arcdrift+0_1091.fil
Dec-0818_arcdrift+0_1084.fil
Dec-0818_arcdrift+0_1093.fil
Dec-0818_arcdrift+0_1086.fil
Dec-0818_arcdrift+0_1095.fil
Dec-0818_arcdrift+0_1097.fil
Dec-0818_arcdrift+0_1088.fil
Dec-0818_arcdrift+0_1099.fil
Dec-0818_arcdrift+0_1090.fil
Dec-0818_arcdrift+0_1101.fil
Dec-0818_arcdrift+0_1092.fil
Dec-0818_arcdrift+0_1103.fil
Dec-0818_arcdrift+0_1094.fil
Dec-0818_arcdrift+0_1105.fil
Dec-0818_arcdrift+0_1096.fil
Dec-0818_arcdrift+0_1107.fil
Dec-0818_arcdrift+0_1098.fil
Dec-0818_arcdrift+0_1109.fil
Dec-0818_arcdrift+0_1100.fil
Dec-0818_arcdrift+0_1111.fil
Dec-0818_arcdrift+0_1102.fil
Dec-0818_arcdrift+0_1113.fil
Dec-0818_arcdrift+0_1104.fil
Dec-0818_arcdrift+0_1115.fil
Dec-0818_arcdrift+0_1106.fil
Dec-0818_arcdrift+0_1117.fil
Dec-0818_arcdrift+0_1108.fil
Dec-0818_arcdrift+0_1119.fil
Dec-0818_arcdrift+0_1110.fil
Dec-0818_arcdrift+0_1121.fil
Dec-0818_arcdrift+0_1112.fil
Dec-0818_arcdrift+0_1123.fil
Dec-0818_arcdrift+0_1114.fil
Dec-0818_arcdrift+0_1125.fil
Dec-0818_arcdrift+0_1116.fil
Dec-0818_arcdrift+0_1127.fil
Dec-0818_arcdrift+0_1118.fil
Dec-0818_arcdrift+0_1129.fil
Dec-0818_arcdrift+0_1120.fil
Dec-0818_arcdrift+0_1131.fil
Dec-0818_arcdrift+0_1122.fil
Dec-0818_arcdrift+0_1133.fil
Dec-0818_arcdrift+0_1124.fil
Dec-0818_arcdrift+0_1135.fil
Dec-0818_arcdrift+0_1126.fil
Dec-0818_arcdrift+0_1137.fil
Dec-0818_arcdrift+0_1128.fil
Dec-0818_arcdrift+0_1139.fil
Dec-0818_arcdrift+0_1130.fil
Dec-0818_arcdrift+0_1141.fil
Dec-0818_arcdrift+0_1132.fil
Dec-0818_arcdrift+0_1134.fil
Dec-0818_arcdrift+0_1143.fil
Dec-0818_arcdrift+0_1145.fil
Dec-0818_arcdrift+0_1136.fil
Dec-0818_arcdrift+0_1147.fil
Dec-0818_arcdrift+0_1138.fil
Dec-0818_arcdrift+0_1149.fil
Dec-0818_arcdrift+0_1140.fil
Dec-0818_arcdrift+0_1151.fil
Dec-0818_arcdrift+0_1142.fil
Dec-0818_arcdrift+0_1153.fil
Dec-0818_arcdrift+0_1144.fil
Dec-0818_arcdrift+0_1155.fil
Dec-0818_arcdrift+0_1146.fil
Dec-0818_arcdrift+0_1157.fil
Dec-0818_arcdrift+0_1148.fil
Dec-0818_arcdrift+0_1159.fil
Dec-0818_arcdrift+0_1150.fil
Dec-0818_arcdrift+0_1161.fil
Dec-0818_arcdrift+0_1152.fil
Dec-0818_arcdrift+0_1163.fil
Dec-0818_arcdrift+0_1154.fil
Dec-0818_arcdrift+0_1165.fil
Dec-0818_arcdrift+0_1156.fil
Dec-0818_arcdrift+0_1167.fil
Dec-0818_arcdrift+0_1158.fil
Dec-0818_arcdrift+0_1169.fil
Dec-0818_arcdrift+0_1160.fil
Dec-0818_arcdrift+0_1162.fil
Dec-0818_arcdrift+0_1171.fil
Dec-0818_arcdrift+0_1164.fil
Dec-0818_arcdrift+0_1173.fil
Dec-0818_arcdrift+0_1166.fil
Dec-0818_arcdrift+0_1175.fil
Dec-0818_arcdrift+0_1168.fil
Dec-0818_arcdrift+0_1177.fil
Dec-0818_arcdrift+0_1170.fil
Dec-0818_arcdrift+0_1179.fil
Dec-0818_arcdrift+0_1172.fil
Dec-0818_arcdrift+0_1181.fil
Dec-0818_arcdrift+0_1174.fil
Dec-0818_arcdrift+0_1183.fil
Dec-0818_arcdrift+0_1176.fil
Dec-0818_arcdrift+0_1185.fil
Dec-0818_arcdrift+0_1178.fil
Dec-0818_arcdrift+0_1187.fil
Dec-0818_arcdrift+0_1180.fil
Dec-0818_arcdrift+0_1189.fil
Dec-0818_arcdrift+0_1182.fil
Dec-0818_arcdrift+0_1191.fil
Dec-0818_arcdrift+0_1184.fil
Dec-0818_arcdrift+0_1193.fil
Dec-0818_arcdrift+0_1186.fil
Dec-0818_arcdrift+0_1195.fil
Dec-0818_arcdrift+0_1188.fil
Dec-0818_arcdrift+0_1197.fil
Dec-0818_arcdrift+0_1190.fil
Dec-0818_arcdrift+0_1199.fil
Dec-0818_arcdrift+0_1192.fil
Dec-0818_arcdrift+0_1201.fil
Dec-0818_arcdrift+0_1194.fil
Dec-0818_arcdrift+0_1203.fil
Dec-0818_arcdrift+0_1196.fil
Dec-0818_arcdrift+0_1205.fil
Dec-0818_arcdrift+0_1198.fil
Dec-0818_arcdrift+0_1207.fil
Dec-0818_arcdrift+0_1200.fil
Dec-0818_arcdrift+0_1209.fil
Dec-0818_arcdrift+0_1202.fil
Dec-0818_arcdrift+0_1211.fil
Dec-0818_arcdrift+0_1204.fil
Dec-0818_arcdrift+0_1213.fil
Dec-0818_arcdrift+0_1206.fil
Dec-0818_arcdrift+0_1215.fil
Dec-0818_arcdrift+0_1208.fil
Dec-0818_arcdrift+0_1217.fil
Dec-0818_arcdrift+0_1210.fil
Dec-0818_arcdrift+0_1219.fil
Dec-0818_arcdrift+0_1212.fil
Dec-0818_arcdrift+0_1221.fil
Dec-0818_arcdrift+0_1214.fil
Dec-0818_arcdrift+0_1223.fil
Dec-0818_arcdrift+0_1216.fil
Dec-0818_arcdrift+0_1225.fil
Dec-0818_arcdrift+0_1218.fil
Dec-0818_arcdrift+0_1227.fil
Dec-0818_arcdrift+0_1220.fil
Dec-0818_arcdrift+0_1229.fil
Dec-0818_arcdrift+0_1222.fil
Dec-0818_arcdrift+0_1231.fil
Dec-0818_arcdrift+0_1224.fil
Dec-0818_arcdrift+0_1233.fil
Dec-0818_arcdrift+0_1226.fil
Dec-0818_arcdrift+0_1235.fil
Dec-0818_arcdrift+0_1228.fil
Dec-0818_arcdrift+0_1237.fil
Dec-0818_arcdrift+0_1230.fil
Dec-0818_arcdrift+0_1239.fil
Dec-0818_arcdrift+0_1232.fil
Done!

Dec-0818_arcdrift+0_1234.fil
Dec-0818_arcdrift+0_1236.fil
Dec-0818_arcdrift+0_1238.fil
Dec-0818_arcdrift+0_1240.fil
Done!

