

HostID:(19)Start Hunting Date:201906/19/!
--------------------------------------------------


Dec-0817_drifting_0001.fil
Dec-0817_drifting_night_0001.fil
Dec-0817_drifting_night_0002.fil
Dec-0817_drifting_0002.fil
Dec-0817_drifting_0003.fil
Dec-0817_drifting_night_0003.fil
Dec-0817_drifting_night_0004.fil
Dec-0817_drifting_0004.fil
Dec-0817_drifting_0005.fil
Dec-0817_drifting_night_0005.fil
Dec-0817_drifting_night_0006.fil
Dec-0817_drifting_0006.fil
Dec-0817_drifting_0007.fil
Dec-0817_drifting_night_0007.fil
Dec-0817_drifting_night_0008.fil
Dec-0817_drifting_0008.fil
Dec-0817_drifting_0009.fil
Dec-0817_drifting_night_0009.fil
Dec-0817_drifting_0010.fil
Dec-0817_drifting_night_0010.fil
Dec-0817_drifting_night_0011.fil
Dec-0817_drifting_0011.fil
Dec-0817_drifting_0012.fil
Dec-0817_drifting_night_0013.fil
Dec-0817_drifting_night_0012.fil
Dec-0817_drifting_0014.fil
Dec-0817_drifting_0013.fil
Dec-0817_drifting_night_0015.fil
Dec-0817_drifting_night_0014.fil
Dec-0817_drifting_0016.fil
Dec-0817_drifting_0015.fil
Dec-0817_drifting_night_0017.fil
Dec-0817_drifting_night_0016.fil
Dec-0817_drifting_0018.fil
Dec-0817_drifting_0017.fil
Dec-0817_drifting_night_0019.fil
Dec-0817_drifting_night_0018.fil
Dec-0817_drifting_night_0020.fil
Dec-0817_drifting_0019.fil
Dec-0817_drifting_0021.fil
Dec-0817_drifting_0020.fil
Dec-0817_drifting_night_0022.fil
Dec-0817_drifting_night_0021.fil
Dec-0817_drifting_0023.fil
Dec-0817_drifting_0022.fil
Dec-0817_drifting_night_0024.fil
Dec-0817_drifting_night_0023.fil
Dec-0817_drifting_0025.fil
Dec-0817_drifting_0024.fil
Dec-0817_drifting_night_0026.fil
Dec-0817_drifting_night_0025.fil
Dec-0817_drifting_0027.fil
Dec-0817_drifting_0026.fil
Dec-0817_drifting_night_0028.fil
Dec-0817_drifting_night_0027.fil
Dec-0817_drifting_0029.fil
Dec-0817_drifting_0028.fil
Dec-0817_drifting_0030.fil
Dec-0817_drifting_night_0029.fil
Dec-0817_drifting_night_0031.fil
Dec-0817_drifting_night_0030.fil
Dec-0817_drifting_0032.fil
Dec-0817_drifting_0031.fil
Dec-0817_drifting_night_0033.fil
Dec-0817_drifting_night_0032.fil
Dec-0817_drifting_0034.fil
Dec-0817_drifting_0033.fil
Dec-0817_drifting_night_0035.fil
Dec-0817_drifting_night_0034.fil
Dec-0817_drifting_0036.fil
Dec-0817_drifting_0035.fil
Dec-0817_drifting_night_0037.fil
Dec-0817_drifting_night_0036.fil
Dec-0817_drifting_0038.fil
Dec-0817_drifting_0037.fil
Dec-0817_drifting_night_0039.fil
Dec-0817_drifting_night_0038.fil
Dec-0817_drifting_night_0040.fil
Dec-0817_drifting_0039.fil
Dec-0817_drifting_0041.fil
Dec-0817_drifting_0040.fil
Dec-0817_drifting_night_0042.fil
Dec-0817_drifting_night_0041.fil
Dec-0817_drifting_0043.fil
Dec-0817_drifting_0042.fil
Dec-0817_drifting_night_0044.fil
Dec-0817_drifting_night_0043.fil
Dec-0817_drifting_0044.fil
Dec-0817_drifting_0045.fil
Dec-0817_drifting_night_0046.fil
Dec-0817_drifting_night_0045.fil
Dec-0817_drifting_0046.fil
Dec-0817_drifting_0047.fil
Dec-0817_drifting_night_0047.fil
Dec-0817_drifting_night_0048.fil
Dec-0817_drifting_0048.fil
Dec-0817_drifting_0049.fil
Dec-0817_drifting_night_0049.fil
Dec-0817_drifting_0050.fil
Dec-0817_drifting_night_0050.fil
Dec-0817_drifting_night_0051.fil
Dec-0817_drifting_0051.fil
Dec-0817_drifting_0052.fil
Dec-0817_drifting_night_0052.fil
Dec-0817_drifting_night_0053.fil
Dec-0817_drifting_0053.fil
Dec-0817_drifting_0054.fil
Dec-0817_drifting_night_0054.fil
Dec-0817_drifting_night_0055.fil
Dec-0817_drifting_0055.fil
Dec-0817_drifting_0056.fil
Dec-0817_drifting_night_0056.fil
Dec-0817_drifting_night_0057.fil
Dec-0817_drifting_0057.fil
Dec-0817_drifting_0058.fil
Dec-0817_drifting_night_0058.fil
Dec-0817_drifting_night_0059.fil
Dec-0817_drifting_0059.fil
Dec-0817_drifting_night_0060.fil
Dec-0817_drifting_0060.fil
Dec-0817_drifting_0061.fil
Dec-0817_drifting_night_0061.fil
Dec-0817_drifting_night_0062.fil
Dec-0817_drifting_0062.fil
Dec-0817_drifting_0063.fil
Dec-0817_drifting_night_0063.fil
Dec-0817_drifting_night_0064.fil
Dec-0817_drifting_0064.fil
Dec-0817_drifting_0065.fil
Dec-0817_drifting_night_0065.fil
Dec-0817_drifting_night_0066.fil
Dec-0817_drifting_0066.fil
Dec-0817_drifting_0067.fil
Dec-0817_drifting_night_0067.fil
Dec-0817_drifting_night_0068.fil
Dec-0817_drifting_0068.fil
Dec-0817_drifting_0069.fil
Dec-0817_drifting_night_0069.fil
Dec-0817_drifting_0070.fil
Dec-0817_drifting_night_0070.fil
Dec-0817_drifting_night_0071.fil
Dec-0817_drifting_0071.fil
Dec-0817_drifting_0072.fil
Dec-0817_drifting_night_0072.fil
Dec-0817_drifting_night_0073.fil
Dec-0817_drifting_0073.fil
Dec-0817_drifting_0074.fil
Dec-0817_drifting_night_0074.fil
Dec-0817_drifting_night_0075.fil
Dec-0817_drifting_0075.fil
Dec-0817_drifting_0076.fil
Dec-0817_drifting_night_0076.fil
Dec-0817_drifting_night_0077.fil
Dec-0817_drifting_0077.fil
Dec-0817_drifting_0078.fil
Dec-0817_drifting_night_0078.fil
Dec-0817_drifting_night_0079.fil
Dec-0817_drifting_0079.fil
Dec-0817_drifting_night_0080.fil
Dec-0817_drifting_0080.fil
Dec-0817_drifting_0081.fil
Dec-0817_drifting_night_0081.fil
Dec-0817_drifting_night_0082.fil
Dec-0817_drifting_0082.fil
Dec-0817_drifting_0083.fil
Dec-0817_drifting_night_0083.fil
Dec-0817_drifting_night_0084.fil
Dec-0817_drifting_0084.fil
Dec-0817_drifting_0085.fil
Dec-0817_drifting_night_0085.fil
Dec-0817_drifting_night_0086.fil
Dec-0817_drifting_0086.fil
Dec-0817_drifting_0087.fil
Dec-0817_drifting_night_0087.fil
Dec-0817_drifting_night_0088.fil
Dec-0817_drifting_0088.fil
Dec-0817_drifting_0089.fil
Dec-0817_drifting_night_0089.fil
Dec-0817_drifting_0090.fil
Dec-0817_drifting_night_0090.fil
Dec-0817_drifting_night_0091.fil
Dec-0817_drifting_0091.fil
Dec-0817_drifting_0092.fil
Dec-0817_drifting_night_0092.fil
Dec-0817_drifting_night_0093.fil
Dec-0817_drifting_0093.fil
Dec-0817_drifting_0094.fil
Dec-0817_drifting_night_0094.fil
Dec-0817_drifting_night_0095.fil
Dec-0817_drifting_0095.fil
Dec-0817_drifting_0096.fil
Dec-0817_drifting_night_0096.fil
Dec-0817_drifting_night_0097.fil
Dec-0817_drifting_0097.fil
Dec-0817_drifting_0098.fil
Dec-0817_drifting_night_0098.fil
Dec-0817_drifting_night_0099.fil
Dec-0817_drifting_0099.fil
Dec-0817_drifting_0100.fil
Dec-0817_drifting_night_0100.fil
Dec-0817_drifting_night_0101.fil
Dec-0817_drifting_0101.fil
Dec-0817_drifting_0102.fil
Dec-0817_drifting_night_0102.fil
Dec-0817_drifting_night_0103.fil
Dec-0817_drifting_0103.fil
Dec-0817_drifting_0104.fil
Dec-0817_drifting_night_0104.fil
Dec-0817_drifting_night_0105.fil
Dec-0817_drifting_0105.fil
Dec-0817_drifting_0106.fil
Dec-0817_drifting_night_0106.fil
Dec-0817_drifting_night_0107.fil
Dec-0817_drifting_0107.fil
Dec-0817_drifting_0108.fil
Dec-0817_drifting_night_0108.fil
Dec-0817_drifting_night_0109.fil
Dec-0817_drifting_0109.fil
Dec-0817_drifting_night_0110.fil
Dec-0817_drifting_0110.fil
Dec-0817_drifting_0111.fil
Dec-0817_drifting_night_0111.fil
Dec-0817_drifting_night_0112.fil
Dec-0817_drifting_0112.fil
Dec-0817_drifting_0113.fil
Dec-0817_drifting_night_0113.fil
Dec-0817_drifting_night_0114.fil
Dec-0817_drifting_0114.fil
Dec-0817_drifting_0115.fil
Dec-0817_drifting_night_0115.fil
Dec-0817_drifting_night_0116.fil
Dec-0817_drifting_0116.fil
Dec-0817_drifting_0117.fil
Dec-0817_drifting_night_0117.fil
Dec-0817_drifting_night_0118.fil
Dec-0817_drifting_0118.fil
Dec-0817_drifting_0119.fil
Dec-0817_drifting_night_0119.fil
Dec-0817_drifting_0120.fil
Dec-0817_drifting_night_0120.fil
Dec-0817_drifting_night_0121.fil
Dec-0817_drifting_0121.fil
Dec-0817_drifting_0122.fil
Dec-0817_drifting_night_0122.fil
Dec-0817_drifting_night_0123.fil
Dec-0817_drifting_0123.fil
Dec-0817_drifting_0124.fil
Dec-0817_drifting_night_0124.fil
Dec-0817_drifting_night_0125.fil
Dec-0817_drifting_0125.fil
Dec-0817_drifting_0126.fil
Dec-0817_drifting_night_0126.fil
Dec-0817_drifting_night_0127.fil
Dec-0817_drifting_0127.fil
Dec-0817_drifting_0128.fil
Dec-0817_drifting_night_0128.fil
Dec-0817_drifting_night_0129.fil
Dec-0817_drifting_0129.fil
Dec-0817_drifting_night_0130.fil
Dec-0817_drifting_0130.fil
Dec-0817_drifting_0131.fil
Dec-0817_drifting_night_0131.fil
Dec-0817_drifting_0132.fil
Dec-0817_drifting_night_0132.fil
Dec-0817_drifting_night_0133.fil
Dec-0817_drifting_0133.fil
Dec-0817_drifting_0134.fil
Dec-0817_drifting_night_0134.fil
Dec-0817_drifting_night_0135.fil
Dec-0817_drifting_0135.fil
Dec-0817_drifting_0136.fil
Dec-0817_drifting_night_0136.fil
Dec-0817_drifting_night_0137.fil
Dec-0817_drifting_0137.fil
Dec-0817_drifting_0138.fil
Dec-0817_drifting_night_0138.fil
Dec-0817_drifting_night_0139.fil
Dec-0817_drifting_0139.fil
Dec-0817_drifting_night_0140.fil
Dec-0817_drifting_0140.fil
Dec-0817_drifting_0141.fil
Dec-0817_drifting_night_0141.fil
Dec-0817_drifting_night_0142.fil
Dec-0817_drifting_0142.fil
Dec-0817_drifting_0143.fil
Dec-0817_drifting_night_0143.fil
Dec-0817_drifting_night_0144.fil
Dec-0817_drifting_0144.fil
Dec-0817_drifting_0145.fil
Dec-0817_drifting_night_0145.fil
Dec-0817_drifting_night_0146.fil
Dec-0817_drifting_0146.fil
Dec-0817_drifting_0147.fil
Dec-0817_drifting_night_0147.fil
Dec-0817_drifting_night_0148.fil
Dec-0817_drifting_0148.fil
Dec-0817_drifting_0149.fil
Dec-0817_drifting_0150.fil
Dec-0817_drifting_night_0149.fil
Dec-0817_drifting_night_0151.fil
Dec-0817_drifting_night_0150.fil
Dec-0817_drifting_0152.fil
Dec-0817_drifting_0151.fil
Dec-0817_drifting_night_0153.fil
Dec-0817_drifting_night_0152.fil
Dec-0817_drifting_0154.fil
Dec-0817_drifting_0153.fil
Dec-0817_drifting_night_0155.fil
Dec-0817_drifting_night_0154.fil
Dec-0817_drifting_0156.fil
Dec-0817_drifting_0155.fil
Dec-0817_drifting_night_0157.fil
Dec-0817_drifting_night_0156.fil
Dec-0817_drifting_0158.fil
Dec-0817_drifting_0157.fil
Dec-0817_drifting_night_0159.fil
Dec-0817_drifting_night_0158.fil
Dec-0817_drifting_night_0160.fil
Dec-0817_drifting_0159.fil
Dec-0817_drifting_0161.fil
Dec-0817_drifting_0160.fil
Dec-0817_drifting_night_0162.fil
Dec-0817_drifting_night_0161.fil
Dec-0817_drifting_0163.fil
Dec-0817_drifting_0162.fil
Dec-0817_drifting_night_0164.fil
Dec-0817_drifting_night_0163.fil
Dec-0817_drifting_0165.fil
Dec-0817_drifting_0164.fil
Dec-0817_drifting_night_0166.fil
Dec-0817_drifting_night_0165.fil
Dec-0817_drifting_0167.fil
Dec-0817_drifting_0166.fil
Dec-0817_drifting_night_0168.fil
Dec-0817_drifting_night_0167.fil
Dec-0817_drifting_0169.fil
Dec-0817_drifting_0168.fil
Dec-0817_drifting_0170.fil
Dec-0817_drifting_night_0169.fil
Dec-0817_drifting_night_0171.fil
Dec-0817_drifting_night_0170.fil
Dec-0817_drifting_0172.fil
Dec-0817_drifting_0171.fil
Dec-0817_drifting_night_0173.fil
Dec-0817_drifting_night_0172.fil
Dec-0817_drifting_0174.fil
Dec-0817_drifting_0173.fil
Dec-0817_drifting_night_0175.fil
Dec-0817_drifting_night_0174.fil
Dec-0817_drifting_0176.fil
Dec-0817_drifting_0175.fil
Dec-0817_drifting_night_0177.fil
Dec-0817_drifting_night_0176.fil
Dec-0817_drifting_0178.fil
Dec-0817_drifting_0177.fil
Dec-0817_drifting_night_0179.fil
Dec-0817_drifting_night_0178.fil
Dec-0817_drifting_night_0180.fil
Dec-0817_drifting_0179.fil
Dec-0817_drifting_0181.fil
Dec-0817_drifting_0180.fil
Dec-0817_drifting_night_0182.fil
Dec-0817_drifting_night_0181.fil
Dec-0817_drifting_0183.fil
Dec-0817_drifting_0182.fil
Dec-0817_drifting_night_0184.fil
Dec-0817_drifting_night_0183.fil
Dec-0817_drifting_0185.fil
Dec-0817_drifting_0184.fil
Dec-0817_drifting_night_0186.fil
Dec-0817_drifting_night_0185.fil
Dec-0817_drifting_0187.fil
Dec-0817_drifting_0186.fil
Dec-0817_drifting_night_0188.fil
Dec-0817_drifting_night_0187.fil
Dec-0817_drifting_0189.fil
Dec-0817_drifting_0188.fil
Dec-0817_drifting_0190.fil
Dec-0817_drifting_night_0189.fil
Dec-0817_drifting_night_0191.fil
Dec-0817_drifting_night_0190.fil
Dec-0817_drifting_0192.fil
Dec-0817_drifting_0191.fil
Dec-0817_drifting_night_0193.fil
Dec-0817_drifting_night_0192.fil
Dec-0817_drifting_0194.fil
Dec-0817_drifting_0193.fil
Dec-0817_drifting_night_0195.fil
Dec-0817_drifting_night_0194.fil
Dec-0817_drifting_0196.fil
Dec-0817_drifting_0195.fil
Dec-0817_drifting_night_0197.fil
Dec-0817_drifting_night_0196.fil
Dec-0817_drifting_0198.fil
Dec-0817_drifting_0197.fil
Dec-0817_drifting_night_0199.fil
Dec-0817_drifting_night_0198.fil
Dec-0817_drifting_0200.fil
Dec-0817_drifting_0199.fil
Dec-0817_drifting_night_0201.fil
Dec-0817_drifting_night_0200.fil
Dec-0817_drifting_0202.fil
Dec-0817_drifting_0201.fil
Dec-0817_drifting_night_0202.fil
Dec-0817_drifting_night_0203.fil
Dec-0817_drifting_0203.fil
Dec-0817_drifting_0204.fil
Dec-0817_drifting_night_0204.fil
Dec-0817_drifting_night_0205.fil
Dec-0817_drifting_0206.fil
Dec-0817_drifting_0205.fil
Dec-0817_drifting_night_0207.fil
Dec-0817_drifting_night_0206.fil
Dec-0817_drifting_0208.fil
Dec-0817_drifting_0207.fil
Dec-0817_drifting_night_0208.fil
Dec-0817_drifting_night_0209.fil
Dec-0817_drifting_night_0210.fil
Dec-0817_drifting_0209.fil
Dec-0817_drifting_0211.fil
Dec-0817_drifting_0210.fil
Dec-0817_drifting_night_0212.fil
Dec-0817_drifting_night_0211.fil
Dec-0817_drifting_0213.fil
Dec-0817_drifting_0212.fil
Dec-0817_drifting_night_0214.fil
Dec-0817_drifting_night_0213.fil
Dec-0817_drifting_0215.fil
Dec-0817_drifting_0214.fil
Dec-0817_drifting_night_0216.fil
Dec-0817_drifting_night_0215.fil
Dec-0817_drifting_0216.fil
Dec-0817_drifting_0217.fil
Dec-0817_drifting_night_0217.fil
Dec-0817_drifting_night_0218.fil
Dec-0817_drifting_0219.fil
Dec-0817_drifting_0218.fil
Dec-0817_drifting_night_0219.fil
Dec-0817_drifting_0220.fil
Dec-0817_drifting_night_0220.fil
Dec-0817_drifting_night_0221.fil
Dec-0817_drifting_0221.fil
Dec-0817_drifting_0222.fil
Dec-0817_drifting_night_0222.fil
Dec-0817_drifting_night_0223.fil
Dec-0817_drifting_0223.fil
Dec-0817_drifting_0224.fil
Dec-0817_drifting_night_0224.fil
Dec-0817_drifting_night_0225.fil
Dec-0817_drifting_0225.fil
Dec-0817_drifting_0226.fil
Dec-0817_drifting_night_0226.fil
Dec-0817_drifting_night_0227.fil
Dec-0817_drifting_0227.fil
Dec-0817_drifting_0228.fil
Dec-0817_drifting_night_0228.fil
Dec-0817_drifting_night_0229.fil
Dec-0817_drifting_0229.fil
Dec-0817_drifting_night_0230.fil
Dec-0817_drifting_0230.fil
Dec-0817_drifting_0231.fil
Dec-0817_drifting_night_0231.fil
Dec-0817_drifting_night_0232.fil
Dec-0817_drifting_0232.fil
Dec-0817_drifting_0233.fil
Dec-0817_drifting_night_0233.fil
Dec-0817_drifting_night_0234.fil
Dec-0817_drifting_0234.fil
Dec-0817_drifting_0235.fil
Dec-0817_drifting_night_0235.fil
Dec-0817_drifting_night_0236.fil
Dec-0817_drifting_0236.fil
Dec-0817_drifting_0237.fil
Dec-0817_drifting_night_0237.fil
Dec-0817_drifting_night_0238.fil
Dec-0817_drifting_0238.fil
Dec-0817_drifting_0239.fil
Dec-0817_drifting_night_0239.fil
Dec-0817_drifting_0240.fil
Dec-0817_drifting_night_0240.fil
Dec-0817_drifting_night_0241.fil
Dec-0817_drifting_0241.fil
Dec-0817_drifting_0242.fil
Dec-0817_drifting_night_0242.fil
Dec-0817_drifting_night_0243.fil
Dec-0817_drifting_0243.fil
Dec-0817_drifting_0244.fil
Dec-0817_drifting_night_0244.fil
Dec-0817_drifting_night_0245.fil
Dec-0817_drifting_0245.fil
Dec-0817_drifting_0246.fil
Dec-0817_drifting_night_0246.fil
Dec-0817_drifting_0247.fil
Dec-0817_drifting_night_0247.fil
Dec-0817_drifting_night_0248.fil
Dec-0817_drifting_0248.fil
Dec-0817_drifting_0249.fil
Dec-0817_drifting_night_0249.fil
Dec-0817_drifting_0250.fil
Dec-0817_drifting_night_0250.fil
Dec-0817_drifting_night_0251.fil
Dec-0817_drifting_0251.fil
Dec-0817_drifting_0252.fil
Dec-0817_drifting_night_0252.fil
Dec-0817_drifting_night_0253.fil
Dec-0817_drifting_0253.fil
Dec-0817_drifting_0254.fil
Dec-0817_drifting_night_0254.fil
Dec-0817_drifting_night_0255.fil
Dec-0817_drifting_0255.fil
Dec-0817_drifting_0256.fil
Dec-0817_drifting_night_0256.fil
Dec-0817_drifting_night_0257.fil
Dec-0817_drifting_0257.fil
Dec-0817_drifting_0258.fil
Dec-0817_drifting_night_0258.fil
Dec-0817_drifting_night_0259.fil
Dec-0817_drifting_0259.fil
Dec-0817_drifting_night_0260.fil
Dec-0817_drifting_0260.fil
Dec-0817_drifting_0261.fil
Dec-0817_drifting_night_0261.fil
Dec-0817_drifting_night_0262.fil
Dec-0817_drifting_0262.fil
Dec-0817_drifting_0263.fil
Dec-0817_drifting_night_0263.fil
Dec-0817_drifting_night_0264.fil
Dec-0817_drifting_0265.fil
Dec-0817_drifting_0264.fil
Dec-0817_drifting_night_0266.fil
Dec-0817_drifting_night_0265.fil
Dec-0817_drifting_0267.fil
Dec-0817_drifting_0266.fil
Dec-0817_drifting_night_0267.fil
Dec-0817_drifting_night_0268.fil
Dec-0817_drifting_0268.fil
Dec-0817_drifting_0269.fil
Dec-0817_drifting_night_0269.fil
Dec-0817_drifting_0270.fil
Dec-0817_drifting_night_0270.fil
Dec-0817_drifting_night_0271.fil
Dec-0817_drifting_0271.fil
Dec-0817_drifting_0272.fil
Dec-0817_drifting_night_0272.fil
Dec-0817_drifting_night_0273.fil
Dec-0817_drifting_0273.fil
Dec-0817_drifting_0274.fil
Dec-0817_drifting_night_0274.fil
Dec-0817_drifting_night_0275.fil
Dec-0817_drifting_0275.fil
Dec-0817_drifting_0276.fil
Dec-0817_drifting_night_0276.fil
Dec-0817_drifting_night_0277.fil
Dec-0817_drifting_0277.fil
Dec-0817_drifting_0278.fil
Dec-0817_drifting_night_0278.fil
Dec-0817_drifting_night_0279.fil
Dec-0817_drifting_0279.fil
Dec-0817_drifting_night_0280.fil
Dec-0817_drifting_0280.fil
Dec-0817_drifting_0281.fil
Dec-0817_drifting_night_0281.fil
Dec-0817_drifting_night_0282.fil
Dec-0817_drifting_0282.fil
Dec-0817_drifting_0283.fil
Dec-0817_drifting_night_0283.fil
Dec-0817_drifting_night_0284.fil
Dec-0817_drifting_0284.fil
Dec-0817_drifting_0285.fil
Dec-0817_drifting_night_0285.fil
Dec-0817_drifting_night_0286.fil
Dec-0817_drifting_0286.fil
Dec-0817_drifting_0287.fil
Dec-0817_drifting_night_0287.fil
Dec-0817_drifting_night_0288.fil
Dec-0817_drifting_0288.fil
Dec-0817_drifting_night_0289.fil
Dec-0817_drifting_0289.fil
Dec-0817_drifting_0290.fil
Dec-0817_drifting_night_0290.fil
Dec-0817_drifting_night_0291.fil
Dec-0817_drifting_0291.fil
Dec-0817_drifting_0292.fil
Dec-0817_drifting_night_0292.fil
Dec-0817_drifting_night_0293.fil
Dec-0817_drifting_0293.fil
Dec-0817_drifting_0294.fil
Dec-0817_drifting_night_0294.fil
Dec-0817_drifting_0295.fil
Dec-0817_drifting_night_0295.fil
Dec-0817_drifting_night_0296.fil
Dec-0817_drifting_0296.fil
Dec-0817_drifting_0297.fil
Dec-0817_drifting_night_0297.fil
Dec-0817_drifting_night_0298.fil
Dec-0817_drifting_0298.fil
Dec-0817_drifting_night_0299.fil
Dec-0817_drifting_0299.fil
Dec-0817_drifting_0300.fil
Dec-0817_drifting_night_0300.fil
Dec-0817_drifting_night_0301.fil
Dec-0817_drifting_0301.fil
Dec-0817_drifting_0302.fil
Dec-0817_drifting_night_0302.fil
Dec-0817_drifting_night_0303.fil
Dec-0817_drifting_0303.fil
Dec-0817_drifting_0304.fil
Dec-0817_drifting_night_0304.fil
Dec-0817_drifting_night_0305.fil
Dec-0817_drifting_0305.fil
Dec-0817_drifting_0306.fil
Dec-0817_drifting_night_0306.fil
Dec-0817_drifting_night_0307.fil
Dec-0817_drifting_0307.fil
Dec-0817_drifting_0308.fil
Dec-0817_drifting_night_0308.fil
Dec-0817_drifting_night_0309.fil
Dec-0817_drifting_0309.fil
Dec-0817_drifting_night_0310.fil
Dec-0817_drifting_0310.fil
Dec-0817_drifting_0311.fil
Dec-0817_drifting_night_0311.fil
Dec-0817_drifting_night_0312.fil
Dec-0817_drifting_0312.fil
Dec-0817_drifting_0313.fil
Dec-0817_drifting_night_0313.fil
Dec-0817_drifting_night_0314.fil
Dec-0817_drifting_0314.fil
Dec-0817_drifting_0315.fil
Dec-0817_drifting_night_0315.fil
Dec-0817_drifting_night_0316.fil
Dec-0817_drifting_0316.fil
Dec-0817_drifting_0317.fil
Dec-0817_drifting_night_0317.fil
Dec-0817_drifting_night_0318.fil
Dec-0817_drifting_0318.fil
Dec-0817_drifting_0319.fil
Dec-0817_drifting_night_0319.fil
Dec-0817_drifting_0320.fil
Dec-0817_drifting_night_0320.fil
Dec-0817_drifting_night_0321.fil
Dec-0817_drifting_0321.fil
Dec-0817_drifting_0322.fil
Dec-0817_drifting_night_0322.fil
Dec-0817_drifting_night_0323.fil
Dec-0817_drifting_0323.fil
Dec-0817_drifting_0324.fil
Dec-0817_drifting_night_0324.fil
Dec-0817_drifting_night_0325.fil
Dec-0817_drifting_0325.fil
Dec-0817_drifting_0326.fil
Dec-0817_drifting_night_0326.fil
Dec-0817_drifting_night_0327.fil
Dec-0817_drifting_0327.fil
Dec-0817_drifting_0328.fil
Dec-0817_drifting_night_0328.fil
Dec-0817_drifting_night_0329.fil
Dec-0817_drifting_0329.fil
Dec-0817_drifting_night_0330.fil
Dec-0817_drifting_0330.fil
Dec-0817_drifting_0331.fil
Dec-0817_drifting_night_0331.fil
Dec-0817_drifting_night_0332.fil
Dec-0817_drifting_0332.fil
Dec-0817_drifting_0333.fil
Dec-0817_drifting_night_0333.fil
Dec-0817_drifting_night_0334.fil
Dec-0817_drifting_0334.fil
Dec-0817_drifting_0335.fil
Dec-0817_drifting_night_0335.fil
Dec-0817_drifting_night_0336.fil
Dec-0817_drifting_0336.fil
Dec-0817_drifting_0337.fil
Dec-0817_drifting_night_0337.fil
Dec-0817_drifting_night_0338.fil
Dec-0817_drifting_0338.fil
Dec-0817_drifting_0339.fil
Dec-0817_drifting_night_0339.fil
Dec-0817_drifting_0340.fil
Dec-0817_drifting_night_0340.fil
Dec-0817_drifting_night_0341.fil
Dec-0817_drifting_0341.fil
Dec-0817_drifting_0342.fil
Dec-0817_drifting_night_0342.fil
Dec-0817_drifting_night_0343.fil
Dec-0817_drifting_0343.fil
Dec-0817_drifting_0344.fil
Dec-0817_drifting_night_0344.fil
Dec-0817_drifting_night_0345.fil
Dec-0817_drifting_0345.fil
Dec-0817_drifting_0346.fil
Dec-0817_drifting_night_0346.fil
Dec-0817_drifting_night_0347.fil
Dec-0817_drifting_0347.fil
Dec-0817_drifting_0348.fil
Dec-0817_drifting_night_0348.fil
Dec-0817_drifting_night_0349.fil
Dec-0817_drifting_0349.fil
Dec-0817_drifting_night_0350.fil
Dec-0817_drifting_0350.fil
Dec-0817_drifting_0351.fil
Dec-0817_drifting_night_0351.fil
Dec-0817_drifting_night_0352.fil
Dec-0817_drifting_0352.fil
Dec-0817_drifting_night_0353.fil
Dec-0817_drifting_0353.fil
Dec-0817_drifting_night_0354.fil
Dec-0817_drifting_0354.fil
Dec-0817_drifting_0355.fil
Dec-0817_drifting_night_0355.fil
Dec-0817_drifting_0356.fil
Dec-0817_drifting_night_0356.fil
Dec-0817_drifting_night_0357.fil
Dec-0817_drifting_0357.fil
Dec-0817_drifting_0358.fil
Dec-0817_drifting_night_0358.fil
Dec-0817_drifting_night_0359.fil
Dec-0817_drifting_0359.fil
Dec-0817_drifting_night_0360.fil
Dec-0817_drifting_0360.fil
Dec-0817_drifting_0361.fil
Dec-0817_drifting_night_0361.fil
Dec-0817_drifting_0362.fil
Dec-0817_drifting_night_0362.fil
Dec-0817_drifting_0363.fil
Dec-0817_drifting_night_0363.fil
Dec-0817_drifting_night_0364.fil
Dec-0817_drifting_0364.fil
Dec-0817_drifting_0365.fil
Dec-0817_drifting_night_0365.fil
Dec-0817_drifting_0366.fil
Dec-0817_drifting_night_0366.fil
Dec-0817_drifting_0367.fil
Dec-0817_drifting_night_0367.fil
Dec-0817_drifting_0368.fil
Dec-0817_drifting_night_0368.fil
Dec-0817_drifting_night_0369.fil
Dec-0817_drifting_0369.fil
Dec-0817_drifting_night_0370.fil
Dec-0817_drifting_0370.fil
Dec-0817_drifting_night_0371.fil
Dec-0817_drifting_0371.fil
Dec-0817_drifting_0372.fil
Dec-0817_drifting_night_0372.fil
Dec-0817_drifting_night_0373.fil
Dec-0817_drifting_0373.fil
Dec-0817_drifting_0374.fil
Dec-0817_drifting_night_0374.fil
Dec-0817_drifting_night_0375.fil
Dec-0817_drifting_0375.fil
Dec-0817_drifting_0376.fil
Dec-0817_drifting_night_0376.fil
Dec-0817_drifting_night_0377.fil
Dec-0817_drifting_0377.fil
Dec-0817_drifting_0378.fil
Dec-0817_drifting_night_0378.fil
Dec-0817_drifting_night_0379.fil
Dec-0817_drifting_0379.fil
Dec-0817_drifting_night_0380.fil
Dec-0817_drifting_0380.fil
Dec-0817_drifting_0381.fil
Dec-0817_drifting_night_0381.fil
Dec-0817_drifting_night_0382.fil
Dec-0817_drifting_0382.fil
Dec-0817_drifting_0383.fil
Dec-0817_drifting_night_0383.fil
Dec-0817_drifting_night_0384.fil
Dec-0817_drifting_0384.fil
Dec-0817_drifting_0385.fil
Dec-0817_drifting_night_0385.fil
Dec-0817_drifting_night_0386.fil
Dec-0817_drifting_0386.fil
Dec-0817_drifting_0387.fil
Dec-0817_drifting_night_0387.fil
Dec-0817_drifting_night_0388.fil
Dec-0817_drifting_0388.fil
Dec-0817_drifting_0389.fil
Dec-0817_drifting_night_0389.fil
Dec-0817_drifting_0390.fil
Dec-0817_drifting_night_0390.fil
Dec-0817_drifting_night_0391.fil
Dec-0817_drifting_0391.fil
Dec-0817_drifting_0392.fil
Dec-0817_drifting_night_0392.fil
Dec-0817_drifting_night_0393.fil
Dec-0817_drifting_0393.fil
Dec-0817_drifting_0394.fil
Dec-0817_drifting_night_0394.fil
Dec-0817_drifting_night_0395.fil
Dec-0817_drifting_0395.fil
Dec-0817_drifting_0396.fil
Dec-0817_drifting_night_0396.fil
Dec-0817_drifting_0397.fil
Dec-0817_drifting_night_0397.fil
Dec-0817_drifting_night_0398.fil
Dec-0817_drifting_0398.fil
Dec-0817_drifting_0399.fil
Dec-0817_drifting_night_0399.fil
Dec-0817_drifting_night_0400.fil
Dec-0817_drifting_0400.fil
Dec-0817_drifting_0401.fil
Dec-0817_drifting_night_0401.fil
Dec-0817_drifting_night_0402.fil
Dec-0817_drifting_0402.fil
Dec-0817_drifting_0403.fil
Dec-0817_drifting_night_0403.fil
Dec-0817_drifting_night_0404.fil
Dec-0817_drifting_0404.fil
Dec-0817_drifting_0405.fil
Dec-0817_drifting_night_0405.fil
Dec-0817_drifting_night_0406.fil
Dec-0817_drifting_0406.fil
Dec-0817_drifting_0407.fil
Dec-0817_drifting_night_0407.fil
Dec-0817_drifting_night_0408.fil
Dec-0817_drifting_0408.fil
Dec-0817_drifting_0409.fil
Dec-0817_drifting_night_0409.fil
Dec-0817_drifting_0410.fil
Dec-0817_drifting_night_0410.fil
Dec-0817_drifting_night_0411.fil
Dec-0817_drifting_0411.fil
Dec-0817_drifting_0412.fil
Dec-0817_drifting_night_0412.fil
Dec-0817_drifting_night_0413.fil
Dec-0817_drifting_0413.fil
Dec-0817_drifting_0414.fil
Dec-0817_drifting_night_0414.fil
Dec-0817_drifting_night_0415.fil
Dec-0817_drifting_0415.fil
Dec-0817_drifting_0416.fil
Dec-0817_drifting_night_0416.fil
Dec-0817_drifting_night_0417.fil
Dec-0817_drifting_0417.fil
Dec-0817_drifting_0418.fil
Dec-0817_drifting_night_0418.fil
Dec-0817_drifting_night_0419.fil
Dec-0817_drifting_0419.fil
Dec-0817_drifting_night_0420.fil
Dec-0817_drifting_0420.fil
Dec-0817_drifting_0421.fil
Dec-0817_drifting_night_0421.fil
Dec-0817_drifting_night_0422.fil
Dec-0817_drifting_0422.fil
Dec-0817_drifting_0423.fil
Dec-0817_drifting_night_0423.fil
Dec-0817_drifting_night_0424.fil
Dec-0817_drifting_0424.fil
Dec-0817_drifting_0425.fil
Dec-0817_drifting_night_0425.fil
Dec-0817_drifting_night_0426.fil
Dec-0817_drifting_0426.fil
Dec-0817_drifting_0427.fil
Dec-0817_drifting_night_0427.fil
Dec-0817_drifting_night_0428.fil
Dec-0817_drifting_0428.fil
Dec-0817_drifting_0429.fil
Dec-0817_drifting_night_0429.fil
Dec-0817_drifting_0430.fil
Dec-0817_drifting_night_0430.fil
Dec-0817_drifting_night_0431.fil
Dec-0817_drifting_0431.fil
Dec-0817_drifting_0432.fil
Dec-0817_drifting_night_0432.fil
Dec-0817_drifting_night_0433.fil
Dec-0817_drifting_0433.fil
Dec-0817_drifting_0434.fil
Dec-0817_drifting_night_0434.fil
Dec-0817_drifting_night_0435.fil
Dec-0817_drifting_0435.fil
Dec-0817_drifting_0436.fil
Dec-0817_drifting_night_0436.fil
Dec-0817_drifting_night_0437.fil
Dec-0817_drifting_0437.fil
Dec-0817_drifting_0438.fil
Dec-0817_drifting_night_0438.fil
Dec-0817_drifting_night_0439.fil
Dec-0817_drifting_0439.fil
Dec-0817_drifting_night_0440.fil
Dec-0817_drifting_0440.fil
Dec-0817_drifting_0441.fil
Dec-0817_drifting_night_0441.fil
Dec-0817_drifting_night_0442.fil
Dec-0817_drifting_0442.fil
Dec-0817_drifting_0443.fil
Dec-0817_drifting_night_0443.fil
Dec-0817_drifting_night_0444.fil
Dec-0817_drifting_0444.fil
Dec-0817_drifting_0445.fil
Dec-0817_drifting_night_0445.fil
Dec-0817_drifting_night_0446.fil
Dec-0817_drifting_0446.fil
Dec-0817_drifting_0447.fil
Dec-0817_drifting_night_0447.fil
Dec-0817_drifting_night_0448.fil
Dec-0817_drifting_0448.fil
Dec-0817_drifting_0449.fil
Dec-0817_drifting_night_0449.fil
Dec-0817_drifting_0450.fil
Dec-0817_drifting_night_0450.fil
Dec-0817_drifting_night_0451.fil
Dec-0817_drifting_0451.fil
Dec-0817_drifting_0452.fil
Dec-0817_drifting_night_0452.fil
Dec-0817_drifting_night_0453.fil
Dec-0817_drifting_0453.fil
Dec-0817_drifting_0454.fil
Dec-0817_drifting_night_0454.fil
Dec-0817_drifting_night_0455.fil
Dec-0817_drifting_0455.fil
Dec-0817_drifting_0456.fil
Dec-0817_drifting_night_0456.fil
Dec-0817_drifting_night_0457.fil
Dec-0817_drifting_0457.fil
Dec-0817_drifting_0458.fil
Dec-0817_drifting_night_0458.fil
Dec-0817_drifting_night_0459.fil
Dec-0817_drifting_0459.fil
Dec-0817_drifting_night_0460.fil
Dec-0817_drifting_0460.fil
Dec-0817_drifting_0461.fil
Dec-0817_drifting_night_0461.fil
Dec-0817_drifting_night_0462.fil
Dec-0817_drifting_0462.fil
Dec-0817_drifting_0463.fil
Dec-0817_drifting_night_0463.fil
Dec-0817_drifting_night_0464.fil
Dec-0817_drifting_0464.fil
Dec-0817_drifting_0465.fil
Dec-0817_drifting_night_0465.fil
Dec-0817_drifting_night_0466.fil
Dec-0817_drifting_0466.fil
Dec-0817_drifting_0467.fil
Dec-0817_drifting_night_0467.fil
Dec-0817_drifting_night_0468.fil
Dec-0817_drifting_0468.fil
Dec-0817_drifting_0469.fil
Dec-0817_drifting_night_0469.fil
Dec-0817_drifting_0470.fil
Dec-0817_drifting_night_0470.fil
Dec-0817_drifting_night_0471.fil
Dec-0817_drifting_0471.fil
Dec-0817_drifting_0472.fil
Dec-0817_drifting_night_0472.fil
Dec-0817_drifting_night_0473.fil
Dec-0817_drifting_0474.fil
Dec-0817_drifting_0473.fil
Dec-0817_drifting_night_0475.fil
Dec-0817_drifting_night_0474.fil
Dec-0817_drifting_0476.fil
Dec-0817_drifting_0475.fil
Dec-0817_drifting_night_0477.fil
Dec-0817_drifting_night_0476.fil
Dec-0817_drifting_0478.fil
Dec-0817_drifting_0477.fil
Dec-0817_drifting_night_0479.fil
Dec-0817_drifting_night_0478.fil
Dec-0817_drifting_night_0480.fil
Dec-0817_drifting_0479.fil
Dec-0817_drifting_0481.fil
Dec-0817_drifting_0480.fil
Dec-0817_drifting_night_0482.fil
Dec-0817_drifting_night_0481.fil
Dec-0817_drifting_0483.fil
Dec-0817_drifting_0482.fil
Dec-0817_drifting_night_0484.fil
Dec-0817_drifting_night_0483.fil
Dec-0817_drifting_0485.fil
Dec-0817_drifting_0484.fil
Dec-0817_drifting_night_0486.fil
Dec-0817_drifting_night_0485.fil
Dec-0817_drifting_0487.fil
Dec-0817_drifting_0486.fil
Dec-0817_drifting_night_0488.fil
Dec-0817_drifting_night_0487.fil
Dec-0817_drifting_0489.fil
Dec-0817_drifting_0488.fil
Dec-0817_drifting_0490.fil
Dec-0817_drifting_night_0489.fil
Dec-0817_drifting_night_0491.fil
Dec-0817_drifting_night_0490.fil
Dec-0817_drifting_0492.fil
Dec-0817_drifting_0491.fil
Dec-0817_drifting_night_0493.fil
Dec-0817_drifting_night_0492.fil
Dec-0817_drifting_0494.fil
Dec-0817_drifting_0493.fil
Dec-0817_drifting_night_0495.fil
Dec-0817_drifting_0496.fil
Dec-0817_drifting_night_0494.fil
Dec-0817_drifting_0495.fil
Dec-0817_drifting_night_0497.fil
Dec-0817_drifting_0498.fil
Dec-0817_drifting_night_0496.fil
Dec-0817_drifting_night_0499.fil
Dec-0817_drifting_0497.fil
Dec-0817_drifting_0500.fil
Dec-0817_drifting_night_0498.fil
Dec-0817_drifting_night_0501.fil
Dec-0817_drifting_0499.fil
Dec-0817_drifting_0502.fil
Dec-0817_drifting_night_0500.fil
Dec-0817_drifting_night_0503.fil
Dec-0817_drifting_0501.fil
Dec-0817_drifting_0504.fil
Dec-0817_drifting_night_0502.fil
Dec-0817_drifting_night_0505.fil
Dec-0817_drifting_0503.fil
Dec-0817_drifting_0506.fil
Dec-0817_drifting_night_0504.fil
Dec-0817_drifting_night_0507.fil
Dec-0817_drifting_0505.fil
Dec-0817_drifting_0508.fil
Dec-0817_drifting_night_0506.fil
Dec-0817_drifting_night_0509.fil
Dec-0817_drifting_0507.fil
Dec-0817_drifting_night_0510.fil
Dec-0817_drifting_night_0508.fil
Dec-0817_drifting_0511.fil
Dec-0817_drifting_0509.fil
Dec-0817_drifting_night_0512.fil
Dec-0817_drifting_0510.fil
Dec-0817_drifting_0513.fil
Dec-0817_drifting_night_0511.fil
Dec-0817_drifting_night_0514.fil
Dec-0817_drifting_0512.fil
Dec-0817_drifting_0515.fil
Dec-0817_drifting_night_0513.fil
Dec-0817_drifting_night_0516.fil
Dec-0817_drifting_0514.fil
Dec-0817_drifting_0517.fil
Dec-0817_drifting_night_0515.fil
Dec-0817_drifting_night_0518.fil
Dec-0817_drifting_0516.fil
Dec-0817_drifting_0519.fil
Dec-0817_drifting_night_0517.fil
Dec-0817_drifting_0520.fil
Dec-0817_drifting_0518.fil
Dec-0817_drifting_night_0521.fil
Dec-0817_drifting_night_0519.fil
Dec-0817_drifting_0522.fil
Dec-0817_drifting_night_0520.fil
Dec-0817_drifting_night_0523.fil
Dec-0817_drifting_0521.fil
Dec-0817_drifting_0524.fil
Dec-0817_drifting_night_0522.fil
Dec-0817_drifting_night_0525.fil
Dec-0817_drifting_0523.fil
Dec-0817_drifting_0526.fil
Dec-0817_drifting_night_0524.fil
Dec-0817_drifting_night_0527.fil
Dec-0817_drifting_0525.fil
Dec-0817_drifting_0528.fil
Dec-0817_drifting_night_0526.fil
Dec-0817_drifting_night_0529.fil
Dec-0817_drifting_0527.fil
Dec-0817_drifting_night_0530.fil
Dec-0817_drifting_night_0528.fil
Dec-0817_drifting_0531.fil
Dec-0817_drifting_0529.fil
Dec-0817_drifting_night_0532.fil
Dec-0817_drifting_0530.fil
Dec-0817_drifting_0533.fil
Dec-0817_drifting_night_0531.fil
Dec-0817_drifting_night_0534.fil
Dec-0817_drifting_0532.fil
Dec-0817_drifting_0535.fil
Dec-0817_drifting_night_0533.fil
Dec-0817_drifting_night_0536.fil
Dec-0817_drifting_0534.fil
Dec-0817_drifting_0537.fil
Dec-0817_drifting_night_0535.fil
Dec-0817_drifting_night_0538.fil
Dec-0817_drifting_0536.fil
Dec-0817_drifting_0539.fil
Dec-0817_drifting_night_0537.fil
Dec-0817_drifting_0540.fil
Dec-0817_drifting_0538.fil
Dec-0817_drifting_night_0541.fil
Dec-0817_drifting_night_0539.fil
Dec-0817_drifting_0542.fil
Dec-0817_drifting_night_0540.fil
Dec-0817_drifting_night_0543.fil
Dec-0817_drifting_0541.fil
Dec-0817_drifting_0544.fil
Dec-0817_drifting_night_0542.fil
Dec-0817_drifting_night_0545.fil
Dec-0817_drifting_0543.fil
Dec-0817_drifting_0546.fil
Dec-0817_drifting_night_0544.fil
Dec-0817_drifting_night_0547.fil
Dec-0817_drifting_0545.fil
Dec-0817_drifting_0548.fil
Dec-0817_drifting_night_0546.fil
Dec-0817_drifting_night_0549.fil
Dec-0817_drifting_0547.fil
Dec-0817_drifting_night_0550.fil
Dec-0817_drifting_night_0548.fil
Dec-0817_drifting_0551.fil
Dec-0817_drifting_0549.fil
Dec-0817_drifting_night_0552.fil
Dec-0817_drifting_0550.fil
Dec-0817_drifting_0553.fil
Dec-0817_drifting_night_0551.fil
Dec-0817_drifting_night_0554.fil
Dec-0817_drifting_0552.fil
Dec-0817_drifting_0555.fil
Dec-0817_drifting_night_0553.fil
Dec-0817_drifting_0554.fil
Dec-0817_drifting_night_0556.fil
Dec-0817_drifting_night_0555.fil
Dec-0817_drifting_0557.fil
Dec-0817_drifting_night_0558.fil
Dec-0817_drifting_0556.fil
Dec-0817_drifting_0559.fil
Dec-0817_drifting_night_0557.fil
Dec-0817_drifting_0560.fil
Dec-0817_drifting_0558.fil
Dec-0817_drifting_night_0561.fil
Dec-0817_drifting_night_0559.fil
Dec-0817_drifting_0562.fil
Dec-0817_drifting_night_0560.fil
Dec-0817_drifting_night_0563.fil
Dec-0817_drifting_0561.fil
Dec-0817_drifting_0564.fil
Dec-0817_drifting_night_0562.fil
Dec-0817_drifting_night_0565.fil
Dec-0817_drifting_0563.fil
Dec-0817_drifting_0566.fil
Dec-0817_drifting_night_0564.fil
Dec-0817_drifting_night_0567.fil
Dec-0817_drifting_0565.fil
Dec-0817_drifting_0568.fil
Dec-0817_drifting_night_0566.fil
Dec-0817_drifting_night_0569.fil
Dec-0817_drifting_0567.fil
Dec-0817_drifting_night_0570.fil
Dec-0817_drifting_night_0568.fil
Dec-0817_drifting_0571.fil
Dec-0817_drifting_0569.fil
Dec-0817_drifting_night_0572.fil
Dec-0817_drifting_0570.fil
Dec-0817_drifting_0573.fil
Dec-0817_drifting_night_0571.fil
Dec-0817_drifting_night_0574.fil
Dec-0817_drifting_0572.fil
Dec-0817_drifting_0575.fil
Dec-0817_drifting_night_0573.fil
Dec-0817_drifting_night_0576.fil
Dec-0817_drifting_0574.fil
Dec-0817_drifting_0577.fil
Dec-0817_drifting_night_0575.fil
Dec-0817_drifting_night_0578.fil
Dec-0817_drifting_0576.fil
Dec-0817_drifting_0579.fil
Dec-0817_drifting_night_0577.fil
Dec-0817_drifting_0580.fil
Dec-0817_drifting_0578.fil
Dec-0817_drifting_night_0581.fil
Dec-0817_drifting_night_0579.fil
Dec-0817_drifting_0582.fil
Dec-0817_drifting_night_0580.fil
Dec-0817_drifting_night_0583.fil
Dec-0817_drifting_0581.fil
Dec-0817_drifting_0584.fil
Dec-0817_drifting_night_0582.fil
Dec-0817_drifting_night_0585.fil
Dec-0817_drifting_0583.fil
Dec-0817_drifting_0586.fil
Dec-0817_drifting_night_0584.fil
Dec-0817_drifting_night_0587.fil
Dec-0817_drifting_0585.fil
Dec-0817_drifting_0588.fil
Dec-0817_drifting_night_0586.fil
Dec-0817_drifting_night_0589.fil
Dec-0817_drifting_0587.fil
Dec-0817_drifting_night_0590.fil
Dec-0817_drifting_night_0588.fil
Dec-0817_drifting_0591.fil
Dec-0817_drifting_0589.fil
Dec-0817_drifting_night_0592.fil
Dec-0817_drifting_0590.fil
Dec-0817_drifting_0593.fil
Dec-0817_drifting_night_0591.fil
Dec-0817_drifting_night_0594.fil
Dec-0817_drifting_0592.fil
Dec-0817_drifting_0595.fil
Dec-0817_drifting_night_0593.fil
Dec-0817_drifting_night_0596.fil
Dec-0817_drifting_0594.fil
Dec-0817_drifting_0597.fil
Dec-0817_drifting_night_0595.fil
Dec-0817_drifting_night_0598.fil
Dec-0817_drifting_0596.fil
Dec-0817_drifting_0599.fil
Dec-0817_drifting_night_0597.fil
Dec-0817_drifting_night_0600.fil
Dec-0817_drifting_0598.fil
Dec-0817_drifting_0601.fil
Dec-0817_drifting_night_0599.fil
Dec-0817_drifting_night_0602.fil
Dec-0817_drifting_0600.fil
Dec-0817_drifting_0603.fil
Dec-0817_drifting_night_0601.fil
Dec-0817_drifting_night_0604.fil
Dec-0817_drifting_0602.fil
Dec-0817_drifting_0605.fil
Dec-0817_drifting_night_0603.fil
Dec-0817_drifting_night_0606.fil
Dec-0817_drifting_0604.fil
Dec-0817_drifting_0607.fil
Dec-0817_drifting_night_0605.fil
Dec-0817_drifting_night_0608.fil
Dec-0817_drifting_0606.fil
Dec-0817_drifting_0609.fil
Dec-0817_drifting_night_0607.fil
Dec-0817_drifting_0610.fil
Dec-0817_drifting_0608.fil
Dec-0817_drifting_night_0611.fil
Dec-0817_drifting_night_0609.fil
Dec-0817_drifting_0612.fil
Dec-0817_drifting_night_0610.fil
Dec-0817_drifting_night_0613.fil
Dec-0817_drifting_0611.fil
Dec-0817_drifting_0614.fil
Dec-0817_drifting_night_0612.fil
Dec-0817_drifting_night_0615.fil
Dec-0817_drifting_0613.fil
Dec-0817_drifting_0616.fil
Dec-0817_drifting_night_0614.fil
Dec-0817_drifting_night_0617.fil
Dec-0817_drifting_0615.fil
Dec-0817_drifting_0618.fil
Dec-0817_drifting_night_0616.fil
Dec-0817_drifting_night_0619.fil
Dec-0817_drifting_0617.fil
Dec-0817_drifting_night_0620.fil
Dec-0817_drifting_night_0618.fil
Dec-0817_drifting_0621.fil
Dec-0817_drifting_0619.fil
Dec-0817_drifting_night_0622.fil
Dec-0817_drifting_0620.fil
Dec-0817_drifting_0623.fil
Dec-0817_drifting_night_0621.fil
Dec-0817_drifting_night_0624.fil
Dec-0817_drifting_0622.fil
Dec-0817_drifting_0625.fil
Dec-0817_drifting_night_0623.fil
Dec-0817_drifting_night_0626.fil
Dec-0817_drifting_0624.fil
Dec-0817_drifting_0627.fil
Dec-0817_drifting_night_0625.fil
Dec-0817_drifting_night_0628.fil
Dec-0817_drifting_0626.fil
Dec-0817_drifting_0629.fil
Dec-0817_drifting_night_0627.fil
Dec-0817_drifting_0630.fil
Dec-0817_drifting_0628.fil
Dec-0817_drifting_night_0631.fil
Dec-0817_drifting_night_0629.fil
Dec-0817_drifting_0632.fil
Dec-0817_drifting_night_0630.fil
Dec-0817_drifting_night_0633.fil
Dec-0817_drifting_0631.fil
Dec-0817_drifting_0634.fil
Dec-0817_drifting_night_0632.fil
Dec-0817_drifting_night_0635.fil
Dec-0817_drifting_0633.fil
Dec-0817_drifting_0636.fil
Dec-0817_drifting_night_0634.fil
Dec-0817_drifting_0635.fil
Dec-0817_drifting_night_0637.fil
Dec-0817_drifting_night_0636.fil
Dec-0817_drifting_0638.fil
Dec-0817_drifting_0637.fil
Dec-0817_drifting_night_0639.fil
Dec-0817_drifting_night_0638.fil
Dec-0817_drifting_night_0640.fil
Dec-0817_drifting_0639.fil
Dec-0817_drifting_0641.fil
Dec-0817_drifting_0640.fil
Dec-0817_drifting_night_0642.fil
Dec-0817_drifting_night_0641.fil
Dec-0817_drifting_0643.fil
Dec-0817_drifting_0642.fil
Dec-0817_drifting_night_0644.fil
Dec-0817_drifting_night_0643.fil
Dec-0817_drifting_0645.fil
Dec-0817_drifting_0644.fil
Dec-0817_drifting_night_0646.fil
Dec-0817_drifting_night_0645.fil
Dec-0817_drifting_0647.fil
Dec-0817_drifting_0646.fil
Dec-0817_drifting_night_0648.fil
Dec-0817_drifting_night_0647.fil
Dec-0817_drifting_0649.fil
Dec-0817_drifting_0648.fil
Dec-0817_drifting_0650.fil
Dec-0817_drifting_night_0649.fil
Dec-0817_drifting_night_0651.fil
Dec-0817_drifting_night_0650.fil
Dec-0817_drifting_0652.fil
Dec-0817_drifting_0651.fil
Dec-0817_drifting_night_0653.fil
Dec-0817_drifting_night_0652.fil
Dec-0817_drifting_0654.fil
Dec-0817_drifting_0653.fil
Dec-0817_drifting_night_0655.fil
Dec-0817_drifting_night_0654.fil
Dec-0817_drifting_0656.fil
Dec-0817_drifting_0655.fil
Dec-0817_drifting_night_0657.fil
Dec-0817_drifting_night_0656.fil
Dec-0817_drifting_0658.fil
Dec-0817_drifting_0657.fil
Dec-0817_drifting_night_0659.fil
Dec-0817_drifting_night_0658.fil
Dec-0817_drifting_night_0660.fil
Dec-0817_drifting_0659.fil
Dec-0817_drifting_0661.fil
Dec-0817_drifting_0660.fil
Dec-0817_drifting_night_0662.fil
Dec-0817_drifting_night_0661.fil
Dec-0817_drifting_0663.fil
Dec-0817_drifting_0662.fil
Dec-0817_drifting_night_0664.fil
Dec-0817_drifting_night_0663.fil
Dec-0817_drifting_0665.fil
Dec-0817_drifting_0664.fil
Dec-0817_drifting_night_0666.fil
Dec-0817_drifting_night_0665.fil
Dec-0817_drifting_0667.fil
Dec-0817_drifting_0666.fil
Dec-0817_drifting_night_0668.fil
Dec-0817_drifting_night_0667.fil
Dec-0817_drifting_0669.fil
Dec-0817_drifting_0668.fil
Dec-0817_drifting_0670.fil
Dec-0817_drifting_night_0669.fil
Dec-0817_drifting_night_0671.fil
Dec-0817_drifting_night_0670.fil
Dec-0817_drifting_0672.fil
Dec-0817_drifting_0671.fil
Dec-0817_drifting_night_0673.fil
Dec-0817_drifting_night_0672.fil
Dec-0817_drifting_0674.fil
Dec-0817_drifting_0673.fil
Dec-0817_drifting_night_0675.fil
Dec-0817_drifting_night_0674.fil
Dec-0817_drifting_0676.fil
Dec-0817_drifting_0675.fil
Dec-0817_drifting_night_0677.fil
Dec-0817_drifting_night_0676.fil
Dec-0817_drifting_0678.fil
Dec-0817_drifting_0677.fil
Dec-0817_drifting_night_0679.fil
Dec-0817_drifting_night_0678.fil
Dec-0817_drifting_night_0680.fil
Dec-0817_drifting_0679.fil
Dec-0817_drifting_0681.fil
Dec-0817_drifting_0680.fil
Dec-0817_drifting_night_0681.fil
Dec-0817_drifting_night_0682.fil
Dec-0817_drifting_0682.fil
Dec-0817_drifting_0683.fil
Dec-0817_drifting_night_0683.fil
Dec-0817_drifting_night_0684.fil
Dec-0817_drifting_0684.fil
Dec-0817_drifting_0685.fil
Dec-0817_drifting_night_0685.fil
Dec-0817_drifting_night_0686.fil
Dec-0817_drifting_0686.fil
Dec-0817_drifting_0687.fil
Dec-0817_drifting_night_0687.fil
Dec-0817_drifting_night_0688.fil
Dec-0817_drifting_0688.fil
Dec-0817_drifting_0689.fil
Dec-0817_drifting_night_0689.fil
Dec-0817_drifting_0690.fil
Dec-0817_drifting_night_0690.fil
Dec-0817_drifting_night_0691.fil
Dec-0817_drifting_0691.fil
Dec-0817_drifting_0692.fil
Dec-0817_drifting_night_0692.fil
Dec-0817_drifting_night_0693.fil
Dec-0817_drifting_0693.fil
Dec-0817_drifting_0694.fil
Dec-0817_drifting_night_0694.fil
Dec-0817_drifting_night_0695.fil
Dec-0817_drifting_0695.fil
Dec-0817_drifting_0696.fil
Dec-0817_drifting_night_0696.fil
Dec-0817_drifting_night_0697.fil
Dec-0817_drifting_0697.fil
Dec-0817_drifting_0698.fil
Dec-0817_drifting_night_0698.fil
Dec-0817_drifting_night_0699.fil
Dec-0817_drifting_0699.fil
Dec-0817_drifting_0700.fil
Dec-0817_drifting_night_0700.fil
Dec-0817_drifting_night_0701.fil
Dec-0817_drifting_0701.fil
Dec-0817_drifting_0702.fil
Dec-0817_drifting_night_0702.fil
Dec-0817_drifting_night_0703.fil
Dec-0817_drifting_0703.fil
Dec-0817_drifting_0704.fil
Dec-0817_drifting_night_0704.fil
Dec-0817_drifting_night_0705.fil
Dec-0817_drifting_0705.fil
Dec-0817_drifting_0706.fil
Dec-0817_drifting_night_0706.fil
Dec-0817_drifting_night_0707.fil
Dec-0817_drifting_0707.fil
Dec-0817_drifting_0708.fil
Dec-0817_drifting_night_0708.fil
Dec-0817_drifting_night_0709.fil
Dec-0817_drifting_0709.fil
Dec-0817_drifting_night_0710.fil
Dec-0817_drifting_0710.fil
Dec-0817_drifting_0711.fil
Dec-0817_drifting_night_0711.fil
Dec-0817_drifting_night_0712.fil
Dec-0817_drifting_0712.fil
Dec-0817_drifting_0713.fil
Dec-0817_drifting_night_0714.fil
Dec-0817_drifting_night_0713.fil
Dec-0817_drifting_0715.fil
Dec-0817_drifting_0714.fil
Dec-0817_drifting_night_0715.fil
Dec-0817_drifting_night_0716.fil
Dec-0817_drifting_0716.fil
Dec-0817_drifting_0717.fil
Dec-0817_drifting_night_0717.fil
Dec-0817_drifting_night_0718.fil
Dec-0817_drifting_0718.fil
Dec-0817_drifting_0719.fil
Dec-0817_drifting_night_0719.fil
Dec-0817_drifting_0720.fil
Dec-0817_drifting_night_0720.fil
Dec-0817_drifting_night_0721.fil
Dec-0817_drifting_0721.fil
Dec-0817_drifting_0722.fil
Dec-0817_drifting_night_0722.fil
Dec-0817_drifting_night_0723.fil
Dec-0817_drifting_0723.fil
Dec-0817_drifting_0724.fil
Dec-0817_drifting_night_0724.fil
Dec-0817_drifting_night_0725.fil
Dec-0817_drifting_0725.fil
Dec-0817_drifting_0726.fil
Dec-0817_drifting_night_0726.fil
Dec-0817_drifting_night_0727.fil
Dec-0817_drifting_0727.fil
Dec-0817_drifting_0728.fil
Dec-0817_drifting_night_0728.fil
Dec-0817_drifting_night_0729.fil
Dec-0817_drifting_0729.fil
Dec-0817_drifting_night_0730.fil
Dec-0817_drifting_0730.fil
Dec-0817_drifting_0731.fil
Dec-0817_drifting_night_0731.fil
Dec-0817_drifting_night_0732.fil
Dec-0817_drifting_0732.fil
Dec-0817_drifting_0733.fil
Dec-0817_drifting_night_0733.fil
Dec-0817_drifting_night_0734.fil
Dec-0817_drifting_0734.fil
Dec-0817_drifting_0735.fil
Dec-0817_drifting_night_0735.fil
Dec-0817_drifting_night_0736.fil
Dec-0817_drifting_0736.fil
Dec-0817_drifting_0737.fil
Dec-0817_drifting_night_0737.fil
Dec-0817_drifting_night_0738.fil
Dec-0817_drifting_0738.fil
Dec-0817_drifting_0739.fil
Dec-0817_drifting_night_0739.fil
Dec-0817_drifting_0740.fil
Dec-0817_drifting_night_0740.fil
Dec-0817_drifting_night_0741.fil
Dec-0817_drifting_0741.fil
Dec-0817_drifting_0742.fil
Dec-0817_drifting_night_0742.fil
Dec-0817_drifting_night_0743.fil
Dec-0817_drifting_0743.fil
Dec-0817_drifting_0744.fil
Dec-0817_drifting_night_0744.fil
Dec-0817_drifting_night_0745.fil
Dec-0817_drifting_0745.fil
Dec-0817_drifting_0746.fil
Dec-0817_drifting_night_0746.fil
Dec-0817_drifting_night_0747.fil
Dec-0817_drifting_0747.fil
Dec-0817_drifting_0748.fil
Dec-0817_drifting_night_0748.fil
Dec-0817_drifting_night_0749.fil
Dec-0817_drifting_0749.fil
Dec-0817_drifting_night_0750.fil
Dec-0817_drifting_0750.fil
Dec-0817_drifting_0751.fil
Dec-0817_drifting_night_0752.fil
Dec-0817_drifting_night_0751.fil
Dec-0817_drifting_0753.fil
Dec-0817_drifting_0752.fil
Dec-0817_drifting_night_0754.fil
Dec-0817_drifting_night_0753.fil
Dec-0817_drifting_0755.fil
Dec-0817_drifting_0754.fil
Dec-0817_drifting_night_0756.fil
Dec-0817_drifting_night_0755.fil
Dec-0817_drifting_0757.fil
Dec-0817_drifting_0756.fil
Dec-0817_drifting_0759.fil
Dec-0817_drifting_0758.fil
Dec-0817_drifting_0761.fil
Dec-0817_drifting_0760.fil
Dec-0817_drifting_0763.fil
Dec-0817_drifting_0762.fil
Dec-0817_drifting_0765.fil
Dec-0817_drifting_0764.fil
Dec-0817_drifting_0767.fil
Dec-0817_drifting_0766.fil
Dec-0817_drifting_0769.fil
Dec-0817_drifting_0768.fil
Dec-0817_drifting_0771.fil
Dec-0817_drifting_0770.fil
Dec-0817_drifting_0773.fil
Dec-0817_drifting_0772.fil
Dec-0817_drifting_0775.fil
Dec-0817_drifting_0774.fil
Dec-0817_drifting_0777.fil
Dec-0817_drifting_0776.fil
Dec-0817_drifting_0779.fil
Dec-0817_drifting_0778.fil
Dec-0817_drifting_0780.fil
Dec-0817_drifting_0781.fil
Dec-0817_drifting_0782.fil
Dec-0817_drifting_0783.fil
Dec-0817_drifting_0784.fil
Dec-0817_drifting_0785.fil
Dec-0817_drifting_0786.fil
Dec-0817_drifting_0787.fil
Dec-0817_drifting_0788.fil
Dec-0817_drifting_0789.fil
Dec-0817_drifting_0790.fil
Dec-0817_drifting_0791.fil
Dec-0817_drifting_0792.fil
Dec-0817_drifting_0793.fil
Dec-0817_drifting_0794.fil
Dec-0817_drifting_0795.fil
Dec-0817_drifting_0796.fil
Dec-0817_drifting_0797.fil
Dec-0817_drifting_0798.fil
Dec-0817_drifting_0799.fil
Dec-0817_drifting_0800.fil
Dec-0817_drifting_0801.fil
Dec-0817_drifting_0802.fil
Dec-0817_drifting_0803.fil
Dec-0817_drifting_0804.fil
Dec-0817_drifting_0805.fil
Dec-0817_drifting_0806.fil
Dec-0817_drifting_0807.fil
Dec-0817_drifting_0808.fil
Dec-0817_drifting_0809.fil
Dec-0817_drifting_0810.fil
Dec-0817_drifting_0811.fil
Dec-0817_drifting_0812.fil
Dec-0817_drifting_0813.fil
Dec-0817_drifting_0814.fil
Dec-0817_drifting_0815.fil
Dec-0817_drifting_0816.fil
Dec-0817_drifting_0817.fil
Dec-0817_drifting_0818.fil
Dec-0817_drifting_0819.fil
Dec-0817_drifting_0820.fil
Dec-0817_drifting_0821.fil
Dec-0817_drifting_0822.fil
Dec-0817_drifting_0823.fil
Dec-0817_drifting_0824.fil
Dec-0817_drifting_0825.fil
Dec-0817_drifting_0826.fil
Dec-0817_drifting_0827.fil
Dec-0817_drifting_0828.fil
Dec-0817_drifting_0829.fil
Dec-0817_drifting_0830.fil
Dec-0817_drifting_0831.fil
Dec-0817_drifting_0832.fil
Dec-0817_drifting_0834.fil
Dec-0817_drifting_0833.fil
Dec-0817_drifting_0836.fil
Dec-0817_drifting_0835.fil
Dec-0817_drifting_0838.fil
Dec-0817_drifting_0837.fil
Dec-0817_drifting_0840.fil
Dec-0817_drifting_0839.fil
Dec-0817_drifting_0842.fil
Dec-0817_drifting_0841.fil
Dec-0817_drifting_0844.fil
Dec-0817_drifting_0843.fil
Dec-0817_drifting_0846.fil
Dec-0817_drifting_0845.fil
Dec-0817_drifting_0848.fil
Dec-0817_drifting_0847.fil
Dec-0817_drifting_0850.fil
Dec-0817_drifting_0849.fil
Dec-0817_drifting_0852.fil
Dec-0817_drifting_0851.fil
Dec-0817_drifting_0854.fil
Dec-0817_drifting_0853.fil
Dec-0817_drifting_0856.fil
Dec-0817_drifting_0855.fil
Dec-0817_drifting_0858.fil
Dec-0817_drifting_0857.fil
Dec-0817_drifting_0860.fil
Dec-0817_drifting_0859.fil
Dec-0817_drifting_0862.fil
Dec-0817_drifting_0861.fil
Dec-0817_drifting_0864.fil
Dec-0817_drifting_0863.fil
Dec-0817_drifting_0866.fil
Dec-0817_drifting_0865.fil
Dec-0817_drifting_0868.fil
Dec-0817_drifting_0867.fil
Dec-0817_drifting_0870.fil
Dec-0817_drifting_0869.fil
Dec-0817_drifting_0872.fil
Dec-0817_drifting_0871.fil
Dec-0817_drifting_0874.fil
Dec-0817_drifting_0873.fil
Dec-0817_drifting_0876.fil
Dec-0817_drifting_0875.fil
Dec-0817_drifting_0878.fil
Dec-0817_drifting_0877.fil
Dec-0817_drifting_0880.fil
Dec-0817_drifting_0879.fil
Dec-0817_drifting_0882.fil
Dec-0817_drifting_0881.fil
Dec-0817_drifting_0884.fil
Dec-0817_drifting_0883.fil
Dec-0817_drifting_0886.fil
Dec-0817_drifting_0885.fil
Dec-0817_drifting_0888.fil
Dec-0817_drifting_0887.fil
Dec-0817_drifting_0890.fil
Dec-0817_drifting_0889.fil
Dec-0817_drifting_0892.fil
Dec-0817_drifting_0891.fil
Dec-0817_drifting_0894.fil
Dec-0817_drifting_0896.fil
Dec-0817_drifting_0893.fil
Dec-0817_drifting_0898.fil
Dec-0817_drifting_0895.fil
Dec-0817_drifting_0900.fil
Dec-0817_drifting_0897.fil
Dec-0817_drifting_0902.fil
Dec-0817_drifting_0899.fil
Dec-0817_drifting_0904.fil
Dec-0817_drifting_0901.fil
Dec-0817_drifting_0906.fil
Dec-0817_drifting_0903.fil
Dec-0817_drifting_0908.fil
Dec-0817_drifting_0905.fil
Dec-0817_drifting_0910.fil
Dec-0817_drifting_0907.fil
Dec-0817_drifting_0912.fil
Dec-0817_drifting_0909.fil
Dec-0817_drifting_0914.fil
Dec-0817_drifting_0911.fil
Dec-0817_drifting_0916.fil
Dec-0817_drifting_0913.fil
Dec-0817_drifting_0918.fil
Dec-0817_drifting_0915.fil
Dec-0817_drifting_0920.fil
Dec-0817_drifting_0917.fil
Dec-0817_drifting_0922.fil
Dec-0817_drifting_0919.fil
Dec-0817_drifting_0924.fil
Dec-0817_drifting_0921.fil
Dec-0817_drifting_0926.fil
Dec-0817_drifting_0928.fil
Dec-0817_drifting_0923.fil
Dec-0817_drifting_0930.fil
Dec-0817_drifting_0925.fil
Dec-0817_drifting_0932.fil
Dec-0817_drifting_0927.fil
Dec-0817_drifting_0934.fil
Dec-0817_drifting_0929.fil
Dec-0817_drifting_0936.fil
Dec-0817_drifting_0931.fil
Dec-0817_drifting_0938.fil
Dec-0817_drifting_0933.fil
Dec-0817_drifting_0940.fil
Dec-0817_drifting_0935.fil
Dec-0817_drifting_0942.fil
Dec-0817_drifting_0937.fil
Dec-0817_drifting_0944.fil
Dec-0817_drifting_0939.fil
Dec-0817_drifting_0946.fil
Dec-0817_drifting_0941.fil
Dec-0817_drifting_0948.fil
Dec-0817_drifting_0943.fil
Dec-0817_drifting_0950.fil
Dec-0817_drifting_0945.fil
Dec-0817_drifting_0952.fil
Dec-0817_drifting_0947.fil
Dec-0817_drifting_0954.fil
Dec-0817_drifting_0949.fil
Dec-0817_drifting_0956.fil
Dec-0817_drifting_0951.fil
Dec-0817_drifting_0958.fil
Dec-0817_drifting_0953.fil
Dec-0817_drifting_0960.fil
Dec-0817_drifting_0955.fil
Dec-0817_drifting_0962.fil
Dec-0817_drifting_0957.fil
Dec-0817_drifting_0964.fil
Dec-0817_drifting_0959.fil
Dec-0817_drifting_0966.fil
Dec-0817_drifting_0961.fil
Dec-0817_drifting_0968.fil
Dec-0817_drifting_0963.fil
Dec-0817_drifting_0970.fil
Dec-0817_drifting_0965.fil
Dec-0817_drifting_0972.fil
Dec-0817_drifting_0967.fil
Dec-0817_drifting_0974.fil
Dec-0817_drifting_0969.fil
Dec-0817_drifting_0976.fil
Dec-0817_drifting_0971.fil
Dec-0817_drifting_0978.fil
Dec-0817_drifting_0973.fil
Dec-0817_drifting_0980.fil
Dec-0817_drifting_0975.fil
Dec-0817_drifting_0982.fil
Dec-0817_drifting_0977.fil
Dec-0817_drifting_0984.fil
Dec-0817_drifting_0979.fil
Dec-0817_drifting_0986.fil
Dec-0817_drifting_0981.fil
Dec-0817_drifting_0988.fil
Dec-0817_drifting_0983.fil
Dec-0817_drifting_0990.fil
Dec-0817_drifting_0985.fil
Dec-0817_drifting_0992.fil
Dec-0817_drifting_0987.fil
Dec-0817_drifting_0994.fil
Dec-0817_drifting_0989.fil
Dec-0817_drifting_0996.fil
Dec-0817_drifting_0991.fil
Dec-0817_drifting_0998.fil
Dec-0817_drifting_0993.fil
Dec-0817_drifting_1000.fil
Dec-0817_drifting_0995.fil
Dec-0817_drifting_1002.fil
Dec-0817_drifting_0997.fil
Dec-0817_drifting_1004.fil
Dec-0817_drifting_0999.fil
Dec-0817_drifting_1006.fil
Dec-0817_drifting_1001.fil
Dec-0817_drifting_1008.fil
Dec-0817_drifting_1003.fil
Dec-0817_drifting_1010.fil
Dec-0817_drifting_1005.fil
Dec-0817_drifting_1012.fil
Dec-0817_drifting_1007.fil
Dec-0817_drifting_1014.fil
Dec-0817_drifting_1009.fil
Dec-0817_drifting_1016.fil
Dec-0817_drifting_1011.fil
Dec-0817_drifting_1018.fil
Dec-0817_drifting_1013.fil
Dec-0817_drifting_1020.fil
Dec-0817_drifting_1015.fil
Dec-0817_drifting_1022.fil
Dec-0817_drifting_1017.fil
Dec-0817_drifting_1024.fil
Dec-0817_drifting_1019.fil
Dec-0817_drifting_1026.fil
Dec-0817_drifting_1021.fil
Dec-0817_drifting_1028.fil
Dec-0817_drifting_1023.fil
Dec-0817_drifting_1030.fil
Dec-0817_drifting_1025.fil
Dec-0817_drifting_1032.fil
Dec-0817_drifting_1027.fil
Dec-0817_drifting_1034.fil
Dec-0817_drifting_1029.fil
Dec-0817_drifting_1031.fil
Dec-0817_drifting_1036.fil
Dec-0817_drifting_1033.fil
Dec-0817_drifting_1038.fil
Dec-0817_drifting_1035.fil
Dec-0817_drifting_1040.fil
Dec-0817_drifting_1037.fil
Dec-0817_drifting_1042.fil
Dec-0817_drifting_1039.fil
Dec-0817_drifting_1044.fil
Dec-0817_drifting_1041.fil
Dec-0817_drifting_1046.fil
Dec-0817_drifting_1043.fil
Done!

Dec-0817_drifting_1045.fil
Dec-0817_drifting_1047.fil
Done!

